   Compiling transport v0.1.0 (/Users/ianreitsma/projects/the-block/crates/transport)
   Compiling indexer v0.1.0 (/Users/ianreitsma/projects/the-block/tools/indexer)
   Compiling legacy_manifest v0.1.0 (/Users/ianreitsma/projects/the-block/tools/legacy_manifest)
   Compiling provenance-verify v0.1.0 (/Users/ianreitsma/projects/the-block/tools/provenance_verify)
   Compiling installer v0.1.0 (/Users/ianreitsma/projects/the-block/tools/installer)
   Compiling auto-profile v0.1.0 (/Users/ianreitsma/projects/the-block/tools/auto-profile)
   Compiling log-indexer-cli v0.1.0 (/Users/ianreitsma/projects/the-block/tools/log_indexer_cli)
   Compiling remote-signer v0.1.0 (/Users/ianreitsma/projects/the-block/tools/remote-signer)
   Compiling dual-key-migrate v0.1.0 (/Users/ianreitsma/projects/the-block/tools/dual-key-migrate)
   Compiling storage_migrate v0.1.0 (/Users/ianreitsma/projects/the-block/tools/storage_migrate)
   Compiling gov-graph v0.1.0 (/Users/ianreitsma/projects/the-block/tools/gov_graph)
   Compiling bench-harness v0.1.0 (/Users/ianreitsma/projects/the-block/tools/bench-harness)
   Compiling tb-debugger v0.1.0 (/Users/ianreitsma/projects/the-block/tools/debugger)
   Compiling foundation_qrcode v0.1.0 (/Users/ianreitsma/projects/the-block/crates/foundation_qrcode)
   Compiling pqcrypto-kyber v0.1.0 (/Users/ianreitsma/projects/the-block/crates/pqcrypto_kyber)
   Compiling privacy v0.1.0 (/Users/ianreitsma/projects/the-block/privacy)
   Compiling python_bridge v0.1.0 (/Users/ianreitsma/projects/the-block/crates/python_bridge)
   Compiling python_bridge_macros v0.1.0 (/Users/ianreitsma/projects/the-block/crates/python_bridge_macros)
   Compiling foundation_windows v0.1.0 (/Users/ianreitsma/projects/the-block/crates/foundation_windows)
   Compiling release_tests v0.1.0 (/Users/ianreitsma/projects/the-block/tools/release_tests)
   Compiling release_notes v0.1.0 (/Users/ianreitsma/projects/the-block/tools/release_notes)
   Compiling dependency_registry v0.1.0 (/Users/ianreitsma/projects/the-block/tools/dependency_registry)
   Compiling xtask v0.1.0 (/Users/ianreitsma/projects/the-block/tools/xtask)
   Compiling the-block-fuzz v0.0.0 (/Users/ianreitsma/projects/the-block/fuzz)
   Compiling metrics-aggregator v0.1.0 (/Users/ianreitsma/projects/the-block/metrics-aggregator)
   Compiling contract-cli v0.1.0 (/Users/ianreitsma/projects/the-block/cli)
   Compiling tb-sim v0.1.0 (/Users/ianreitsma/projects/the-block/sim)
   Compiling monitoring-build v0.1.0 (/Users/ianreitsma/projects/the-block/monitoring)
   Compiling explorer v0.1.0 (/Users/ianreitsma/projects/the-block/explorer)
   Compiling the_block v0.1.0 (/Users/ianreitsma/projects/the-block/node)
   Compiling testkit v0.1.0 (/Users/ianreitsma/projects/the-block/crates/testkit)
   Compiling dex v0.1.0 (/Users/ianreitsma/projects/the-block/dex)
   Compiling ad_market v0.1.0 (/Users/ianreitsma/projects/the-block/crates/ad_market)
   Compiling wallet v0.1.0 (/Users/ianreitsma/projects/the-block/crates/wallet)
   Compiling crypto_suite v0.1.0 (/Users/ianreitsma/projects/the-block/crates/crypto_suite)
   Compiling storage v0.1.0 (/Users/ianreitsma/projects/the-block/storage)
   Compiling gateway-fuzz v0.0.0 (/Users/ianreitsma/projects/the-block/gateway/fuzz)
warning: unused import: `the_block::storage::settings`
 --> storage/tests/repair.rs:5:5
  |
5 | use the_block::storage::settings;
  |     ^^^^^^^^^^^^^^^^^^^^^^^^^^^^
  |
  = note: `#[warn(unused_imports)]` on by default

warning: `storage` (test "repair") generated 1 warning (run `cargo fix --test "repair"` to apply 1 suggestion)
   Compiling dkg v0.1.0 (/Users/ianreitsma/projects/the-block/dkg)
   Compiling mock-energy-oracle v0.1.0 (/Users/ianreitsma/projects/the-block/services/mock-energy-oracle)
   Compiling jurisdiction v0.1.0 (/Users/ianreitsma/projects/the-block/crates/jurisdiction)
   Compiling storage_market v0.1.0 (/Users/ianreitsma/projects/the-block/storage_market)
   Compiling net-fuzz v0.0.0 (/Users/ianreitsma/projects/the-block/net/fuzz)
   Compiling p2p_overlay v0.1.0 (/Users/ianreitsma/projects/the-block/crates/p2p_overlay)
   Compiling oracle-adapter v0.1.0 (/Users/ianreitsma/projects/the-block/crates/oracle-adapter)
   Compiling light-client v0.1.0 (/Users/ianreitsma/projects/the-block/crates/light-client)
   Compiling bridges v0.1.0 (/Users/ianreitsma/projects/the-block/bridges)
   Compiling governance v0.1.0 (/Users/ianreitsma/projects/the-block/governance)
   Compiling state v0.1.0 (/Users/ianreitsma/projects/the-block/state)
   Compiling log_index v0.1.0 (/Users/ianreitsma/projects/the-block/crates/log_index)
   Compiling coding v0.1.0 (/Users/ianreitsma/projects/the-block/crates/coding)
   Compiling ledger v0.1.0 (/Users/ianreitsma/projects/the-block/ledger)
   Compiling crypto v0.1.0 (/Users/ianreitsma/projects/the-block/crypto)
   Compiling probe v0.1.0 (/Users/ianreitsma/projects/the-block/crates/probe)
   Compiling foundation_rpc v0.1.0 (/Users/ianreitsma/projects/the-block/crates/foundation_rpc)
   Compiling httpd v0.1.0 (/Users/ianreitsma/projects/the-block/crates/httpd)
   Compiling http_env v0.1.0 (/Users/ianreitsma/projects/the-block/crates/http_env)
   Compiling foundation_object_store v0.1.0 (/Users/ianreitsma/projects/the-block/crates/foundation_object_store)
   Compiling cli_core v0.1.0 (/Users/ianreitsma/projects/the-block/crates/cli_core)
   Compiling sled v0.34.0 (/Users/ianreitsma/projects/the-block/sled)
   Compiling storage_engine v0.1.0 (/Users/ianreitsma/projects/the-block/crates/storage_engine)
   Compiling ai_diag v0.1.0 (/Users/ianreitsma/projects/the-block/tools/ai_diag)
   Compiling runtime v0.1.0 (/Users/ianreitsma/projects/the-block/crates/runtime)
   Compiling bridge-types v0.1.0 (/Users/ianreitsma/projects/the-block/crates/bridge-types)
   Compiling foundation_tls v0.1.0 (/Users/ianreitsma/projects/the-block/crates/foundation_tls)
   Compiling foundation_async v0.1.0 (/Users/ianreitsma/projects/the-block/crates/foundation_async)
   Compiling foundation_tui v0.1.0 (/Users/ianreitsma/projects/the-block/crates/foundation_tui)
   Compiling sys v0.1.0 (/Users/ianreitsma/projects/the-block/crates/sys)
   Compiling pqcrypto-dilithium v0.1.0 (/Users/ianreitsma/projects/the-block/crates/pqcrypto_dilithium)
   Compiling zkp v0.1.0 (/Users/ianreitsma/projects/the-block/crates/zkp)
   Compiling energy-market v0.1.0 (/Users/ianreitsma/projects/the-block/crates/energy-market)
   Compiling tls_warning v0.1.0 (/Users/ianreitsma/projects/the-block/crates/tls_warning)
   Compiling verifier_selection v0.1.0 (/Users/ianreitsma/projects/the-block/crates/verifier_selection)
   Compiling inflation v0.1.0 (/Users/ianreitsma/projects/the-block/inflation)
   Compiling foundation_bigint v0.1.0 (/Users/ianreitsma/projects/the-block/crates/foundation_bigint)
   Compiling rand v0.1.0 (/Users/ianreitsma/projects/the-block/crates/rand)
   Compiling diagnostics v0.1.0 (/Users/ianreitsma/projects/the-block/crates/diagnostics)
   Compiling codec v0.1.0 (/Users/ianreitsma/projects/the-block/crates/codec)
   Compiling thiserror v0.0.1 (/Users/ianreitsma/projects/the-block/crates/thiserror)
   Compiling foundation_serialization v0.1.0 (/Users/ianreitsma/projects/the-block/crates/foundation_serialization)
   Compiling foundation_telemetry v0.1.0 (/Users/ianreitsma/projects/the-block/crates/foundation_telemetry)
   Compiling foundation_sqlite v0.1.0 (/Users/ianreitsma/projects/the-block/crates/foundation_sqlite)
   Compiling foundation_serde v0.1.0 (/Users/ianreitsma/projects/the-block/crates/foundation_serde)
   Compiling concurrency v0.1.0 (/Users/ianreitsma/projects/the-block/crates/concurrency)
   Compiling foundation_serde_derive v0.1.0 (/Users/ianreitsma/projects/the-block/crates/foundation_serde_derive)
   Compiling dependency_guard v0.1.0 (/Users/ianreitsma/projects/the-block/crates/dependency_guard)
   Compiling foundation_fuzz v0.1.0 (/Users/ianreitsma/projects/the-block/crates/foundation_fuzz)
   Compiling foundation_archive v0.1.0 (/Users/ianreitsma/projects/the-block/crates/foundation_archive)
   Compiling foundation_unicode v0.1.0 (/Users/ianreitsma/projects/the-block/crates/foundation_unicode)
   Compiling foundation_regex v0.1.0 (/Users/ianreitsma/projects/the-block/crates/foundation_regex)
   Compiling base64_fp v0.1.0 (/Users/ianreitsma/projects/the-block/crates/base64_fp)
   Compiling foundation_math v0.1.0 (/Users/ianreitsma/projects/the-block/crates/foundation_math)
   Compiling foundation_lazy v0.1.0 (/Users/ianreitsma/projects/the-block/crates/foundation_lazy)
   Compiling rand_core v0.1.0 (/Users/ianreitsma/projects/the-block/crates/rand_core)
   Compiling foundation_time v0.1.0 (/Users/ianreitsma/projects/the-block/crates/foundation_time)
   Compiling histogram_fp v0.1.0 (/Users/ianreitsma/projects/the-block/crates/histogram_fp)
   Compiling foundation_metrics v0.1.0 (/Users/ianreitsma/projects/the-block/crates/foundation_metrics)
   Compiling foundation_profiler v0.1.0 (/Users/ianreitsma/projects/the-block/crates/foundation_profiler)
   Compiling testkit_macros v0.1.0 (/Users/ianreitsma/projects/the-block/crates/testkit_macros)
    Finished `test` profile [unoptimized + debuginfo] target(s) in 3m 30s
     Running unittests src/lib.rs (target/debug/deps/ad_market-3a6cf6d3abdbc4e4)

running 37 tests
test attestation::tests::attestation_metrics_recorded_under_load ... ok
test attestation::tests::committee_guard_accepts_valid_receipt ... ok
test attestation::tests::committee_guard_rejects_missing_committee ... ok
test attestation::tests::committee_guard_rejects_missing_snapshot_when_threshold_enabled ... ok
test attestation::tests::committee_rejections_increment_metrics ... ok
test attestation::tests::validate_receipt_accepts_valid_metadata ... ok
test attestation::tests::validate_receipt_rejects_metadata_commitment_mismatch ... ok
test attestation::tests::validate_receipt_rejects_metadata_digest_mismatch ... ok
test badge::ann::tests::build_and_verify_round_trip ... ok
test badge::ann::tests::entropy_salt_changes_ciphertext ... ok
test badge::ann::tests::verify_rejects_tampered_proof ... ok
test badge::ann::tests::wallet_entropy_influences_ciphertext_and_iv ... ok
test badge::tests::accepts_valid_soft_intent_proof ... ok
test badge::tests::allows_without_soft_intent_requirement ... ok
test badge::tests::blocks_when_soft_intent_missing ... ok
test badge::tests::rejects_invalid_soft_intent_proof ... ok
test budget::tests::budget_metrics_recorded_under_load ... ok
test budget::tests::merge_budget_snapshots_preserves_previous_entries ... ok
test budget::tests::pacing_delta_tracks_partial_updates ... ok
test budget::tests::snapshot_round_trips_budget_state ... ok
test tests::adaptive_pricing_increases_under_excess_demand ... [INFO] ad_market -- ad_reservation_commit campaign=cmp creative=creative-cmp channel=http clearing_price=60400 mesh_bytes=0 mesh_digest=none (crates/ad_market/src/lib.rs:4558::ad_market)
[INFO] ad_market -- ad_reservation_commit campaign=cmp creative=creative-cmp channel=http clearing_price=61689 mesh_bytes=0 mesh_digest=none (crates/ad_market/src/lib.rs:4558::ad_market)
[INFO] ad_market -- ad_reservation_commit campaign=cmp creative=creative-cmp channel=http clearing_price=63060 mesh_bytes=0 mesh_digest=none (crates/ad_market/src/lib.rs:4558::ad_market)
[INFO] ad_market -- ad_reservation_commit campaign=cmp creative=creative-cmp channel=http clearing_price=64514 mesh_bytes=0 mesh_digest=none (crates/ad_market/src/lib.rs:4558::ad_market)
[INFO] ad_market -- ad_reservation_commit campaign=cmp creative=creative-cmp channel=http clearing_price=66053 mesh_bytes=0 mesh_digest=none (crates/ad_market/src/lib.rs:4558::ad_market)
[INFO] ad_market -- ad_reservation_commit campaign=cmp creative=creative-cmp channel=http clearing_price=67679 mesh_bytes=0 mesh_digest=none (crates/ad_market/src/lib.rs:4558::ad_market)
[INFO] ad_market -- ad_reservation_commit campaign=cmp creative=creative-cmp channel=http clearing_price=69393 mesh_bytes=0 mesh_digest=none (crates/ad_market/src/lib.rs:4558::ad_market)
ok
test tests::cancel_releases_pending_budget ... ok
test tests::dual_token_flag_prevents_it_conversions_when_disabled ... ok
test tests::in_memory_reserve_and_commit ... [INFO] ad_market -- ad_reservation_commit campaign=cmp creative=creative-cmp channel=http clearing_price=1010400 mesh_bytes=0 mesh_digest=none (crates/ad_market/src/lib.rs:4558::ad_market)
ok
test tests::liquidity_split_controls_dual_token_liquidity ... [INFO] ad_market -- ad_reservation_commit campaign=cmp creative=creative-cmp channel=http clearing_price=810400 mesh_bytes=0 mesh_digest=none (crates/ad_market/src/lib.rs:4558::ad_market)
[INFO] ad_market -- ad_reservation_commit campaign=cmp creative=creative-cmp channel=http clearing_price=810400 mesh_bytes=0 mesh_digest=none (crates/ad_market/src/lib.rs:4558::ad_market)
[INFO] ad_market -- ad_reservation_commit campaign=cmp creative=creative-cmp channel=http clearing_price=810400 mesh_bytes=0 mesh_digest=none (crates/ad_market/src/lib.rs:4558::ad_market)
ok
test tests::liquidity_split_rounding_does_not_double_count ... ok
test tests::record_conversion_updates_treatment_bucket ... ok
test tests::reservations_are_atomic ... ok
test tests::selection_receipt_validation_accepts_snark_attestation ... ok
test tests::selection_receipt_validation_passes_for_consistent_receipt ... ok
test tests::selection_receipt_validation_rejects_breakdown_underflow ... ok
test tests::selection_receipt_validation_rejects_proof_bytes_digest_mismatch ... ok
test tests::selection_receipt_validation_rejects_runner_up_mismatch ... ok
test tests::selection_receipt_validation_rejects_verifying_key_mismatch ... ok
test tests::sled_marketplace_cost_medians_persist_across_reopen ... ok
test tests::sled_persists_campaigns ... ok
test tests::sled_record_conversion_persists_snapshot ... ok

test result: ok. 37 passed; 0 failed; 0 ignored; 0 measured; 0 filtered out; finished in 37.13s

     Running unittests src/main.rs (target/debug/deps/ai_diag-b1250d431669b59b)

running 3 tests
test tests::errors_on_invalid_numbers ... ok
test tests::errors_when_field_missing ... ok
test tests::parses_with_whitespace ... ok

test result: ok. 3 passed; 0 failed; 0 ignored; 0 measured; 0 filtered out; finished in 0.00s

     Running unittests src/main.rs (target/debug/deps/auto_profile-1671a365a6531775)

running 0 tests

test result: ok. 0 passed; 0 failed; 0 ignored; 0 measured; 0 filtered out; finished in 0.00s

     Running unittests src/lib.rs (target/debug/deps/base64_fp-835deabe5690d33a)

running 5 tests
test tests::decode_rejects_bad_padding ... ok
test tests::decode_rejects_invalid_char ... ok
test tests::decode_rejects_length ... ok
test tests::roundtrip_standard ... ok
test tests::roundtrip_url_no_pad ... ok

test result: ok. 5 passed; 0 failed; 0 ignored; 0 measured; 0 filtered out; finished in 0.00s

     Running unittests src/main.rs (target/debug/deps/bench_harness-da24d9f8d197f2cf)

running 6 tests
test tests::detects_regression ... ok
test tests::metrics_from_value_missing_field ... ok
test tests::metrics_from_value_rejects_non_number ... ok
test tests::metrics_from_value_rejects_non_object ... ok
test tests::metrics_to_value_rejects_non_finite ... ok
test tests::metrics_to_value_round_trip ... ok

test result: ok. 6 passed; 0 failed; 0 ignored; 0 measured; 0 filtered out; finished in 0.00s

     Running unittests src/lib.rs (target/debug/deps/bridge_types-371ef42fe8e95179)

running 3 tests
test tests::roundtrip_duty_record ... ok
test tests::settlement_duty_serialization ... ok
test tests::settlement_proof_digest_orders_relayers ... ok

test result: ok. 3 passed; 0 failed; 0 ignored; 0 measured; 0 filtered out; finished in 0.00s

     Running unittests src/lib.rs (target/debug/deps/bridges-5214ad95e1e20f98)

running 0 tests

test result: ok. 0 passed; 0 failed; 0 ignored; 0 measured; 0 filtered out; finished in 0.00s

     Running tests/adversarial.rs (target/debug/deps/adversarial-6f41773081ef0f6c)

running 3 tests
test challenge_reverts_pending_withdrawal ... ok
test finalize_respects_challenge_window ... ok
test malformed_proof_triggers_slash ... ok

test result: ok. 3 passed; 0 failed; 0 ignored; 0 measured; 0 filtered out; finished in 0.00s

     Running tests/header_persistence.rs (target/debug/deps/header_persistence-b6a608de1b6c1d5f)

running 1 test
test persists_and_loads_headers ... ok

test result: ok. 1 passed; 0 failed; 0 ignored; 0 measured; 0 filtered out; finished in 0.00s

     Running tests/htlc.rs (target/debug/deps/htlc-cbd1dc5124cdbafd)

running 1 test
test detects_valid_htlc_scripts ... ok

test result: ok. 1 passed; 0 failed; 0 ignored; 0 measured; 0 filtered out; finished in 0.00s

     Running tests/relayer_incentives.rs (target/debug/deps/relayer_incentives-9f51dddb51c1fefb)

running 1 test
test slashes_invalid_relayer ... ok

test result: ok. 1 passed; 0 failed; 0 ignored; 0 measured; 0 filtered out; finished in 0.00s

     Running tests/token_bridge_supply.rs (target/debug/deps/token_bridge_supply-c120378f55c0f807)

running 2 tests
test asset_snapshots_include_unregistered_tokens_after_activity ... ok
test supply_bookkeeping_updates_on_lock_and_withdrawal ... ok

test result: ok. 2 passed; 0 failed; 0 ignored; 0 measured; 0 filtered out; finished in 0.00s

     Running tests/verified_deposit.rs (target/debug/deps/verified_deposit-f801e453adbbefd9)

running 3 tests
test deposit_invalid_proof ... ok
test deposit_replay_fails ... ok
test deposit_valid_proof ... ok

test result: ok. 3 passed; 0 failed; 0 ignored; 0 measured; 0 filtered out; finished in 0.00s

     Running unittests src/lib.rs (target/debug/deps/cli_core-aa7fea1231b598de)

running 0 tests

test result: ok. 0 passed; 0 failed; 0 ignored; 0 measured; 0 filtered out; finished in 0.00s

     Running tests/parser.rs (target/debug/deps/parser-3f6b257ae53301fe)

running 6 tests
test applies_defaults ... ok
test config_reader_iterates_entries ... ok
test parses_flags_and_options ... ok
test parses_subcommand ... ok
test rejects_unknown_options ... ok
test reports_help_requests ... ok

test result: ok. 6 passed; 0 failed; 0 ignored; 0 measured; 0 filtered out; finished in 0.00s

     Running unittests src/lib.rs (target/debug/deps/codec-6c910c0a2cb8b91b)

running 8 tests
test inhouse::tests::binary_roundtrip ... ok
test inhouse::tests::json_render ... ok
test tests::binary_roundtrip ... ok
test tests::binary_roundtrip_uses_named_profile ... ok
test tests::corrupted_payloads_return_errors ... ok
test tests::json_roundtrip ... ok
test tests::json_string_roundtrip_helpers ... ok
test tests::unsupported_text_codec_errors ... ok

test result: ok. 8 passed; 0 failed; 0 ignored; 0 measured; 0 filtered out; finished in 0.00s

     Running unittests src/lib.rs (target/debug/deps/coding-b005ee76abe22a36)

running 18 tests
test compression::inhouse::tests::detect_truncated_payload ... ok
test compression::inhouse::tests::round_trip_random ... ok
test compression::inhouse::tests::round_trip_small ... ok
test compression::inhouse::tests::streaming_round_trip ... ok
test encrypt::inhouse::tests::rfc_vector ... ok
test encrypt::inhouse::tests::round_trip ... ok
test encrypt::inhouse::tests::tamper_detected ... ok
test erasure::inhouse::tests::encode_and_reconstruct_roundtrip ... ok
test erasure::inhouse::tests::generator_is_systematic ... ok
test primitives::tests::blake3_matches_reference ... ok
test primitives::tests::fft_rounds_trip_impulse ... ok
test primitives::tests::secure_bytes_are_generated ... ok
test primitives::tests::sha256_matches_reference ... ok
test tests::encrypt_round_trip ... ok
test tests::hybrid_compression_reduces_size ... ok
test tests::reed_solomon_recovers_missing_shards ... ok
test tests::rle_compression_round_trip ... ok
test tests::xor_coder_recovers_single_missing_shard ... ok

test result: ok. 18 passed; 0 failed; 0 ignored; 0 measured; 0 filtered out; finished in 0.04s

     Running tests/inhouse_props.rs (target/debug/deps/inhouse_props-67b6e65e7e1c1810)

running 10 tests
test encrypt_detects_single_bit_flips ... ok
test encrypt_round_trip_random_inputs ... ok
test fountain_handles_large_payload_chunks ... ok
test fountain_recovers_after_packet_loss ... ok
test fountain_survives_systematic_data_losses ... ok
test hybrid_compressor_handles_entropy_spectrum ... ok
test hybrid_preserves_low_entropy_data ... ok
test reed_solomon_recovers_varied_losses ... ok
test xchacha_detects_tampering ... ok
test xchacha_round_trip_random_inputs ... ok

test result: ok. 10 passed; 0 failed; 0 ignored; 0 measured; 0 filtered out; finished in 0.81s

     Running unittests src/lib.rs (target/debug/deps/concurrency-6238038547b339c0)

running 11 tests
test bytes::tests::bytes_clone_and_slice_share_allocation ... ok
test bytes::tests::bytes_into_vec_reuses_allocation ... ok
test bytes::tests::bytes_mut_split_and_freeze ... ok
test cache::lru::tests::evicts_least_recently_used ... ok
test cache::lru::tests::maintains_order_on_get ... ok
test cache::lru::tests::pop_and_pop_lru_return_values ... ok
test collections::tests::entry_api_inserts_and_updates ... ok
test collections::tests::preserves_insertion_order ... ok
test collections::tests::shift_remove_preserves_order ... ok
test collections::tests::swap_remove_keeps_consistent_indices ... ok
test filters::xor8::tests::builds_and_queries_filter ... ok

test result: ok. 11 passed; 0 failed; 0 ignored; 0 measured; 0 filtered out; finished in 0.00s

     Running unittests src/lib.rs (target/debug/deps/contract_cli-cd768eb6bec19408)

running 29 tests
test remediation::tests::apply_filters_selects_matching_actions_and_dispatches ... ok
test remediation::tests::render_json_filters_include_spool_artifacts ... ok
test remediation::tests::render_json_report_emits_machine_readable_summary ... ok
test remediation::tests::render_report_includes_retry_and_dispatch_history ... ok
test tls::tests::certificate_entry_omits_not_after_when_absent ... ok
test tls::tests::format_duration_compacts_units ... ok
test tls::tests::generate_status_suggestions_prompts_for_latest_when_missing ... ok
test tls::tests::looks_like_json_detects_objects ... ok
test tls::tests::parse_certificate_json_round_trips ... ok
test tls::tests::parse_private_key_json_round_trips ... ok
test tls::tests::pem_chain_prefers_first_ed25519_entry ... ok
test tls::tests::pem_chain_skips_non_ed25519_entries ... ok
test tls::tests::render_status_report_marks_stale_entries ... ok
test tls::tests::service_target_builds_default_env_prefix ... ok
test tls::tests::service_target_respects_env_prefix_override ... ok
test tls::tests::stage_tls_handles_optional_client_auth ... ok
test tls::tests::stage_tls_missing_required_anchor_errors ... ok
test tls::tests::stage_tls_round_trips_into_loader ... ok
test tls::tests::status_serialization_omits_optional_snapshots_field ... ok
test tls::tests::tls_snapshot_deserializer_ignores_unknown_fields ... ok
test tls::tests::tls_status_report_round_trips_through_json ... ok
test tls::tests::unsupported_certificate_reports_algorithm ... ok
test tls::tests::unsupported_private_key_reports_algorithm ... ok
test wallet::tests::preview_json_serializes_confirmation_without_payload ... ok
test wallet::tests::preview_ready_payload_assigns_lane_amounts ... ok
test wallet::tests::preview_requires_prompt_error_when_flags_absent ... ok
test wallet::tests::preview_signer_metadata_marks_ephemeral_source ... ok
test wallet::tests::preview_signer_metadata_marks_session_source ... ok
test wasm::tests::encodes_metadata_summary ... ok

test result: ok. 29 passed; 0 failed; 0 ignored; 0 measured; 0 filtered out; finished in 56.52s

     Running unittests src/main.rs (target/debug/deps/contract_cli-6287645965c4c661)

running 50 tests
test fee_estimator::tests::median_updates ... ok
test inhouse::tests::logs_search_invalid_block_reports_error ... ok
test inhouse::tests::missing_subcommand_errors ... ok
test inhouse::tests::parses_config_reload_custom_url ... ok
test inhouse::tests::parses_config_reload_default ... ok
test inhouse::tests::parses_config_show_defaults ... ok
test inhouse::tests::parses_config_show_with_options ... ok
test inhouse::tests::parses_logs_correlate_metric_defaults ... ok
test inhouse::tests::parses_logs_rotate_key ... ok
test inhouse::tests::parses_logs_search_with_defaults ... ok
test inhouse::tests::parses_logs_search_with_filters ... ok
test inhouse::tests::parses_version_provenance ... ok
test inhouse::tests::unknown_command_is_none ... ok
test logs::log_store::tests::prompt_optional_filters_empty ... ok
test logs::log_store::tests::prompt_optional_prompts_and_trims ... ok
test logs::log_store::tests::prompt_optional_skips_when_existing ... ok
test logs::log_store::tests::prompt_required_reads_when_missing ... ok
test logs::log_store::tests::prompt_required_returns_existing ... ok
test remediation::tests::apply_filters_selects_matching_actions_and_dispatches ... ok
test remediation::tests::render_json_filters_include_spool_artifacts ... ok
test remediation::tests::render_json_report_emits_machine_readable_summary ... ok
test remediation::tests::render_report_includes_retry_and_dispatch_history ... ok
test service_badge::tests::issue_request_uses_empty_object ... ok
test service_badge::tests::revoke_request_uses_empty_object ... ok
test service_badge::tests::verify_request_wraps_badge_param ... ok
test system::tests::fetch_dependencies_parses_response ... ok
test system::tests::render_dependencies_reports_empty ... ok
test system::tests::render_dependencies_sorts_nodes_and_metrics ... ok
test telemetry::tests::configure_request_serializes_values ... ok
test telemetry::tests::configure_request_uses_nulls_when_absent ... ok
test tls::tests::certificate_entry_omits_not_after_when_absent ... ok
test tls::tests::format_duration_compacts_units ... ok
test tls::tests::generate_status_suggestions_prompts_for_latest_when_missing ... ok
test tls::tests::looks_like_json_detects_objects ... ok
test tls::tests::parse_certificate_json_round_trips ... ok
test tls::tests::parse_private_key_json_round_trips ... ok
test tls::tests::pem_chain_prefers_first_ed25519_entry ... ok
test tls::tests::pem_chain_skips_non_ed25519_entries ... ok
test tls::tests::render_status_report_marks_stale_entries ... ok
test tls::tests::service_target_builds_default_env_prefix ... ok
test tls::tests::service_target_respects_env_prefix_override ... ok
test tls::tests::stage_tls_handles_optional_client_auth ... ok
test tls::tests::stage_tls_missing_required_anchor_errors ... ok
test tls::tests::stage_tls_round_trips_into_loader ... ok
test tls::tests::status_serialization_omits_optional_snapshots_field ... ok
test tls::tests::tls_snapshot_deserializer_ignores_unknown_fields ... ok
test tls::tests::tls_status_report_round_trips_through_json ... ok
test tls::tests::unsupported_certificate_reports_algorithm ... ok
test tls::tests::unsupported_private_key_reports_algorithm ... ok
test wasm::tests::encodes_metadata_summary ... ok

test result: ok. 50 passed; 0 failed; 0 ignored; 0 measured; 0 filtered out; finished in 57.59s

     Running tests/bridge.rs (target/debug/deps/bridge-315701feb03d7b6f)

running 13 tests
test bridge_assets_returns_supply_snapshot ... ok
test bridge_claim_command_sends_payload_and_prints_response ... ok
test bridge_configure_command_includes_optional_fields ... ok
test bridge_dispute_audit_paginates_requests ... ok
test bridge_dispute_audit_parser_defaults_limit_and_cursor ... ok
test bridge_dispute_audit_serializes_optional_fields ... ok
test bridge_reward_accruals_paginates_requests ... ok
test bridge_reward_accruals_parser_handles_all_filters ... ok
test bridge_reward_claims_paginates_requests ... ok
test bridge_settlement_command_round_trips_payload ... ok
test bridge_settlement_log_paginates_requests ... ok
test bridge_settlement_log_parser_defaults_when_flags_missing ... ok
test bridge_settlement_log_parser_handles_filters_and_pagination ... ok

test result: ok. 13 passed; 0 failed; 0 ignored; 0 measured; 0 filtered out; finished in 0.00s

     Running tests/compute.rs (target/debug/deps/compute-a1a041b65af37de3)

running 7 tests
test cli_proofs_fetch_and_verify ... ok
test explorer_sync_proofs_serves_http_history ... ok
test provider_balances_payload_uses_fixed_request_id ... ok
test provider_balances_writer_formats_rows ... ok
test stats_request_payload_includes_accelerator ... ok
test stats_request_payload_without_accelerator_uses_null_params ... ok
test stats_writer_formats_market_snapshot ... ok

test result: ok. 7 passed; 0 failed; 0 ignored; 0 measured; 0 filtered out; finished in 0.05s

     Running tests/did.rs (target/debug/deps/did-38eb87a734a23783)

running 6 tests
test anchor_envelope_value_to_record_parses_envelope ... ok
test anchor_record_from_value_parses_string_document ... ok
test anchor_request_params_serializes_binary_fields ... ok
test latest_header_value_to_header_parses_result ... ok
test resolved_did_from_value_parses_optional_fields ... ok
test resolved_did_value_to_record_parses_envelope ... ok

test result: ok. 6 passed; 0 failed; 0 ignored; 0 measured; 0 filtered out; finished in 0.00s

     Running tests/explorer.rs (target/debug/deps/explorer-d49b0238f78988e8)

running 4 tests
test block_payouts_command_errors_when_block_missing ... ok
test block_payouts_command_prints_breakdown_for_hash_and_height ... ok
test block_payouts_command_requires_exactly_one_identifier ... ok
test block_payouts_supports_table_and_prometheus_formats ... ok

test result: ok. 4 passed; 0 failed; 0 ignored; 0 measured; 0 filtered out; finished in 0.11s

     Running tests/fee_floor_warning.rs (target/debug/deps/fee_floor_warning-8fc01e03cdd93931)

running 3 tests
test auto_bump_emits_warning_event ... ok
test force_records_override_metric ... ok
test preview_requires_prompt_when_no_flags ... ok

test result: ok. 3 passed; 0 failed; 0 ignored; 0 measured; 0 filtered out; finished in 0.00s

     Running tests/storage_importer.rs (target/debug/deps/storage_importer-cd4e89c801751a52)

running 1 test
test storage_importer_cli_flow_reports_json ... ok

test result: ok. 1 passed; 0 failed; 0 ignored; 0 measured; 0 filtered out; finished in 0.06s

     Running tests/treasury.rs (target/debug/deps/treasury-f206e6fde14db60a)

running 5 tests
test treasury_executor_lease_release_marks_snapshot ... ok
test treasury_executor_reports_released_state ... ok
test treasury_fetch_remote_allows_missing_history ... ok
test treasury_fetch_remote_combines_responses ... ok
test treasury_lifecycle_outputs_structured_json ... ok

test result: ok. 5 passed; 0 failed; 0 ignored; 0 measured; 0 filtered out; finished in 0.29s

     Running tests/wallet_signer_metadata.rs (target/debug/deps/wallet_signer_metadata-e7e8716eec5fd41f)

running 3 tests
test preview_auto_bump_preserves_ephemeral_metadata_and_event ... ok
test preview_ready_reports_local_signer_metadata ... ok
test preview_session_signer_metadata_snapshot ... ok

test result: ok. 3 passed; 0 failed; 0 ignored; 0 measured; 0 filtered out; finished in 0.00s

     Running unittests src/lib.rs (target/debug/deps/crypto-78ee67e57e2337cc)

running 12 tests
test primitives::hash::blake3_impl::tests::hash_known_vectors ... ok
test primitives::hash::blake3_impl::tests::keyed_and_derive_vectors ... ok
test primitives::hash::sha256_impl::tests::sha256_matches_known_vector ... ok
test primitives::tests::blake3_derive_key_matches_reference ... ok
test primitives::tests::blake3_empty_vector_matches_reference ... ok
test primitives::tests::blake3_keyed_matches_reference ... ok
test primitives::tests::blake3_streaming_matches_single_shot ... ok
test primitives::tests::blake3_xof_matches_reference ... ok
test primitives::tests::fft_constant_signal_collapses_to_dc ... ok
test primitives::tests::fft_impulse_response_is_flat ... ok
test primitives::tests::os_rng_produces_entropy ... ok
test primitives::tests::sha256_vector_matches_reference ... ok

test result: ok. 12 passed; 0 failed; 0 ignored; 0 measured; 0 filtered out; finished in 0.00s

     Running tests/domain.rs (target/debug/deps/domain-863b1f6194fed4ed)

running 1 test
test domain_tags_unique ... ok

test result: ok. 1 passed; 0 failed; 0 ignored; 0 measured; 0 filtered out; finished in 0.00s

     Running unittests src/lib.rs (target/debug/deps/crypto_suite-5a4292cb0e6f9796)

running 43 tests
test constant_time::tests::detects_equal_inputs ... ok
test constant_time::tests::detects_mismatched_inputs ... ok
test constant_time::tests::handles_length_mismatch ... ok
test encoding::hex::tests::decode_array_exact ... ok
test encoding::hex::tests::decode_basic ... ok
test encoding::hex::tests::decode_rejects_invalid_char ... ok
test encoding::hex::tests::decode_rejects_odd_length ... ok
test encoding::hex::tests::encode_basic ... ok
test encoding::hex::tests::encode_to_slice_validates_length ... ok
test encryption::envelope::tests::authentication_failure ... ok
test encryption::envelope::tests::round_trip_password ... ok
test encryption::envelope::tests::round_trip_recipient ... ok
test encryption::symmetric::tests::aes256_known_vector ... ok
test encryption::x25519::tests::basepoint_scalar_mult_matches_rfc7748 ... ok
test encryption::x25519::tests::diffie_hellman_matches_rfc7748 ... ok
test encryption::x25519::tests::public_key_roundtrip_display ... ok
test hashing::blake3_inhouse::tests::hash_known_vectors ... ok
test hashing::blake3_inhouse::tests::keyed_and_derive_vectors ... ok
test hashing::crc32::tests::checksum_handles_long_inputs ... ok
test hashing::crc32::tests::checksum_matches_known_vectors ... ok
test hashing::ripemd160::tests::hashes_empty_message ... ok
test hashing::ripemd160::tests::hashes_known_phrase ... ok
test hashing::ripemd160::tests::hashes_multi_block_input ... ok
test hashing::ripemd160::tests::hashes_short_message ... ok
test hashing::sha1::tests::hashes_empty_message ... ok
test hashing::sha1::tests::hashes_long_message ... ok
test hashing::sha1::tests::hashes_multi_block_padding ... ok
test hashing::sha1::tests::hashes_short_message ... ok
test hashing::sha3::tests::sha3_vectors ... ok
test mac::tests::hmac_matches_known_vector ... ok
test mac::tests::sha256_matches_known_vector ... ok
test signatures::ed25519_inhouse::tests::base_point_lies_on_curve ... ok
test signatures::ed25519_inhouse::tests::base_point_multiplication_by_one_matches_generator ... ok
test signatures::ed25519_inhouse::tests::expanded_secret_scalar_matches_rfc_vector ... ok
test signatures::ed25519_inhouse::tests::verifying_key_from_seed_lies_on_curve ... ok
test signatures::ed25519_inhouse::tests::verifying_key_matches_rfc_vector ... ok
test telemetry::tests::labels_extend_merges_pairs ... ok
test telemetry::tests::record_trait_collects_labels ... ok
test transactions::tests::canonical_serialization_matches_config_round_trip ... ok
test transactions::tests::signing_and_verification_round_trip ... ok
test vrf::tests::vrf_rejects_malformed_proof ... ok
test vrf::tests::vrf_rejects_modified_transcript ... ok
test vrf::tests::vrf_round_trip ... ok

test result: ok. 43 passed; 0 failed; 0 ignored; 0 measured; 0 filtered out; finished in 61.40s

     Running tests/inhouse_crypto.rs (target/debug/deps/inhouse_crypto-c0b67e1030f8bbec)

running 13 tests
test blake3_vectors_match_spec ... ok
test hkdf_matches_rfc5869_case1 ... ok
test pkcs8_roundtrip_matches ... ok
test rfc8032_vector1 ... ok
test rfc8032_vector2 ... ok
test sha3_vectors_match_spec ... ok
test sha512_rfc6234_abc ... ok
test sha512_rfc6234_empty ... ok
test signature_rejects_modified_message ... ok
test signature_rejects_noncanonical_scalar ... ok
test signature_rejects_small_order_r ... ok
test verifying_key_rejects_invalid_encoding ... ok
test verifying_key_rejects_small_order_point ... ok

test result: ok. 13 passed; 0 failed; 0 ignored; 0 measured; 0 filtered out; finished in 76.38s

     Running tests/transactions.rs (target/debug/deps/transactions-25ce8b4cd3405b8b)

running 3 tests
test domain_separation_differs_across_chains ... ok
test ed25519_signature_is_deterministic ... ok
test groth16_inhouse_verifies_constraints ... ok

test result: ok. 3 passed; 0 failed; 0 ignored; 0 measured; 0 filtered out; finished in 41.88s

     Running unittests src/lib.rs (target/debug/deps/dependency_guard-7acc6f682b967aed)

running 4 tests
test json::tests::parse_byte_array ... ok
test json::tests::roundtrip_manifest_like_value ... ok
test tests::detect_registry_sources ... ok
test tests::disabled_env_variable ... ok

test result: ok. 4 passed; 0 failed; 0 ignored; 0 measured; 0 filtered out; finished in 0.00s

     Running unittests src/lib.rs (target/debug/deps/dependency_registry-408c5f1e16c40716)

running 9 tests
test check::tests::computes_drift_for_large_registries ... ok
test model::tests::registry_json_roundtrip ... ok
test output::tests::telemetry_metrics_empty_report_emits_zero_total ... ok
test output::tests::telemetry_metrics_include_labels ... ok
test registry::tests::parses_complex_metadata_graph ... ok
test registry::tests::parses_large_metadata_graph_with_branching ... ok
test registry::tests::parses_metadata_from_json ... ok
test registry::tests::selects_workspace_members_when_defaults_absent ... ok
test runner::tests::honours_markdown_override_env ... ok

test result: ok. 9 passed; 0 failed; 0 ignored; 0 measured; 0 filtered out; finished in 0.17s

     Running unittests src/main.rs (target/debug/deps/dependency_registry-43092a349fbaf708)

running 0 tests

test result: ok. 0 passed; 0 failed; 0 ignored; 0 measured; 0 filtered out; finished in 0.00s

     Running tests/cli_end_to_end.rs (target/debug/deps/cli_end_to_end-f79865ae37231c38)

running 2 tests
test check_mode_reports_drift_and_writes_telemetry ... ok
test generates_all_artifacts_via_cli_runner ... ok

test result: ok. 2 passed; 0 failed; 0 ignored; 0 measured; 0 filtered out; finished in 0.43s

     Running tests/registry_tests.rs (target/debug/deps/registry_tests-67a65f9f97c6e7da)

running 3 tests
test assigns_policy_tiers_and_detects_license_violations ... ok
test enforces_maximum_depth ... ok
test flags_direct_libp2p_usage ... ok

test result: ok. 3 passed; 0 failed; 0 ignored; 0 measured; 0 filtered out; finished in 0.29s

     Running unittests src/lib.rs (target/debug/deps/dex-41563c6a5a9c6945)

running 9 tests
test amm::tests::add_remove_liquidity_roundtrip ... ok
test amm::tests::constant_product_invariant ... ok
test cfmm::tests::bounded_slippage_low_liquidity ... ok
test cfmm::tests::invariant_near_zero ... ok
test cfmm::tests::preserves_invariant ... ok
test escrow::tests::proof_roundtrip_blake3 ... ok
test escrow::tests::proof_roundtrip_sha3 ... ok
test escrow::tests::snapshot_roundtrip ... ok
test liquidity_reward::tests::proportional_rewards ... ok

test result: ok. 9 passed; 0 failed; 0 ignored; 0 measured; 0 filtered out; finished in 0.00s

     Running tests/amm.rs (target/debug/deps/amm-ad55b7bd996b3195)

running 2 tests
test swap_preserves_invariant ... ok
test swap_slippage_bound ... ok

test result: ok. 2 passed; 0 failed; 0 ignored; 0 measured; 0 filtered out; finished in 0.00s

     Running tests/escrow.rs (target/debug/deps/escrow-9423c13013ea1660)

running 4 tests
test cancel_releases ... ok
test full_and_partial_and_proofs ... ok
test multi_fill_trades ... ok
test premature_withdrawal_attempt ... ok

test result: ok. 4 passed; 0 failed; 0 ignored; 0 measured; 0 filtered out; finished in 0.00s

     Running unittests src/lib.rs (target/debug/deps/diagnostics-82a8f8a77a2bb990)

running 2 tests
test internal::tests::parses_variable_lists ... ok
test tests::subscribers_receive_emitted_records ... [WARN] diagnostics.test -- first (crates/diagnostics/src/lib.rs:841::diagnostics::tests)
[WARN] diagnostics.other -- ignored (crates/diagnostics/src/lib.rs:842::diagnostics::tests)
[WARN] diagnostics.test -- second (crates/diagnostics/src/lib.rs:846::diagnostics::tests)
ok

test result: ok. 2 passed; 0 failed; 0 ignored; 0 measured; 0 filtered out; finished in 0.00s

     Running unittests src/lib.rs (target/debug/deps/dkg-4e15e0b7b8c27fcf)

running 0 tests

test result: ok. 0 passed; 0 failed; 0 ignored; 0 measured; 0 filtered out; finished in 0.00s

     Running tests/basic.rs (target/debug/deps/basic-e743b9aa2b17a829)

running 2 tests
test key_refresh_and_dropout ... ok
test malicious_share_rejected ... ok

test result: ok. 2 passed; 0 failed; 0 ignored; 0 measured; 0 filtered out; finished in 0.00s

     Running unittests src/main.rs (target/debug/deps/dual_key_migrate-bbdc3dac55d930b8)

running 0 tests

test result: ok. 0 passed; 0 failed; 0 ignored; 0 measured; 0 filtered out; finished in 0.00s

     Running unittests src/lib.rs (target/debug/deps/energy_market-a78cc11938d4f6bc)

running 24 tests
test tests::bayesian_reputation_capacity_stability ... ok
test tests::bayesian_reputation_confidence_increases_with_observations ... ok
test tests::bayesian_reputation_disabled_fallback ... ok
test tests::bayesian_reputation_integration_with_market ... ok
test tests::bayesian_reputation_latency_scoring ... ok
test tests::bayesian_reputation_multi_factor_scoring ... ok
test tests::bayesian_reputation_penalty_application ... ok
test tests::bayesian_reputation_penalty_integration ... ok
test tests::bayesian_reputation_should_deactivate ... ok
test tests::bayesian_reputation_updates_delivery_reliability ... ok
test tests::credit_expiry_enforcement ... ok
test tests::decreasing_meter_value_rejected ... ok
test tests::dynamic_fees_disabled_uses_base_fee ... ok
test tests::dynamic_treasury_fees_respond_to_congestion ... ok
test tests::first_reading_accrues_usage_from_zero_baseline ... ok
test tests::provider_restart_preserves_baseline ... ok
test tests::signature_verification_rejects_invalid_signature ... ok
test tests::signature_verification_skipped_when_no_key_registered ... ok
test tests::signature_verification_succeeds_with_valid_key ... ok
test tests::stale_reading_timestamp_rejected ... ok
test tests::subsequent_readings_only_credit_increments ... ok
test verifier::tests::registry_register_unregister ... ok
test verifier::tests::registry_replace_all_swaps_entries ... ok
test verifier::tests::scheme_roundtrip ... ok

test result: ok. 24 passed; 0 failed; 0 ignored; 0 measured; 0 filtered out; finished in 15.35s

     Running unittests src/lib.rs (target/debug/deps/explorer-247a77b9a35f72c1)

running 2 tests
test light_client::tests::leaderboard_and_history_from_tracker ... ok
test tests::index_and_query ... ok

test result: ok. 2 passed; 0 failed; 0 ignored; 0 measured; 0 filtered out; finished in 0.07s

     Running unittests src/main.rs (target/debug/deps/explorer-d940243aacae7d7e)

running 0 tests

test result: ok. 0 passed; 0 failed; 0 ignored; 0 measured; 0 filtered out; finished in 0.00s

     Running tests/ad_policy_and_readiness.rs (target/debug/deps/ad_policy_and_readiness-c5f366f3864e6c58)

running 4 tests
test ad_policy_snapshot_with_attestation ... ok
test ad_policy_snapshots_empty ... ok
test ad_policy_snapshots_pagination_and_bounds ... ok
test ad_readiness_status_stitches_governance ... ok

test result: ok. 4 passed; 0 failed; 0 ignored; 0 measured; 0 filtered out; finished in 12.82s

     Running tests/block_api.rs (target/debug/deps/block_api-b93982c0cff243ac)

running 4 tests
test binary_and_json_snapshots_mix_without_breaking_payouts ... ok
test block_lookup_and_payout_breakdown ... ok
test block_lookup_handles_liquidity_split_extremes ... ok
test legacy_block_without_role_totals_uses_json_fallback ... ok

test result: ok. 4 passed; 0 failed; 0 ignored; 0 measured; 0 filtered out; finished in 0.07s

     Running tests/compute_settlement.rs (target/debug/deps/compute_settlement-437f579e564de14e)

running 2 tests
test provider_balances_round_trip ... ok
test sla_history_round_trip ... ok

test result: ok. 2 passed; 0 failed; 0 ignored; 0 measured; 0 filtered out; finished in 0.03s

     Running tests/dex_api.rs (target/debug/deps/dex_api-d3b07964ca6e926f)

running 1 test
test index_and_query_order_book_and_jobs ... ok

test result: ok. 1 passed; 0 failed; 0 ignored; 0 measured; 0 filtered out; finished in 0.01s

     Running tests/did_api.rs (target/debug/deps/did_api-ff5b8ade7b36ad80)

running 1 test
test explorer_indexes_recent_dids_and_metrics ... ok

test result: ok. 1 passed; 0 failed; 0 ignored; 0 measured; 0 filtered out; finished in 31.90s

     Running tests/explorer_bind.rs (target/debug/deps/explorer_bind-bb7683a70402efbf)

running 1 test
test explorer_listener_conflict_logs_warning ... [WARN] explorer -- explorer_listener_bind_failed | error=Address already in use (os error 48), value=127.0.0.1:56470, event=explorer_listener_bind_failed (node/src/net/listener.rs:9::the_block::net::listener)
ok

test result: ok. 1 passed; 0 failed; 0 ignored; 0 measured; 0 filtered out; finished in 0.00s

     Running tests/http_router.rs (target/debug/deps/http_router-343155d03116c9a4)

running 1 test
test block_lookup_via_router ... ok

test result: ok. 1 passed; 0 failed; 0 ignored; 0 measured; 0 filtered out; finished in 0.03s

     Running tests/indexing.rs (target/debug/deps/indexing-ce0001c9f01b7a22)

running 1 test
test ingest_and_query ... ok

test result: ok. 1 passed; 0 failed; 0 ignored; 0 measured; 0 filtered out; finished in 0.02s

     Running tests/release_api.rs (target/debug/deps/release_api-b792fbaea72b87e8)

running 1 test
test release_api_paginates_and_filters ... ok

test result: ok. 1 passed; 0 failed; 0 ignored; 0 measured; 0 filtered out; finished in 31.33s

     Running tests/treasury_api.rs (target/debug/deps/treasury_api-832e2df6ca9f604d)

running 2 tests
test treasury_executor_lease_released_flag_exposed ... ok
test treasury_index_and_filters ... ok

test result: ok. 2 passed; 0 failed; 0 ignored; 0 measured; 0 filtered out; finished in 0.04s

     Running tests/vm_trace.rs (target/debug/deps/vm_trace-7a4880127159dbab)

running 1 test
test load_trace ... ok

test result: ok. 1 passed; 0 failed; 0 ignored; 0 measured; 0 filtered out; finished in 0.01s

     Running tests/wasm_view.rs (target/debug/deps/wasm_view-a22123d01e4a0ed7)

running 1 test
test disassembles_wasm ... ok

test result: ok. 1 passed; 0 failed; 0 ignored; 0 measured; 0 filtered out; finished in 0.01s

     Running unittests src/lib.rs (target/debug/deps/foundation_archive-a04d229127265d95)

running 8 tests
test gzip::tests::decode_dynamic_huffman_gzip ... ok
test gzip::tests::decode_python_generated_gzip ... ok
test gzip::tests::round_trip_small_payload ... ok
test gzip::tests::streaming_round_trip_large_payload ... ok
test tar::tests::append_reader_errors_on_short_input ... ok
test tar::tests::append_reader_matches_append_data ... ok
test tar::tests::builder_finish_writes_trailer ... ok
test tar::tests::reader_yields_entries ... ok

test result: ok. 8 passed; 0 failed; 0 ignored; 0 measured; 0 filtered out; finished in 0.01s

     Running unittests src/lib.rs (target/debug/deps/foundation_async-ad14e38f6d26a28c)

running 0 tests

test result: ok. 0 passed; 0 failed; 0 ignored; 0 measured; 0 filtered out; finished in 0.00s

     Running tests/futures.rs (target/debug/deps/futures-98d651b6210dc1e2)

running 8 tests
test catch_unwind_traps_panics ... ok
test catch_unwind_yields_ok_on_success ... ok
test join_all_empty_vector ... ok
test join_all_preserves_order ... ok
test oneshot_channel_cancellation ... ok
test oneshot_channel_roundtrip ... ok
test select2_prefers_first_ready_future ... ok
test select2_waits_for_ready_future ... ok

test result: ok. 8 passed; 0 failed; 0 ignored; 0 measured; 0 filtered out; finished in 0.01s

     Running unittests src/lib.rs (target/debug/deps/foundation_bigint-fa67eeb758739157)

running 6 tests
test tests::addition_and_subtraction ... ok
test tests::display_round_trip ... ok
test tests::division_small ... ok
test tests::modpow_matches_reference ... ok
test tests::multiplication ... ok
test tests::zero_and_one_traits ... ok

test result: ok. 6 passed; 0 failed; 0 ignored; 0 measured; 0 filtered out; finished in 0.00s

     Running tests/arithmetic.rs (target/debug/deps/arithmetic-d0b7cdbbee962022)

running 8 tests
test addition_matches_expected ... ok
test modpow_matches_reference ... ok
test modulo_matches_decimal_scan ... ok
test multiplication_matches_expected ... ok
test parse_rejects_invalid_digits ... ok
test shifting_round_trips ... ok
test subtraction_matches_expected ... ok
test zero_and_one_helpers_match_literals ... ok

test result: ok. 8 passed; 0 failed; 0 ignored; 0 measured; 0 filtered out; finished in 0.00s

     Running unittests src/lib.rs (target/debug/deps/foundation_fuzz-cdabe64cb0899711)

running 5 tests
test tests::arbitrary_vec_respects_remaining ... ok
test tests::ip_addr_decodes_ipv4 ... ok
test tests::ip_addr_decodes_ipv6 ... ok
test tests::ip_addr_errors_on_short_input ... ok
test tests::range_within_bounds ... ok

test result: ok. 5 passed; 0 failed; 0 ignored; 0 measured; 0 filtered out; finished in 0.00s

     Running unittests src/lib.rs (target/debug/deps/foundation_lazy-90e253c77f20f86b)

running 0 tests

test result: ok. 0 passed; 0 failed; 0 ignored; 0 measured; 0 filtered out; finished in 0.00s

     Running unittests src/lib.rs (target/debug/deps/foundation_math-7f9768db9911fda5)

running 6 tests
test distribution::tests::chi_squared_quantile_matches_reference ... ok
test linalg::tests::matrix_inverse_identity ... ok
test linalg::tests::matrix_mul_vector ... ok
test linalg::tests::vector_addition ... ok
test transform::tests::dct2_matches_reference_definition ... ok
test transform::tests::empty_and_singleton_inputs_are_stable ... ok

test result: ok. 6 passed; 0 failed; 0 ignored; 0 measured; 0 filtered out; finished in 0.00s

     Running unittests src/lib.rs (target/debug/deps/foundation_metrics-49dece4e9a6ef581)

running 4 tests
test tests::counter_macro_records_defaults ... ok
test tests::counter_macro_with_value_and_labels ... ok
test tests::gauge_macro_records_value ... ok
test tests::histogram_macro_records_labels ... ok

test result: ok. 4 passed; 0 failed; 0 ignored; 0 measured; 0 filtered out; finished in 0.00s

     Running unittests src/lib.rs (target/debug/deps/foundation_object_store-a01e29353c5fa169)

running 3 tests
test tests::blocking_put_object_emits_signed_request ... ok
test tests::canonical_request_matches_known_example ... ok
test tests::percent_encoding_handles_reserved_characters ... ok

test result: ok. 3 passed; 0 failed; 0 ignored; 0 measured; 0 filtered out; finished in 0.01s

     Running unittests src/lib.rs (target/debug/deps/foundation_profiler-a9075df7b473f21d)

running 2 tests
test tests::builds_tree ... ok
test tests::renders_svg_even_without_samples ... ok

test result: ok. 2 passed; 0 failed; 0 ignored; 0 measured; 0 filtered out; finished in 0.00s

     Running unittests src/lib.rs (target/debug/deps/foundation_qrcode-7021464392e56fc4)

running 0 tests

test result: ok. 0 passed; 0 failed; 0 ignored; 0 measured; 0 filtered out; finished in 0.00s

     Running unittests src/lib.rs (target/debug/deps/foundation_regex-65f3a11be8811f2e)

running 5 tests
test tests::empty_matches_are_safe ... ok
test tests::handles_alternation_and_groups ... ok
test tests::matches_expected_strings ... ok
test tests::negated_classes ... ok
test tests::quantifier_ranges ... ok

test result: ok. 5 passed; 0 failed; 0 ignored; 0 measured; 0 filtered out; finished in 0.00s

     Running unittests src/lib.rs (target/debug/deps/foundation_rpc-8a9ba058462ccc32)

running 3 tests
test tests::into_payload_decodes_success ... ok
test tests::into_payload_preserves_error ... ok
test tests::into_payload_reports_decode_errors ... ok

test result: ok. 3 passed; 0 failed; 0 ignored; 0 measured; 0 filtered out; finished in 0.00s

     Running unittests src/lib.rs (target/debug/deps/foundation_serde-2bd1a5e182b437e2)

running 0 tests

test result: ok. 0 passed; 0 failed; 0 ignored; 0 measured; 0 filtered out; finished in 0.00s

     Running tests/deny_warnings.rs (target/debug/deps/deny_warnings-ab6da80b6ac8ed50)

running 1 test
test touch_derives ... ok

test result: ok. 1 passed; 0 failed; 0 ignored; 0 measured; 0 filtered out; finished in 0.00s

     Running unittests src/lib.rs (target/debug/deps/foundation_serde_derive-503bd475c7a068ef)

running 0 tests

test result: ok. 0 passed; 0 failed; 0 ignored; 0 measured; 0 filtered out; finished in 0.00s

     Running unittests src/lib.rs (target/debug/deps/foundation_serialization-4af5f98c656a2514)

running 25 tests
test base58_impl::tests::invalid_character_rejected ... ok
test base58_impl::tests::known_vectors ... ok
test base58_impl::tests::round_trip_basic_values ... ok
test binary_cursor::tests::float_helpers_match_legacy_encoding ... ok
test binary_cursor::tests::reader_round_trips_values ... ok
test binary_cursor::tests::writer_matches_legacy_encoding ... ok
test binary_impl::tests::binary_roundtrip ... ok
test hex_impl::tests::decode_array_length_mismatch ... ok
test hex_impl::tests::decode_invalid_digit ... ok
test hex_impl::tests::encode_roundtrip ... ok
test json_impl::tests::display_matches_compact_serializer ... ok
test json_impl::tests::json_macro_identifier_keys_are_stringified ... ok
test json_impl::tests::json_macro_nested_objects_round_trip ... ok
test json_impl::tests::json_macro_objects ... ok
test json_impl::tests::key_accessors_follow_object_and_array_semantics ... ok
test json_impl::tests::numeric_accessors_respect_integer_boundaries ... ok
test json_impl::tests::pretty_value_handles_objects ... ok
test json_impl::tests::pretty_value_indents_arrays ... ok
test json_impl::tests::roundtrip_json ... ok
test toml_impl::tests::parse_array_of_tables ... ok
test toml_impl::tests::parse_comments_and_trivia ... ok
test toml_impl::tests::parse_simple_tables ... ok
test toml_impl::tests::reject_boolean_without_boundary ... ok
test toml_impl::tests::reject_invalid_numeric_literal ... ok
test toml_impl::tests::roundtrip_pretty ... ok

test result: ok. 25 passed; 0 failed; 0 ignored; 0 measured; 0 filtered out; finished in 0.00s

     Running tests/json_value.rs (target/debug/deps/json_value-8ce8b7b2272dc51b)

running 3 tests
test json_value_encoder_rejects_non_finite_floats ... ok
test json_value_object_last_key_wins ... ok
test json_value_round_trip_preserves_nested_structures ... ok

test result: ok. 3 passed; 0 failed; 0 ignored; 0 measured; 0 filtered out; finished in 0.00s

     Running tests/toml_policy.rs (target/debug/deps/toml_policy-0b5a864c67316b37)

running 1 test
test parse_table_exposes_sections ... ok

test result: ok. 1 passed; 0 failed; 0 ignored; 0 measured; 0 filtered out; finished in 0.00s

     Running unittests src/lib.rs (target/debug/deps/foundation_sqlite-e8208edfba4e7a8a)

running 5 tests
test tests::create_insert_select_round_trip ... ok
test tests::insert_conflict_updates_existing ... ok
test tests::like_filter_matches_patterns ... ok
test tests::order_and_limit ... ok
test tests::provider_join_counts_contracts ... ok

test result: ok. 5 passed; 0 failed; 0 ignored; 0 measured; 0 filtered out; finished in 0.01s

     Running unittests src/lib.rs (target/debug/deps/foundation_telemetry-548bcf532844b1c6)

running 3 tests
test tests::detects_invalid_wrapper_label_type ... ok
test tests::detects_missing_memory ... ok
test tests::validates_sample_summary ... ok

test result: ok. 3 passed; 0 failed; 0 ignored; 0 measured; 0 filtered out; finished in 0.00s

     Running unittests src/lib.rs (target/debug/deps/foundation_time-ba0d8825cdceb9a1)

running 3 tests
test tests::duration_arithmetic ... ok
test tests::formats_match_expectations ... ok
test tests::now_round_trip ... ok

test result: ok. 3 passed; 0 failed; 0 ignored; 0 measured; 0 filtered out; finished in 0.00s

     Running unittests src/lib.rs (target/debug/deps/foundation_tls-fe9589a4697dd60f)

running 5 tests
test store::tests::pem_parser_rejects_mismatched_markers ... ok
test store::tests::trust_anchor_store_builds_from_pem ... ok
test tests::builds_certificate ... ok
test tests::ca_signed_certificate ... ok
test tests::rotation_policy_generates_deterministic_serials ... ok

test result: ok. 5 passed; 0 failed; 0 ignored; 0 measured; 0 filtered out; finished in 22.76s

     Running unittests src/lib.rs (target/debug/deps/foundation_tui-6e5daed002e6314c)

running 5 tests
test prompt::tests::optional_filters_empty_input ... ok
test prompt::tests::optional_returns_whitespace_as_entered ... ok
test prompt::tests::override_returns_value ... ok
test tests::styling_applies_when_forced ... ok
test tests::styling_is_suppressed_when_disabled ... ok

test result: ok. 5 passed; 0 failed; 0 ignored; 0 measured; 0 filtered out; finished in 0.00s

     Running unittests src/lib.rs (target/debug/deps/foundation_unicode-9ff9b1caadab9642)

running 5 tests
test tests::ascii_passthrough_is_exact ... ok
test tests::compatibility_decomposition_marks_approximate ... ok
test tests::converts_full_width_ascii ... ok
test tests::transliterates_greek_letters ... ok
test tests::transliterates_latin1_accents ... ok

test result: ok. 5 passed; 0 failed; 0 ignored; 0 measured; 0 filtered out; finished in 0.00s

     Running unittests src/lib.rs (target/debug/deps/foundation_windows-c15c0c29b2144fdb)

running 0 tests

test result: ok. 0 passed; 0 failed; 0 ignored; 0 measured; 0 filtered out; finished in 0.00s

     Running tests/http_request_smoke.rs (target/debug/deps/http_request_smoke-7e77491b49ecff7f)

running 4 tests
test handles_fragmented_payload ... ok
test http_request::tests::accepts_minimal_request ... ok
test http_request::tests::tolerates_empty_payload ... ok
test parses_valid_request ... ok

test result: ok. 4 passed; 0 failed; 0 ignored; 0 measured; 0 filtered out; finished in 0.00s

     Running unittests src/main.rs (target/debug/deps/gov_graph-ab341457090ce65e)

running 0 tests

test result: ok. 0 passed; 0 failed; 0 ignored; 0 measured; 0 filtered out; finished in 0.00s

     Running unittests src/lib.rs (target/debug/deps/governance-7a2759d040181421)

running 11 tests
test store::tests::reward_claim_consumption_updates_allowance_and_removes_entry ... ok
test store::tests::reward_claim_roundtrip_persists_records ... ok
test treasury::tests::empty_summary_fails_validation ... ok
test treasury::tests::empty_title_fails_validation ... ok
test treasury::tests::expected_receipts_matching_passes_validation ... ok
test treasury::tests::expected_receipts_mismatch_fails_validation ... ok
test treasury::tests::invalid_destination_fails_validation ... ok
test treasury::tests::invalid_quorum_fails_validation ... ok
test treasury::tests::valid_payload_passes_validation ... ok
test treasury::tests::zero_amount_fails_validation ... ok
test treasury::tests::zero_vote_window_fails_validation ... ok

test result: ok. 11 passed; 0 failed; 0 ignored; 0 measured; 0 filtered out; finished in 0.04s

     Running unittests src/bin/bootstrap_dependency_policy.rs (target/debug/deps/bootstrap_dependency_policy-4df55618a0b33670)

running 0 tests

test result: ok. 0 passed; 0 failed; 0 ignored; 0 measured; 0 filtered out; finished in 0.00s

     Running tests/mempool_params.rs (target/debug/deps/mempool_params-7fa241d08ef3f8de)

running 1 test
test fee_floor_policy_governance_updates_and_rollbacks ... ok

test result: ok. 1 passed; 0 failed; 0 ignored; 0 measured; 0 filtered out; finished in 0.12s

     Running tests/params_value.rs (target/debug/deps/params_value-6964219123e66fde)

running 2 tests
test params_deserialize_rejects_non_object ... ok
test params_to_value_roundtrip ... ok

test result: ok. 2 passed; 0 failed; 0 ignored; 0 measured; 0 filtered out; finished in 0.00s

     Running tests/proposals.rs (target/debug/deps/proposals-91c62311fab51745)

running 3 tests
test accepts_acyclic_graph ... ok
test rejects_indirect_cycle ... ok
test rejects_self_cycle ... ok

test result: ok. 3 passed; 0 failed; 0 ignored; 0 measured; 0 filtered out; finished in 0.00s

     Running tests/store.rs (target/debug/deps/store-2a9587296567b502)

running 3 tests
test dependency_policy_activation_records_history ... ok
test dependency_policy_rejects_invalid_mask ... ok
test proposal_activation_roundtrip ... ok

test result: ok. 3 passed; 0 failed; 0 ignored; 0 measured; 0 filtered out; finished in 0.23s

     Running tests/treasury.rs (target/debug/deps/treasury-3f0d2328c1eb1646)

running 7 tests
test execute_requires_balance ... ok
test executor_failover_preserves_nonce_watermark ... ok
test executor_leases_coordinate_holders ... ok
test treasury_disbursements_roundtrip ... ok
test treasury_executor_records_submission_errors ... ok
test treasury_executor_reuses_staged_intents ... ok
test treasury_executor_stages_and_executes ... ok

test result: ok. 7 passed; 0 failed; 0 ignored; 0 measured; 0 filtered out; finished in 1.24s

     Running unittests src/lib.rs (target/debug/deps/histogram_fp-3f977f1cf2497d69)

running 4 tests
test tests::out_of_range_rejected ... ok
test tests::records_and_reports_percentiles ... ok
test tests::rejects_invalid_bounds ... ok
test tests::reset_clears_samples ... ok

test result: ok. 4 passed; 0 failed; 0 ignored; 0 measured; 0 filtered out; finished in 0.00s

     Running unittests src/lib.rs (target/debug/deps/http_env-d561fc9e4c32361b)

running 5 tests
test tests::conflicting_client_ca_variables_emit_warning ... ok
test tests::server_tls_from_env_falls_back_to_legacy_prefix ... ok
test tests::server_tls_from_env_prefers_primary_prefix ... ok
test tests::server_tls_from_env_returns_none_when_empty ... ok
test tests::warning_observer_chains_logging ... [WARN] http_env.tls_env -- tls_env_warning | prefix=TB_TEST_TLS, code=missing_identity_component, detail=identity requires both TB_TEST_TLS_CERT and TB_TEST_TLS_KEY; missing TB_TEST_TLS_KEY, variables=["TB_TEST_TLS_KEY"] (crates/http_env/src/lib.rs:239::http_env)
ok

test result: ok. 5 passed; 0 failed; 0 ignored; 0 measured; 0 filtered out; finished in 15.09s

     Running unittests src/lib.rs (target/debug/deps/httpd-424b04d558d65a6d)

running 6 tests
test filters::tests::empty_matches_are_safe ... ok
test filters::tests::handles_alternation_and_groups ... ok
test filters::tests::matches_expected_strings ... ok
test filters::tests::negated_classes ... ok
test filters::tests::quantifier_ranges ... ok
test metrics::tests::renders_text_payload ... ok

test result: ok. 6 passed; 0 failed; 0 ignored; 0 measured; 0 filtered out; finished in 0.00s

     Running tests/client.rs (target/debug/deps/client-d03b41679a29c115)

running 2 tests
test async_get_returns_text ... ok
test blocking_client_parses_json ... ok

test result: ok. 2 passed; 0 failed; 0 ignored; 0 measured; 0 filtered out; finished in 0.00s

     Running tests/server.rs (target/debug/deps/server-c9b4aafcd73fb367)

running 13 tests
test request_builder_customizes_requests ... ok
test request_builder_defaults_host_header ... ok
test request_builder_drives_router ... ok
test response_json_sets_header_and_body ... ok
test router_wildcard_captures_remainder ... ok
test serve_plain_round_trip ... ok
test serve_tls_accepts_clients_with_cert ... [INFO] httpd -- gG+ifphaT+T5JaH7oF4rvl+KtcNlKmMY9icAUfxsYTk= | tls client authenticated (crates/httpd/src/lib.rs:545::httpd)
ok
test serve_tls_allows_optional_client_auth ... [INFO] httpd -- mGldVNPjyaQK6/MNOZGYeAgfC1XCyl2A/izfeMlDZDE= | tls client authenticated (crates/httpd/src/lib.rs:545::httpd)
ok
test serve_tls_rejects_clients_without_cert ... [DEBUG] httpd -- tls handshake failed | value=Custom { kind: InvalidData, error: "missing client certificate" } (crates/httpd/src/lib.rs:1380::httpd)
ok
test serve_tls_round_trip_without_client_auth ... ok
test websocket_upgrade_accepts_and_dispatches_handler ... ok
test websocket_upgrade_over_tls_dispatches_handler ... ok
test websocket_upgrade_rejects_with_response ... ok

test result: ok. 13 passed; 0 failed; 0 ignored; 0 measured; 0 filtered out; finished in 111.65s

     Running tests/tls_env.rs (target/debug/deps/tls_env-2fd7a3540c536e2e)

running 4 tests
test env_tls_client_falls_back_to_secondary_prefix ... ok
test env_tls_client_prefers_first_prefix ... ok
test env_tls_connector_allows_missing_ca_with_identity ... [INFO] httpd -- AaqUVGjDNhqfs6pZOMIPZJcMwA6x6+buUT7vC1fSW/4= | tls client authenticated (crates/httpd/src/lib.rs:545::httpd)
ok
test env_tls_connector_errors_on_half_identity ... ok

test result: ok. 4 passed; 0 failed; 0 ignored; 0 measured; 0 filtered out; finished in 65.26s

     Running unittests src/lib.rs (target/debug/deps/indexer-c9db4f87b952ce4f)

running 3 tests
test tests::index_and_query ... ok
test tests::index_receipts ... ok
test tests::router_lists_blocks ... ok

test result: ok. 3 passed; 0 failed; 0 ignored; 0 measured; 0 filtered out; finished in 0.01s

     Running unittests src/main.rs (target/debug/deps/indexer-abea101adc9c17fb)

running 0 tests

test result: ok. 0 passed; 0 failed; 0 ignored; 0 measured; 0 filtered out; finished in 0.00s

     Running unittests src/lib.rs (target/debug/deps/inflation-e133867efa8547bb)

running 1 test
test proof::tests::prove_and_verify ... ok

test result: ok. 1 passed; 0 failed; 0 ignored; 0 measured; 0 filtered out; finished in 0.00s

     Running unittests src/main.rs (target/debug/deps/installer-76246e89b6faca59)

running 0 tests

test result: ok. 0 passed; 0 failed; 0 ignored; 0 measured; 0 filtered out; finished in 0.00s

     Running unittests src/lib.rs (target/debug/deps/jurisdiction-2dfa27c409e4ff82)

running 1 test
test tests::loads_pack ... ok

test result: ok. 1 passed; 0 failed; 0 ignored; 0 measured; 0 filtered out; finished in 0.00s

     Running tests/codec.rs (target/debug/deps/codec-3fb65c979fbbf75f)

running 4 tests
test persist_and_load_signed_pack_roundtrip ... ok
test policy_diff_binary_roundtrip ... ok
test policy_pack_binary_roundtrip ... ok
test signed_pack_binary_roundtrip ... ok

test result: ok. 4 passed; 0 failed; 0 ignored; 0 measured; 0 filtered out; finished in 0.00s

     Running tests/serde.rs (target/debug/deps/serde-51439174059cc27d)

running 7 tests
test policy_diff_json_roundtrip ... ok
test rejects_invalid_features_entry ... ok
test resolves_inheritance ... ok
test signed_pack_accepts_base64_signature ... ok
test signed_pack_rejects_invalid_signature_variant ... ok
test signed_pack_roundtrip_from_array_signature ... ok
test templates_roundtrip ... ok

test result: ok. 7 passed; 0 failed; 0 ignored; 0 measured; 0 filtered out; finished in 0.00s

     Running unittests src/lib.rs (target/debug/deps/ledger-fa9020f9bece91ce)

running 4 tests
test utxo_account::tests::account_decode_rejects_invalid_utf8 ... ok
test utxo_account::tests::account_round_trip_preserves_balances ... ok
test utxo_account::tests::utxo_decode_rejects_truncated_payload ... ok
test utxo_account::tests::utxo_round_trip_preserves_entries ... ok

test result: ok. 4 passed; 0 failed; 0 ignored; 0 measured; 0 filtered out; finished in 0.00s

     Running unittests src/bin/migrate.rs (target/debug/deps/migrate-091d47139140b2ea)

running 0 tests

test result: ok. 0 passed; 0 failed; 0 ignored; 0 measured; 0 filtered out; finished in 0.00s

     Running tests/utxo_account.rs (target/debug/deps/utxo_account-74bea01392c242f0)

running 4 tests
test account_ledger_persistence_roundtrip ... ok
test missing_utxo_is_atomic ... ok
test spent_utxo_updates_accounts ... ok
test utxo_ledger_persistence_roundtrip ... ok

test result: ok. 4 passed; 0 failed; 0 ignored; 0 measured; 0 filtered out; finished in 0.04s

     Running tests/utxo_migration.rs (target/debug/deps/utxo_migration-ae4bf1dbe6d0e2ca)

running 1 test
test migrate_accounts_generates_utxos ... ok

test result: ok. 1 passed; 0 failed; 0 ignored; 0 measured; 0 filtered out; finished in 0.00s

     Running unittests src/lib.rs (target/debug/deps/legacy_manifest-4f1c6b6c1efa1df6)

running 3 tests
test tests::exports_manifest_for_inhouse_engine ... ok
test tests::manifest_includes_default_cf_even_when_missing ... ok
test tests::manifest_sorts_column_families_and_entries ... ok

test result: ok. 3 passed; 0 failed; 0 ignored; 0 measured; 0 filtered out; finished in 0.05s

     Running unittests src/main.rs (target/debug/deps/legacy_manifest-b1e86cbc8749c6f9)

running 0 tests

test result: ok. 0 passed; 0 failed; 0 ignored; 0 measured; 0 filtered out; finished in 0.00s

     Running unittests src/lib.rs (target/debug/deps/light_client-0ecd560ceaf26482)

running 10 tests
test state_stream::tests::persisted_state_ref_encodes_identically ... ok
test state_stream::tests::persisted_state_roundtrip_matches_fixture ... ok
test state_stream::tests::persisted_state_roundtrip_respects_first_party_only_flag ... ok
test state_stream::tests::persisted_state_serialization_orders_accounts ... ok
test state_stream::tests::snapshot_fixture_matches_deterministic_encoding ... ok
test state_stream::tests::snapshot_roundtrip_respects_first_party_only_flag ... ok
test state_stream::tests::snapshot_serialization_orders_accounts ... ok
test tests::respects_thresholds ... [WARN] light_client_device -- device probe failed | error=probe unavailable: desktop builds rely on fallback device policy (crates/light-client/src/device/mod.rs:227::light_client::device)
ok
test tests::verifies_pos_signature ... ok
test tests::verifies_pow_and_checkpoint ... ok

test result: ok. 10 passed; 0 failed; 0 ignored; 0 measured; 0 filtered out; finished in 12.75s

     Running tests/device_status.rs (target/debug/deps/device_status-0225126140a02ef1)

running 2 tests
test gating_on_wifi_requirement ... ok
test honors_charging_override_from_config ... ok

test result: ok. 2 passed; 0 failed; 0 ignored; 0 measured; 0 filtered out; finished in 1.00s

     Running tests/light_sync.rs (target/debug/deps/light_sync-b5df8f3959739ba2)

running 1 test
test syncs_to_chain_tip ... [WARN] light_client_device -- device probe failed | error=probe unavailable: desktop builds rely on fallback device policy (crates/light-client/src/device/mod.rs:227::light_client::device)
[WARN] light_client_device -- device probe failed | error=probe unavailable: desktop builds rely on fallback device policy (crates/light-client/src/device/mod.rs:227::light_client::device)
[DEBUG] light_client_device -- using cached device status | age_secs=1.0014114 (crates/light-client/src/device/mod.rs:236::light_client::device)
ok

test result: ok. 1 passed; 0 failed; 0 ignored; 0 measured; 0 filtered out; finished in 1.00s

     Running tests/rebate.rs (target/debug/deps/rebate-7679c32b8a6afd74)

running 1 test
test prevent_double_claim ... ok

test result: ok. 1 passed; 0 failed; 0 ignored; 0 measured; 0 filtered out; finished in 0.00s

     Running tests/reconcile.rs (target/debug/deps/reconcile-335c56b560373934)

running 1 test
test reconciles_partial_and_full_sync ... [WARN] light_client_device -- device probe failed | error=probe unavailable: desktop builds rely on fallback device policy (crates/light-client/src/device/mod.rs:227::light_client::device)
[WARN] light_client_device -- device probe failed | error=probe unavailable: desktop builds rely on fallback device policy (crates/light-client/src/device/mod.rs:227::light_client::device)
[DEBUG] light_client_device -- using cached device status | age_secs=1.0013288 (crates/light-client/src/device/mod.rs:236::light_client::device)
ok

test result: ok. 1 passed; 0 failed; 0 ignored; 0 measured; 0 filtered out; finished in 1.00s

     Running tests/state_stream.rs (target/debug/deps/state_stream-e1f086c43a0e9b49)

running 9 tests
test chunk_persist_failure_rolls_back_state ... ok
test gap_recovery_with_callback ... ok
test legacy_hashmap_snapshot_roundtrip_randomized ... [DEBUG] light_client::state_stream -- applied state snapshot | snapshot_accounts=1, next_seq=0 (crates/light-client/src/state_stream.rs:1499::light_client::state_stream)
[DEBUG] light_client::state_stream -- applied state snapshot | snapshot_accounts=5, next_seq=0 (crates/light-client/src/state_stream.rs:1499::light_client::state_stream)
[DEBUG] light_client::state_stream -- applied state snapshot | snapshot_accounts=6, next_seq=0 (crates/light-client/src/state_stream.rs:1499::light_client::state_stream)
[DEBUG] light_client::state_stream -- applied state snapshot | snapshot_accounts=3, next_seq=0 (crates/light-client/src/state_stream.rs:1499::light_client::state_stream)
[DEBUG] light_client::state_stream -- applied state snapshot | snapshot_accounts=6, next_seq=0 (crates/light-client/src/state_stream.rs:1499::light_client::state_stream)
[DEBUG] light_client::state_stream -- applied state snapshot | snapshot_accounts=8, next_seq=0 (crates/light-client/src/state_stream.rs:1499::light_client::state_stream)
[DEBUG] light_client::state_stream -- applied state snapshot | snapshot_accounts=9, next_seq=0 (crates/light-client/src/state_stream.rs:1499::light_client::state_stream)
[DEBUG] light_client::state_stream -- applied state snapshot | snapshot_accounts=1, next_seq=0 (crates/light-client/src/state_stream.rs:1499::light_client::state_stream)
[DEBUG] light_client::state_stream -- applied state snapshot | snapshot_accounts=3, next_seq=0 (crates/light-client/src/state_stream.rs:1499::light_client::state_stream)
[DEBUG] light_client::state_stream -- applied state snapshot | snapshot_accounts=10, next_seq=0 (crates/light-client/src/state_stream.rs:1499::light_client::state_stream)
[DEBUG] light_client::state_stream -- applied state snapshot | snapshot_accounts=3, next_seq=0 (crates/light-client/src/state_stream.rs:1499::light_client::state_stream)
[DEBUG] light_client::state_stream -- applied state snapshot | snapshot_accounts=8, next_seq=0 (crates/light-client/src/state_stream.rs:1499::light_client::state_stream)
[DEBUG] light_client::state_stream -- applied state snapshot | snapshot_accounts=1, next_seq=0 (crates/light-client/src/state_stream.rs:1499::light_client::state_stream)
[DEBUG] light_client::state_stream -- applied state snapshot | snapshot_accounts=8, next_seq=0 (crates/light-client/src/state_stream.rs:1499::light_client::state_stream)
[DEBUG] light_client::state_stream -- applied state snapshot | snapshot_accounts=6, next_seq=0 (crates/light-client/src/state_stream.rs:1499::light_client::state_stream)
[DEBUG] light_client::state_stream -- applied state snapshot | snapshot_accounts=5, next_seq=0 (crates/light-client/src/state_stream.rs:1499::light_client::state_stream)
[DEBUG] light_client::state_stream -- applied state snapshot | snapshot_accounts=9, next_seq=0 (crates/light-client/src/state_stream.rs:1499::light_client::state_stream)
[DEBUG] light_client::state_stream -- applied state snapshot | snapshot_accounts=1, next_seq=0 (crates/light-client/src/state_stream.rs:1499::light_client::state_stream)
[DEBUG] light_client::state_stream -- applied state snapshot | snapshot_accounts=5, next_seq=0 (crates/light-client/src/state_stream.rs:1499::light_client::state_stream)
[DEBUG] light_client::state_stream -- applied state snapshot | snapshot_accounts=10, next_seq=0 (crates/light-client/src/state_stream.rs:1499::light_client::state_stream)
[DEBUG] light_client::state_stream -- applied state snapshot | snapshot_accounts=6, next_seq=0 (crates/light-client/src/state_stream.rs:1499::light_client::state_stream)
[DEBUG] light_client::state_stream -- applied state snapshot | snapshot_accounts=7, next_seq=0 (crates/light-client/src/state_stream.rs:1499::light_client::state_stream)
[DEBUG] light_client::state_stream -- applied state snapshot | snapshot_accounts=9, next_seq=0 (crates/light-client/src/state_stream.rs:1499::light_client::state_stream)
[DEBUG] light_client::state_stream -- applied state snapshot | snapshot_accounts=3, next_seq=0 (crates/light-client/src/state_stream.rs:1499::light_client::state_stream)
[DEBUG] light_client::state_stream -- applied state snapshot | snapshot_accounts=8, next_seq=0 (crates/light-client/src/state_stream.rs:1499::light_client::state_stream)
[DEBUG] light_client::state_stream -- applied state snapshot | snapshot_accounts=8, next_seq=0 (crates/light-client/src/state_stream.rs:1499::light_client::state_stream)
[DEBUG] light_client::state_stream -- applied state snapshot | snapshot_accounts=10, next_seq=0 (crates/light-client/src/state_stream.rs:1499::light_client::state_stream)
[DEBUG] light_client::state_stream -- applied state snapshot | snapshot_accounts=7, next_seq=0 (crates/light-client/src/state_stream.rs:1499::light_client::state_stream)
[DEBUG] light_client::state_stream -- applied state snapshot | snapshot_accounts=1, next_seq=0 (crates/light-client/src/state_stream.rs:1499::light_client::state_stream)
[DEBUG] light_client::state_stream -- applied state snapshot | snapshot_accounts=5, next_seq=0 (crates/light-client/src/state_stream.rs:1499::light_client::state_stream)
[DEBUG] light_client::state_stream -- applied state snapshot | snapshot_accounts=7, next_seq=0 (crates/light-client/src/state_stream.rs:1499::light_client::state_stream)
[DEBUG] light_client::state_stream -- applied state snapshot | snapshot_accounts=5, next_seq=0 (crates/light-client/src/state_stream.rs:1499::light_client::state_stream)
[DEBUG] light_client::state_stream -- applied state snapshot | snapshot_accounts=8, next_seq=0 (crates/light-client/src/state_stream.rs:1499::light_client::state_stream)
[DEBUG] light_client::state_stream -- applied state snapshot | snapshot_accounts=1, next_seq=0 (crates/light-client/src/state_stream.rs:1499::light_client::state_stream)
[DEBUG] light_client::state_stream -- applied state snapshot | snapshot_accounts=4, next_seq=0 (crates/light-client/src/state_stream.rs:1499::light_client::state_stream)
[DEBUG] light_client::state_stream -- applied state snapshot | snapshot_accounts=8, next_seq=0 (crates/light-client/src/state_stream.rs:1499::light_client::state_stream)
[DEBUG] light_client::state_stream -- applied state snapshot | snapshot_accounts=7, next_seq=0 (crates/light-client/src/state_stream.rs:1499::light_client::state_stream)
[DEBUG] light_client::state_stream -- applied state snapshot | snapshot_accounts=7, next_seq=0 (crates/light-client/src/state_stream.rs:1499::light_client::state_stream)
[DEBUG] light_client::state_stream -- applied state snapshot | snapshot_accounts=5, next_seq=0 (crates/light-client/src/state_stream.rs:1499::light_client::state_stream)
[DEBUG] light_client::state_stream -- applied state snapshot | snapshot_accounts=2, next_seq=0 (crates/light-client/src/state_stream.rs:1499::light_client::state_stream)
[DEBUG] light_client::state_stream -- applied state snapshot | snapshot_accounts=7, next_seq=0 (crates/light-client/src/state_stream.rs:1499::light_client::state_stream)
[DEBUG] light_client::state_stream -- applied state snapshot | snapshot_accounts=7, next_seq=0 (crates/light-client/src/state_stream.rs:1499::light_client::state_stream)
[DEBUG] light_client::state_stream -- applied state snapshot | snapshot_accounts=3, next_seq=0 (crates/light-client/src/state_stream.rs:1499::light_client::state_stream)
[DEBUG] light_client::state_stream -- applied state snapshot | snapshot_accounts=10, next_seq=0 (crates/light-client/src/state_stream.rs:1499::light_client::state_stream)
[DEBUG] light_client::state_stream -- applied state snapshot | snapshot_accounts=3, next_seq=0 (crates/light-client/src/state_stream.rs:1499::light_client::state_stream)
[DEBUG] light_client::state_stream -- applied state snapshot | snapshot_accounts=7, next_seq=0 (crates/light-client/src/state_stream.rs:1499::light_client::state_stream)
[DEBUG] light_client::state_stream -- applied state snapshot | snapshot_accounts=7, next_seq=0 (crates/light-client/src/state_stream.rs:1499::light_client::state_stream)
[DEBUG] light_client::state_stream -- applied state snapshot | snapshot_accounts=10, next_seq=0 (crates/light-client/src/state_stream.rs:1499::light_client::state_stream)
ok
test snapshot_persist_failure_rolls_back_state ... ok
test snapshot_randomized_roundtrip_is_deterministic ... [DEBUG] light_client::state_stream -- applied state snapshot | snapshot_accounts=1, next_seq=9337 (crates/light-client/src/state_stream.rs:1499::light_client::state_stream)
[DEBUG] light_client::state_stream -- applied state snapshot | snapshot_accounts=2, next_seq=5028 (crates/light-client/src/state_stream.rs:1499::light_client::state_stream)
[DEBUG] light_client::state_stream -- applied state snapshot | snapshot_accounts=5, next_seq=9060 (crates/light-client/src/state_stream.rs:1499::light_client::state_stream)
[DEBUG] light_client::state_stream -- applied state snapshot | snapshot_accounts=3, next_seq=7586 (crates/light-client/src/state_stream.rs:1499::light_client::state_stream)
[DEBUG] light_client::state_stream -- applied state snapshot | snapshot_accounts=4, next_seq=1622 (crates/light-client/src/state_stream.rs:1499::light_client::state_stream)
[DEBUG] light_client::state_stream -- applied state snapshot | snapshot_accounts=10, next_seq=5470 (crates/light-client/src/state_stream.rs:1499::light_client::state_stream)
[DEBUG] light_client::state_stream -- applied state snapshot | snapshot_accounts=1, next_seq=7809 (crates/light-client/src/state_stream.rs:1499::light_client::state_stream)
[DEBUG] light_client::state_stream -- applied state snapshot | snapshot_accounts=3, next_seq=7867 (crates/light-client/src/state_stream.rs:1499::light_client::state_stream)
[DEBUG] light_client::state_stream -- applied state snapshot | snapshot_accounts=11, next_seq=5995 (crates/light-client/src/state_stream.rs:1499::light_client::state_stream)
[DEBUG] light_client::state_stream -- applied state snapshot | snapshot_accounts=4, next_seq=9860 (crates/light-client/src/state_stream.rs:1499::light_client::state_stream)
[DEBUG] light_client::state_stream -- applied state snapshot | snapshot_accounts=12, next_seq=7607 (crates/light-client/src/state_stream.rs:1499::light_client::state_stream)
[DEBUG] light_client::state_stream -- applied state snapshot | snapshot_accounts=7, next_seq=8980 (crates/light-client/src/state_stream.rs:1499::light_client::state_stream)
[DEBUG] light_client::state_stream -- applied state snapshot | snapshot_accounts=6, next_seq=881 (crates/light-client/src/state_stream.rs:1499::light_client::state_stream)
[DEBUG] light_client::state_stream -- applied state snapshot | snapshot_accounts=12, next_seq=1333 (crates/light-client/src/state_stream.rs:1499::light_client::state_stream)
[DEBUG] light_client::state_stream -- applied state snapshot | snapshot_accounts=3, next_seq=5670 (crates/light-client/src/state_stream.rs:1499::light_client::state_stream)
[DEBUG] light_client::state_stream -- applied state snapshot | snapshot_accounts=5, next_seq=8461 (crates/light-client/src/state_stream.rs:1499::light_client::state_stream)
[DEBUG] light_client::state_stream -- applied state snapshot | snapshot_accounts=9, next_seq=952 (crates/light-client/src/state_stream.rs:1499::light_client::state_stream)
[DEBUG] light_client::state_stream -- applied state snapshot | snapshot_accounts=1, next_seq=4080 (crates/light-client/src/state_stream.rs:1499::light_client::state_stream)
[DEBUG] light_client::state_stream -- applied state snapshot | snapshot_accounts=12, next_seq=2726 (crates/light-client/src/state_stream.rs:1499::light_client::state_stream)
[DEBUG] light_client::state_stream -- applied state snapshot | snapshot_accounts=6, next_seq=4718 (crates/light-client/src/state_stream.rs:1499::light_client::state_stream)
[DEBUG] light_client::state_stream -- applied state snapshot | snapshot_accounts=6, next_seq=9416 (crates/light-client/src/state_stream.rs:1499::light_client::state_stream)
[DEBUG] light_client::state_stream -- applied state snapshot | snapshot_accounts=11, next_seq=6936 (crates/light-client/src/state_stream.rs:1499::light_client::state_stream)
[DEBUG] light_client::state_stream -- applied state snapshot | snapshot_accounts=10, next_seq=5653 (crates/light-client/src/state_stream.rs:1499::light_client::state_stream)
[DEBUG] light_client::state_stream -- applied state snapshot | snapshot_accounts=7, next_seq=1688 (crates/light-client/src/state_stream.rs:1499::light_client::state_stream)
[DEBUG] light_client::state_stream -- applied state snapshot | snapshot_accounts=5, next_seq=5274 (crates/light-client/src/state_stream.rs:1499::light_client::state_stream)
[DEBUG] light_client::state_stream -- applied state snapshot | snapshot_accounts=10, next_seq=4661 (crates/light-client/src/state_stream.rs:1499::light_client::state_stream)
[DEBUG] light_client::state_stream -- applied state snapshot | snapshot_accounts=6, next_seq=5682 (crates/light-client/src/state_stream.rs:1499::light_client::state_stream)
[DEBUG] light_client::state_stream -- applied state snapshot | snapshot_accounts=11, next_seq=8933 (crates/light-client/src/state_stream.rs:1499::light_client::state_stream)
[DEBUG] light_client::state_stream -- applied state snapshot | snapshot_accounts=12, next_seq=4527 (crates/light-client/src/state_stream.rs:1499::light_client::state_stream)
[DEBUG] light_client::state_stream -- applied state snapshot | snapshot_accounts=5, next_seq=2832 (crates/light-client/src/state_stream.rs:1499::light_client::state_stream)
[DEBUG] light_client::state_stream -- applied state snapshot | snapshot_accounts=6, next_seq=6720 (crates/light-client/src/state_stream.rs:1499::light_client::state_stream)
[DEBUG] light_client::state_stream -- applied state snapshot | snapshot_accounts=9, next_seq=5258 (crates/light-client/src/state_stream.rs:1499::light_client::state_stream)
[DEBUG] light_client::state_stream -- applied state snapshot | snapshot_accounts=11, next_seq=4549 (crates/light-client/src/state_stream.rs:1499::light_client::state_stream)
[DEBUG] light_client::state_stream -- applied state snapshot | snapshot_accounts=1, next_seq=6335 (crates/light-client/src/state_stream.rs:1499::light_client::state_stream)
[DEBUG] light_client::state_stream -- applied state snapshot | snapshot_accounts=5, next_seq=3730 (crates/light-client/src/state_stream.rs:1499::light_client::state_stream)
[DEBUG] light_client::state_stream -- applied state snapshot | snapshot_accounts=9, next_seq=7120 (crates/light-client/src/state_stream.rs:1499::light_client::state_stream)
[DEBUG] light_client::state_stream -- applied state snapshot | snapshot_accounts=6, next_seq=4688 (crates/light-client/src/state_stream.rs:1499::light_client::state_stream)
[DEBUG] light_client::state_stream -- applied state snapshot | snapshot_accounts=2, next_seq=4516 (crates/light-client/src/state_stream.rs:1499::light_client::state_stream)
[DEBUG] light_client::state_stream -- applied state snapshot | snapshot_accounts=4, next_seq=1583 (crates/light-client/src/state_stream.rs:1499::light_client::state_stream)
[DEBUG] light_client::state_stream -- applied state snapshot | snapshot_accounts=6, next_seq=2808 (crates/light-client/src/state_stream.rs:1499::light_client::state_stream)
[DEBUG] light_client::state_stream -- applied state snapshot | snapshot_accounts=4, next_seq=3090 (crates/light-client/src/state_stream.rs:1499::light_client::state_stream)
[DEBUG] light_client::state_stream -- applied state snapshot | snapshot_accounts=12, next_seq=7331 (crates/light-client/src/state_stream.rs:1499::light_client::state_stream)
[DEBUG] light_client::state_stream -- applied state snapshot | snapshot_accounts=6, next_seq=3311 (crates/light-client/src/state_stream.rs:1499::light_client::state_stream)
[DEBUG] light_client::state_stream -- applied state snapshot | snapshot_accounts=6, next_seq=5305 (crates/light-client/src/state_stream.rs:1499::light_client::state_stream)
[DEBUG] light_client::state_stream -- applied state snapshot | snapshot_accounts=9, next_seq=9343 (crates/light-client/src/state_stream.rs:1499::light_client::state_stream)
[DEBUG] light_client::state_stream -- applied state snapshot | snapshot_accounts=11, next_seq=2625 (crates/light-client/src/state_stream.rs:1499::light_client::state_stream)
[DEBUG] light_client::state_stream -- applied state snapshot | snapshot_accounts=6, next_seq=891 (crates/light-client/src/state_stream.rs:1499::light_client::state_stream)
[DEBUG] light_client::state_stream -- applied state snapshot | snapshot_accounts=9, next_seq=2173 (crates/light-client/src/state_stream.rs:1499::light_client::state_stream)
[DEBUG] light_client::state_stream -- applied state snapshot | snapshot_accounts=8, next_seq=5062 (crates/light-client/src/state_stream.rs:1499::light_client::state_stream)
[DEBUG] light_client::state_stream -- applied state snapshot | snapshot_accounts=2, next_seq=5632 (crates/light-client/src/state_stream.rs:1499::light_client::state_stream)
[DEBUG] light_client::state_stream -- applied state snapshot | snapshot_accounts=9, next_seq=5307 (crates/light-client/src/state_stream.rs:1499::light_client::state_stream)
[DEBUG] light_client::state_stream -- applied state snapshot | snapshot_accounts=8, next_seq=2954 (crates/light-client/src/state_stream.rs:1499::light_client::state_stream)
[DEBUG] light_client::state_stream -- applied state snapshot | snapshot_accounts=11, next_seq=2502 (crates/light-client/src/state_stream.rs:1499::light_client::state_stream)
[DEBUG] light_client::state_stream -- applied state snapshot | snapshot_accounts=7, next_seq=7484 (crates/light-client/src/state_stream.rs:1499::light_client::state_stream)
[DEBUG] light_client::state_stream -- applied state snapshot | snapshot_accounts=5, next_seq=7626 (crates/light-client/src/state_stream.rs:1499::light_client::state_stream)
[DEBUG] light_client::state_stream -- applied state snapshot | snapshot_accounts=2, next_seq=7051 (crates/light-client/src/state_stream.rs:1499::light_client::state_stream)
[DEBUG] light_client::state_stream -- applied state snapshot | snapshot_accounts=4, next_seq=4352 (crates/light-client/src/state_stream.rs:1499::light_client::state_stream)
[DEBUG] light_client::state_stream -- applied state snapshot | snapshot_accounts=11, next_seq=2515 (crates/light-client/src/state_stream.rs:1499::light_client::state_stream)
[DEBUG] light_client::state_stream -- applied state snapshot | snapshot_accounts=9, next_seq=4792 (crates/light-client/src/state_stream.rs:1499::light_client::state_stream)
[DEBUG] light_client::state_stream -- applied state snapshot | snapshot_accounts=8, next_seq=522 (crates/light-client/src/state_stream.rs:1499::light_client::state_stream)
[DEBUG] light_client::state_stream -- applied state snapshot | snapshot_accounts=4, next_seq=2585 (crates/light-client/src/state_stream.rs:1499::light_client::state_stream)
[DEBUG] light_client::state_stream -- applied state snapshot | snapshot_accounts=2, next_seq=8735 (crates/light-client/src/state_stream.rs:1499::light_client::state_stream)
[DEBUG] light_client::state_stream -- applied state snapshot | snapshot_accounts=1, next_seq=4019 (crates/light-client/src/state_stream.rs:1499::light_client::state_stream)
[DEBUG] light_client::state_stream -- applied state snapshot | snapshot_accounts=5, next_seq=5652 (crates/light-client/src/state_stream.rs:1499::light_client::state_stream)
ok
test snapshot_resume_persists_state ... [DEBUG] light_client::state_stream -- applied state snapshot | snapshot_accounts=1, next_seq=5 (crates/light-client/src/state_stream.rs:1499::light_client::state_stream)
ok
test snapshot_resume_supports_compressed_payloads ... [DEBUG] light_client::state_stream -- applied state snapshot | snapshot_accounts=2, next_seq=4 (crates/light-client/src/state_stream.rs:1499::light_client::state_stream)
ok
test state_chunk_serialization_orders_accounts ... ok
test validates_proofs_and_rejects_stale_updates ... ok

test result: ok. 9 passed; 0 failed; 0 ignored; 0 measured; 0 filtered out; finished in 0.04s

     Running unittests src/main.rs (target/debug/deps/log_indexer_cli-cf7c16ab261aa6eb)

running 3 tests
test tests::index_command_propagates_errors ... ok
test tests::run_cli_requires_subcommand ... ok
test tests::search_command_propagates_errors ... ok

test result: ok. 3 passed; 0 failed; 0 ignored; 0 measured; 0 filtered out; finished in 0.00s

     Running unittests src/lib.rs (target/debug/deps/log_index-117f43a7664991a0)

running 4 tests
test tests::ingest_and_search_encrypted ... ok
test tests::ingest_and_search_plaintext ... ok
test tests::rotate_key_is_atomic_on_failure ... ok
test tests::rotate_key_reencrypts_entries ... ok

test result: ok. 4 passed; 0 failed; 0 ignored; 0 measured; 0 filtered out; finished in 0.10s

     Running unittests src/lib.rs (target/debug/deps/metrics_aggregator-b588c5c799266606)

running 24 tests
test leader::tests::first_instance_claims_leadership ... ok
test leader::tests::follower_observes_existing_leader ... ok
test leader::tests::follower_takes_over_after_expiry ... ok
test tests::chaos_attestation_rejects_digest_mismatch ... [WARN] aggregator -- rejected chaos attestation | value=chaos attestation digest mismatch (metrics-aggregator/src/lib.rs:8213::metrics_aggregator)
ok
test tests::chaos_attestation_rejects_invalid_signature ... [WARN] aggregator -- rejected chaos attestation | value=invalid chaos attestation signature (metrics-aggregator/src/lib.rs:8213::metrics_aggregator)
ok
test tests::chaos_attestation_rejects_out_of_range_payloads ... [WARN] aggregator -- rejected chaos attestation | value=chaos readiness must be between 0 and 1 (metrics-aggregator/src/lib.rs:8213::metrics_aggregator)
ok
test tests::chaos_attestation_round_trip ... ok
test tests::chaos_site_updates_remove_stale_entries ... ok
test tests::dedupes_by_peer ... [WARN] aggregator -- ingest request received (metrics-aggregator/src/lib.rs:7845::metrics_aggregator)
[INFO] aggregator -- ingest payload accepted | peers=2 (metrics-aggregator/src/lib.rs:7929::metrics_aggregator)
ok
test tests::export_all_encrypts ... [WARN] aggregator -- ingest request received (metrics-aggregator/src/lib.rs:7845::metrics_aggregator)
[INFO] aggregator -- ingest payload accepted | peers=1 (metrics-aggregator/src/lib.rs:7929::metrics_aggregator)
ok
test tests::export_all_password_encrypts ... [WARN] aggregator -- ingest request received (metrics-aggregator/src/lib.rs:7845::metrics_aggregator)
[INFO] aggregator -- ingest payload accepted | peers=1 (metrics-aggregator/src/lib.rs:7929::metrics_aggregator)
ok
test tests::export_all_zips_and_checksums ... [WARN] aggregator -- ingest request received (metrics-aggregator/src/lib.rs:7845::metrics_aggregator)
[INFO] aggregator -- ingest payload accepted | peers=2 (metrics-aggregator/src/lib.rs:7929::metrics_aggregator)
ok
test tests::persists_and_prunes ... [WARN] aggregator -- ingest request received (metrics-aggregator/src/lib.rs:7845::metrics_aggregator)
[INFO] aggregator -- ingest payload accepted | peers=1 (metrics-aggregator/src/lib.rs:7929::metrics_aggregator)
ok
test tests::telemetry_summary_updates_readiness_gauges ... ok
test tests::tls_env_warning_gauge_rehydrates_last_seen ... [WARN] aggregator -- ingest request received (metrics-aggregator/src/lib.rs:7845::metrics_aggregator)
[INFO] aggregator -- ingest payload accepted | peers=1 (metrics-aggregator/src/lib.rs:7929::metrics_aggregator)
ok
test tests::tls_env_warning_ingest_handles_nested_samples ... [WARN] aggregator -- ingest request received (metrics-aggregator/src/lib.rs:7845::metrics_aggregator)
[INFO] aggregator -- ingest payload accepted | peers=2 (metrics-aggregator/src/lib.rs:7929::metrics_aggregator)
[WARN] aggregator -- ingest request received (metrics-aggregator/src/lib.rs:7845::metrics_aggregator)
[INFO] aggregator -- ingest payload accepted | peers=2 (metrics-aggregator/src/lib.rs:7929::metrics_aggregator)
ok
test tests::tls_env_warning_ingest_updates_counter ... [WARN] aggregator -- ingest request received (metrics-aggregator/src/lib.rs:7845::metrics_aggregator)
[INFO] aggregator -- ingest payload accepted | peers=1 (metrics-aggregator/src/lib.rs:7929::metrics_aggregator)
[WARN] aggregator -- ingest request received (metrics-aggregator/src/lib.rs:7845::metrics_aggregator)
[INFO] aggregator -- ingest payload accepted | peers=1 (metrics-aggregator/src/lib.rs:7929::metrics_aggregator)
ok
test tests::tls_env_warnings_increment_metric ... [WARN] http_env.tls_env -- tls_env_warning | prefix=TB_TEST_TLS_1765554554582378000, code=missing_identity_component, detail=identity requires both TB_TEST_TLS_1765554554582378000_CERT and TB_TEST_TLS_1765554554582378000_KEY; missing TB_TEST_TLS_1765554554582378000_KEY, variables=["TB_TEST_TLS_1765554554582378000_KEY"] (crates/http_env/src/lib.rs:239::http_env)
[INFO] aggregator -- observed new tls env warning detail fingerprint | prefix=TB_TEST_TLS_1765554554582378000, code=missing_identity_component, fingerprint=f45c17e6359eac83 (metrics-aggregator/src/lib.rs:4741::metrics_aggregator)
[INFO] aggregator -- observed new tls env warning variables fingerprint | prefix=TB_TEST_TLS_1765554554582378000, code=missing_identity_component, fingerprint=6e27600fc4233748 (metrics-aggregator/src/lib.rs:4757::metrics_aggregator)
ok
test tests::tls_warning_latest_endpoint_exposes_snapshots ... [WARN] http_env.tls_env -- tls_env_warning | prefix=TB_FLEET_TLS_1765554554582798000, code=missing_identity_component, detail=identity requires both TB_FLEET_TLS_1765554554582798000_CERT and TB_FLEET_TLS_1765554554582798000_KEY; missing TB_FLEET_TLS_1765554554582798000_KEY, variables=["TB_FLEET_TLS_1765554554582798000_KEY"] (crates/http_env/src/lib.rs:239::http_env)
[INFO] aggregator -- observed new tls env warning detail fingerprint | prefix=TB_FLEET_TLS_1765554554582798000, code=missing_identity_component, fingerprint=168a1061a94d8419 (metrics-aggregator/src/lib.rs:4741::metrics_aggregator)
[INFO] aggregator -- observed new tls env warning variables fingerprint | prefix=TB_FLEET_TLS_1765554554582798000, code=missing_identity_component, fingerprint=b70778ba4bc212e9 (metrics-aggregator/src/lib.rs:4757::metrics_aggregator)
ok
test tests::tls_warning_retention_override_applies ... ok
test tests::tls_warning_snapshots_prune_stale_entries ... ok
test tests::tls_warning_status_endpoint_exposes_payload ... ok
test tests::tls_warning_status_reports_counts_and_retention ... ok
test tests::wrappers_endpoint_returns_latest_metrics ... ok

test result: ok. 24 passed; 0 failed; 0 ignored; 0 measured; 0 filtered out; finished in 68.39s

     Running unittests src/main.rs (target/debug/deps/metrics_aggregator-c923f09d8536f69d)

running 0 tests

test result: ok. 0 passed; 0 failed; 0 ignored; 0 measured; 0 filtered out; finished in 0.00s

     Running tests/bridge_anomaly.rs (target/debug/deps/bridge_anomaly-46f481cdd51d1db7)

running 19 tests
test bridge_anomaly_detector_flags_spikes ... [WARN] aggregator -- ingest request received (metrics-aggregator/src/lib.rs:7845::metrics_aggregator)
[INFO] aggregator -- ingest payload accepted | peers=1 (metrics-aggregator/src/lib.rs:7929::metrics_aggregator)
[WARN] aggregator -- ingest request received (metrics-aggregator/src/lib.rs:7845::metrics_aggregator)
[INFO] aggregator -- ingest payload accepted | peers=1 (metrics-aggregator/src/lib.rs:7929::metrics_aggregator)
[WARN] aggregator -- ingest request received (metrics-aggregator/src/lib.rs:7845::metrics_aggregator)
[INFO] aggregator -- ingest payload accepted | peers=1 (metrics-aggregator/src/lib.rs:7929::metrics_aggregator)
[WARN] aggregator -- ingest request received (metrics-aggregator/src/lib.rs:7845::metrics_aggregator)
[INFO] aggregator -- ingest payload accepted | peers=1 (metrics-aggregator/src/lib.rs:7929::metrics_aggregator)
[WARN] aggregator -- ingest request received (metrics-aggregator/src/lib.rs:7845::metrics_aggregator)
[INFO] aggregator -- ingest payload accepted | peers=1 (metrics-aggregator/src/lib.rs:7929::metrics_aggregator)
[WARN] aggregator -- ingest request received (metrics-aggregator/src/lib.rs:7845::metrics_aggregator)
[INFO] aggregator -- ingest payload accepted | peers=1 (metrics-aggregator/src/lib.rs:7929::metrics_aggregator)
[WARN] aggregator -- ingest request received (metrics-aggregator/src/lib.rs:7845::metrics_aggregator)
[INFO] aggregator -- ingest payload accepted | peers=1 (metrics-aggregator/src/lib.rs:7929::metrics_aggregator)
[WARN] aggregator -- ingest request received (metrics-aggregator/src/lib.rs:7845::metrics_aggregator)
[WARN] aggregator -- bridge anomaly detected | metric=bridge_reward_claims_total, peer=bridge-node, delta=113, mean=1, stddev=0, threshold=5, labels= (metrics-aggregator/src/lib.rs:1036::metrics_aggregator)
[INFO] aggregator -- ingest payload accepted | peers=1 (metrics-aggregator/src/lib.rs:7929::metrics_aggregator)
ok
test bridge_anomaly_detector_respects_cooldown_and_labels ... [WARN] aggregator -- ingest request received (metrics-aggregator/src/lib.rs:7845::metrics_aggregator)
[INFO] aggregator -- ingest payload accepted | peers=1 (metrics-aggregator/src/lib.rs:7929::metrics_aggregator)
[WARN] aggregator -- ingest request received (metrics-aggregator/src/lib.rs:7845::metrics_aggregator)
[INFO] aggregator -- ingest payload accepted | peers=1 (metrics-aggregator/src/lib.rs:7929::metrics_aggregator)
[WARN] aggregator -- ingest request received (metrics-aggregator/src/lib.rs:7845::metrics_aggregator)
[INFO] aggregator -- ingest payload accepted | peers=1 (metrics-aggregator/src/lib.rs:7929::metrics_aggregator)
[WARN] aggregator -- ingest request received (metrics-aggregator/src/lib.rs:7845::metrics_aggregator)
[INFO] aggregator -- ingest payload accepted | peers=1 (metrics-aggregator/src/lib.rs:7929::metrics_aggregator)
[WARN] aggregator -- ingest request received (metrics-aggregator/src/lib.rs:7845::metrics_aggregator)
[INFO] aggregator -- ingest payload accepted | peers=1 (metrics-aggregator/src/lib.rs:7929::metrics_aggregator)
[WARN] aggregator -- ingest request received (metrics-aggregator/src/lib.rs:7845::metrics_aggregator)
[INFO] aggregator -- ingest payload accepted | peers=1 (metrics-aggregator/src/lib.rs:7929::metrics_aggregator)
[WARN] aggregator -- ingest request received (metrics-aggregator/src/lib.rs:7845::metrics_aggregator)
[INFO] aggregator -- ingest payload accepted | peers=1 (metrics-aggregator/src/lib.rs:7929::metrics_aggregator)
[WARN] aggregator -- ingest request received (metrics-aggregator/src/lib.rs:7845::metrics_aggregator)
[WARN] aggregator -- bridge anomaly detected | metric=bridge_settlement_results_total, peer=bridge-node, delta=59, mean=1.8333333333333333, stddev=0.6871842709362768, threshold=5.833333333333333, labels=asset=eth,reason=ok,result=success (metrics-aggregator/src/lib.rs:1036::metrics_aggregator)
[WARN] aggregator -- bridge remediation action emitted | peer=bridge-node, metric=bridge_settlement_results_total, action=escalate, playbook=governance-escalation, occurrences=1, delta=59, threshold=5.833333333333333, ratio=10.114285714285716, labels=asset=eth,reason=ok,result=success (metrics-aggregator/src/lib.rs:1099::metrics_aggregator)
[INFO] aggregator -- ingest payload accepted | peers=1 (metrics-aggregator/src/lib.rs:7929::metrics_aggregator)
[WARN] aggregator -- ingest request received (metrics-aggregator/src/lib.rs:7845::metrics_aggregator)
[INFO] aggregator -- ingest payload accepted | peers=1 (metrics-aggregator/src/lib.rs:7929::metrics_aggregator)
[WARN] aggregator -- ingest request received (metrics-aggregator/src/lib.rs:7845::metrics_aggregator)
[INFO] aggregator -- ingest payload accepted | peers=1 (metrics-aggregator/src/lib.rs:7929::metrics_aggregator)
ok
test bridge_anomaly_flags_liquidity_spikes ... [WARN] aggregator -- ingest request received (metrics-aggregator/src/lib.rs:7845::metrics_aggregator)
[INFO] aggregator -- ingest payload accepted | peers=1 (metrics-aggregator/src/lib.rs:7929::metrics_aggregator)
[WARN] aggregator -- ingest request received (metrics-aggregator/src/lib.rs:7845::metrics_aggregator)
[INFO] aggregator -- ingest payload accepted | peers=1 (metrics-aggregator/src/lib.rs:7929::metrics_aggregator)
[WARN] aggregator -- ingest request received (metrics-aggregator/src/lib.rs:7845::metrics_aggregator)
[INFO] aggregator -- ingest payload accepted | peers=1 (metrics-aggregator/src/lib.rs:7929::metrics_aggregator)
[WARN] aggregator -- ingest request received (metrics-aggregator/src/lib.rs:7845::metrics_aggregator)
[INFO] aggregator -- ingest payload accepted | peers=1 (metrics-aggregator/src/lib.rs:7929::metrics_aggregator)
[WARN] aggregator -- ingest request received (metrics-aggregator/src/lib.rs:7845::metrics_aggregator)
[INFO] aggregator -- ingest payload accepted | peers=1 (metrics-aggregator/src/lib.rs:7929::metrics_aggregator)
[WARN] aggregator -- ingest request received (metrics-aggregator/src/lib.rs:7845::metrics_aggregator)
[INFO] aggregator -- ingest payload accepted | peers=1 (metrics-aggregator/src/lib.rs:7929::metrics_aggregator)
[WARN] aggregator -- ingest request received (metrics-aggregator/src/lib.rs:7845::metrics_aggregator)
[INFO] aggregator -- ingest payload accepted | peers=1 (metrics-aggregator/src/lib.rs:7929::metrics_aggregator)
[WARN] aggregator -- ingest request received (metrics-aggregator/src/lib.rs:7845::metrics_aggregator)
[WARN] aggregator -- bridge anomaly detected | metric=bridge_liquidity_locked_total, peer=bridge-node, delta=89, mean=1.8333333333333333, stddev=0.3726779962499649, threshold=5.833333333333333, labels=asset=btc (metrics-aggregator/src/lib.rs:1036::metrics_aggregator)
[WARN] aggregator -- bridge remediation action emitted | peer=bridge-node, metric=bridge_liquidity_locked_total, action=escalate, playbook=governance-escalation, occurrences=1, delta=89, threshold=5.833333333333333, ratio=15.257142857142858, labels=asset=btc (metrics-aggregator/src/lib.rs:1099::metrics_aggregator)
[INFO] aggregator -- ingest payload accepted | peers=1 (metrics-aggregator/src/lib.rs:7929::metrics_aggregator)
ok
test bridge_metric_gauges_persist_across_restart ... [WARN] aggregator -- ingest request received (metrics-aggregator/src/lib.rs:7845::metrics_aggregator)
[INFO] aggregator -- ingest payload accepted | peers=1 (metrics-aggregator/src/lib.rs:7929::metrics_aggregator)
[WARN] aggregator -- ingest request received (metrics-aggregator/src/lib.rs:7845::metrics_aggregator)
[INFO] aggregator -- ingest payload accepted | peers=1 (metrics-aggregator/src/lib.rs:7929::metrics_aggregator)
ok
test bridge_remediation_ack_latency_persists_across_restart ... [WARN] aggregator -- ingest request received (metrics-aggregator/src/lib.rs:7845::metrics_aggregator)
[INFO] aggregator -- ingest payload accepted | peers=1 (metrics-aggregator/src/lib.rs:7929::metrics_aggregator)
[WARN] aggregator -- ingest request received (metrics-aggregator/src/lib.rs:7845::metrics_aggregator)
[INFO] aggregator -- ingest payload accepted | peers=1 (metrics-aggregator/src/lib.rs:7929::metrics_aggregator)
[WARN] aggregator -- ingest request received (metrics-aggregator/src/lib.rs:7845::metrics_aggregator)
[INFO] aggregator -- ingest payload accepted | peers=1 (metrics-aggregator/src/lib.rs:7929::metrics_aggregator)
[WARN] aggregator -- ingest request received (metrics-aggregator/src/lib.rs:7845::metrics_aggregator)
[INFO] aggregator -- ingest payload accepted | peers=1 (metrics-aggregator/src/lib.rs:7929::metrics_aggregator)
[WARN] aggregator -- ingest request received (metrics-aggregator/src/lib.rs:7845::metrics_aggregator)
[INFO] aggregator -- ingest payload accepted | peers=1 (metrics-aggregator/src/lib.rs:7929::metrics_aggregator)
[WARN] aggregator -- ingest request received (metrics-aggregator/src/lib.rs:7845::metrics_aggregator)
[INFO] aggregator -- ingest payload accepted | peers=1 (metrics-aggregator/src/lib.rs:7929::metrics_aggregator)
[WARN] aggregator -- ingest request received (metrics-aggregator/src/lib.rs:7845::metrics_aggregator)
[INFO] aggregator -- ingest payload accepted | peers=1 (metrics-aggregator/src/lib.rs:7929::metrics_aggregator)
[WARN] aggregator -- ingest request received (metrics-aggregator/src/lib.rs:7845::metrics_aggregator)
[WARN] aggregator -- bridge anomaly detected | metric=bridge_settlement_results_total, peer=bridge-node, delta=179, mean=1.8333333333333333, stddev=0.6871842709362768, threshold=5.833333333333333, labels=asset=eth,reason=ok,result=success (metrics-aggregator/src/lib.rs:1036::metrics_aggregator)
[WARN] aggregator -- bridge remediation action emitted | peer=bridge-node, metric=bridge_settlement_results_total, action=escalate, playbook=governance-escalation, occurrences=1, delta=179, threshold=5.833333333333333, ratio=30.685714285714287, labels=asset=eth,reason=ok,result=success (metrics-aggregator/src/lib.rs:1099::metrics_aggregator)
[INFO] aggregator -- bridge remediation hook dispatched via http | url=http://override/hook, status=200, peer=bridge-node, metric=bridge_settlement_results_total, action=escalate, playbook=governance-escalation (metrics-aggregator/src/lib.rs:5528::metrics_aggregator)
[INFO] aggregator -- bridge remediation acknowledgement recorded | peer=bridge-node, metric=bridge_settlement_results_total, action=escalate, playbook=governance-escalation, http, success, timestamp=1765554564, notes=persist (metrics-aggregator/src/lib.rs:1280::metrics_aggregator)
[INFO] aggregator -- ingest payload accepted | peers=1 (metrics-aggregator/src/lib.rs:7929::metrics_aggregator)
ok
test bridge_remediation_ack_policy_respects_playbook_overrides ... [WARN] aggregator -- ingest request received (metrics-aggregator/src/lib.rs:7845::metrics_aggregator)
[INFO] aggregator -- ingest payload accepted | peers=1 (metrics-aggregator/src/lib.rs:7929::metrics_aggregator)
[WARN] aggregator -- ingest request received (metrics-aggregator/src/lib.rs:7845::metrics_aggregator)
[INFO] aggregator -- ingest payload accepted | peers=1 (metrics-aggregator/src/lib.rs:7929::metrics_aggregator)
[WARN] aggregator -- ingest request received (metrics-aggregator/src/lib.rs:7845::metrics_aggregator)
[INFO] aggregator -- ingest payload accepted | peers=1 (metrics-aggregator/src/lib.rs:7929::metrics_aggregator)
[WARN] aggregator -- ingest request received (metrics-aggregator/src/lib.rs:7845::metrics_aggregator)
[INFO] aggregator -- ingest payload accepted | peers=1 (metrics-aggregator/src/lib.rs:7929::metrics_aggregator)
[WARN] aggregator -- ingest request received (metrics-aggregator/src/lib.rs:7845::metrics_aggregator)
[INFO] aggregator -- ingest payload accepted | peers=1 (metrics-aggregator/src/lib.rs:7929::metrics_aggregator)
[WARN] aggregator -- ingest request received (metrics-aggregator/src/lib.rs:7845::metrics_aggregator)
[INFO] aggregator -- ingest payload accepted | peers=1 (metrics-aggregator/src/lib.rs:7929::metrics_aggregator)
[WARN] aggregator -- ingest request received (metrics-aggregator/src/lib.rs:7845::metrics_aggregator)
[INFO] aggregator -- ingest payload accepted | peers=1 (metrics-aggregator/src/lib.rs:7929::metrics_aggregator)
[WARN] aggregator -- ingest request received (metrics-aggregator/src/lib.rs:7845::metrics_aggregator)
[WARN] aggregator -- bridge anomaly detected | metric=bridge_settlement_results_total, peer=bridge-node, delta=139, mean=1.8333333333333333, stddev=0.6871842709362768, threshold=5.833333333333333, labels=asset=eth,reason=ok,result=success (metrics-aggregator/src/lib.rs:1036::metrics_aggregator)
[WARN] aggregator -- bridge remediation action emitted | peer=bridge-node, metric=bridge_settlement_results_total, action=escalate, playbook=governance-escalation, occurrences=1, delta=139, threshold=5.833333333333333, ratio=23.82857142857143, labels=asset=eth,reason=ok,result=success (metrics-aggregator/src/lib.rs:1099::metrics_aggregator)
[INFO] aggregator -- bridge remediation hook dispatched via http | url=http://override/hook, status=200, peer=bridge-node, metric=bridge_settlement_results_total, action=escalate, playbook=governance-escalation (metrics-aggregator/src/lib.rs:5528::metrics_aggregator)
[WARN] aggregator -- bridge remediation acknowledgement pending | peer=bridge-node, metric=bridge_settlement_results_total, action=escalate, playbook=governance-escalation, http, success, timestamp=1765554565, notes=pending (metrics-aggregator/src/lib.rs:1304::metrics_aggregator)
[INFO] aggregator -- ingest payload accepted | peers=1 (metrics-aggregator/src/lib.rs:7929::metrics_aggregator)
ok
test bridge_remediation_cleans_spool_artifacts_after_restart ... [WARN] aggregator -- ingest request received (metrics-aggregator/src/lib.rs:7845::metrics_aggregator)
[INFO] aggregator -- ingest payload accepted | peers=1 (metrics-aggregator/src/lib.rs:7929::metrics_aggregator)
[WARN] aggregator -- ingest request received (metrics-aggregator/src/lib.rs:7845::metrics_aggregator)
[INFO] aggregator -- ingest payload accepted | peers=1 (metrics-aggregator/src/lib.rs:7929::metrics_aggregator)
[WARN] aggregator -- ingest request received (metrics-aggregator/src/lib.rs:7845::metrics_aggregator)
[INFO] aggregator -- ingest payload accepted | peers=1 (metrics-aggregator/src/lib.rs:7929::metrics_aggregator)
[WARN] aggregator -- ingest request received (metrics-aggregator/src/lib.rs:7845::metrics_aggregator)
[INFO] aggregator -- ingest payload accepted | peers=1 (metrics-aggregator/src/lib.rs:7929::metrics_aggregator)
[WARN] aggregator -- ingest request received (metrics-aggregator/src/lib.rs:7845::metrics_aggregator)
[INFO] aggregator -- ingest payload accepted | peers=1 (metrics-aggregator/src/lib.rs:7929::metrics_aggregator)
[WARN] aggregator -- ingest request received (metrics-aggregator/src/lib.rs:7845::metrics_aggregator)
[INFO] aggregator -- ingest payload accepted | peers=1 (metrics-aggregator/src/lib.rs:7929::metrics_aggregator)
[WARN] aggregator -- ingest request received (metrics-aggregator/src/lib.rs:7845::metrics_aggregator)
[INFO] aggregator -- ingest payload accepted | peers=1 (metrics-aggregator/src/lib.rs:7929::metrics_aggregator)
[WARN] aggregator -- ingest request received (metrics-aggregator/src/lib.rs:7845::metrics_aggregator)
[WARN] aggregator -- bridge anomaly detected | metric=bridge_settlement_results_total, peer=bridge-node, delta=204, mean=1, stddev=0, threshold=5, labels=asset=eth,reason=ok,result=success (metrics-aggregator/src/lib.rs:1036::metrics_aggregator)
[WARN] aggregator -- bridge remediation action emitted | peer=bridge-node, metric=bridge_settlement_results_total, action=escalate, playbook=governance-escalation, occurrences=1, delta=204, threshold=5, ratio=40.8, labels=asset=eth,reason=ok,result=success (metrics-aggregator/src/lib.rs:1099::metrics_aggregator)
[INFO] aggregator -- bridge remediation hook dispatched via http | url=http://override/hook, status=200, peer=bridge-node, metric=bridge_settlement_results_total, action=escalate, playbook=governance-escalation (metrics-aggregator/src/lib.rs:5528::metrics_aggregator)
[INFO] aggregator -- bridge remediation hook persisted to spool | path=/var/folders/r9/vnqtxkjj7rqg1r5xt05zwjnw0000gn/T/sys-18808287438f2d587/escalate/1765554571_1_bridge_node_bridge_settlement_results_total_escalate.json, peer=bridge-node, metric=bridge_settlement_results_total, action=escalate, playbook=governance-escalation (metrics-aggregator/src/lib.rs:5737::metrics_aggregator)
[WARN] aggregator -- bridge remediation acknowledgement pending | peer=bridge-node, metric=bridge_settlement_results_total, action=escalate, playbook=governance-escalation, http, success, timestamp=1765554571, notes=pending (metrics-aggregator/src/lib.rs:1304::metrics_aggregator)
[WARN] aggregator -- bridge remediation awaiting acknowledgement | peer=bridge-node, metric=bridge_settlement_results_total, action=escalate, playbook=governance-escalation, spool, success, attempts=2 (metrics-aggregator/src/lib.rs:1330::metrics_aggregator)
[INFO] aggregator -- ingest payload accepted | peers=1 (metrics-aggregator/src/lib.rs:7929::metrics_aggregator)
[WARN] aggregator -- bridge remediation acknowledgement pending  retrying dispatch | peer=bridge-node, metric=bridge_settlement_results_total, action=escalate, playbook=governance-escalation, attempts=2, retry_count=1, pending_since=1765554571, follow_up=Automated retry 1 after 1s without acknowledgement, labels=asset=eth,reason=ok,result=success (metrics-aggregator/src/lib.rs:1118::metrics_aggregator)
[INFO] aggregator -- bridge remediation hook dispatched via http | url=http://override/hook, status=200, peer=bridge-node, metric=bridge_settlement_results_total, action=escalate, playbook=governance-escalation (metrics-aggregator/src/lib.rs:5528::metrics_aggregator)
[INFO] aggregator -- bridge remediation hook persisted to spool | path=/var/folders/r9/vnqtxkjj7rqg1r5xt05zwjnw0000gn/T/sys-18808287438f2d587/escalate/1765554571_2_bridge_node_bridge_settlement_results_total_escalate.json, peer=bridge-node, metric=bridge_settlement_results_total, action=escalate, playbook=governance-escalation (metrics-aggregator/src/lib.rs:5737::metrics_aggregator)
[INFO] aggregator -- bridge remediation spool artifact removed after acknowledgement | path=/var/folders/r9/vnqtxkjj7rqg1r5xt05zwjnw0000gn/T/sys-18808287438f2d587/escalate/1765554571_1_bridge_node_bridge_settlement_results_total_escalate.json (metrics-aggregator/src/lib.rs:1353::metrics_aggregator)
[INFO] aggregator -- bridge remediation action closed | peer=bridge-node, metric=bridge_settlement_results_total, action=escalate, playbook=governance-escalation, http, success, timestamp=1765554572, notes=cleared (metrics-aggregator/src/lib.rs:1292::metrics_aggregator)
[INFO] aggregator -- bridge remediation spool artifact removed after acknowledgement | path=/var/folders/r9/vnqtxkjj7rqg1r5xt05zwjnw0000gn/T/sys-18808287438f2d587/escalate/1765554571_2_bridge_node_bridge_settlement_results_total_escalate.json (metrics-aggregator/src/lib.rs:1353::metrics_aggregator)
[WARN] aggregator -- bridge remediation awaiting acknowledgement | peer=bridge-node, metric=bridge_settlement_results_total, action=escalate, playbook=governance-escalation, spool, success, attempts=4 (metrics-aggregator/src/lib.rs:1330::metrics_aggregator)
ok
test bridge_remediation_dispatches_to_spool_hooks ... [WARN] aggregator -- ingest request received (metrics-aggregator/src/lib.rs:7845::metrics_aggregator)
[INFO] aggregator -- ingest payload accepted | peers=1 (metrics-aggregator/src/lib.rs:7929::metrics_aggregator)
[WARN] aggregator -- ingest request received (metrics-aggregator/src/lib.rs:7845::metrics_aggregator)
[INFO] aggregator -- ingest payload accepted | peers=1 (metrics-aggregator/src/lib.rs:7929::metrics_aggregator)
[WARN] aggregator -- ingest request received (metrics-aggregator/src/lib.rs:7845::metrics_aggregator)
[INFO] aggregator -- ingest payload accepted | peers=1 (metrics-aggregator/src/lib.rs:7929::metrics_aggregator)
[WARN] aggregator -- ingest request received (metrics-aggregator/src/lib.rs:7845::metrics_aggregator)
[INFO] aggregator -- ingest payload accepted | peers=1 (metrics-aggregator/src/lib.rs:7929::metrics_aggregator)
[WARN] aggregator -- ingest request received (metrics-aggregator/src/lib.rs:7845::metrics_aggregator)
[INFO] aggregator -- ingest payload accepted | peers=1 (metrics-aggregator/src/lib.rs:7929::metrics_aggregator)
[WARN] aggregator -- ingest request received (metrics-aggregator/src/lib.rs:7845::metrics_aggregator)
[INFO] aggregator -- ingest payload accepted | peers=1 (metrics-aggregator/src/lib.rs:7929::metrics_aggregator)
[WARN] aggregator -- failed to persist bridge remediation snapshot | value=Io(Os { code: 2, kind: NotFound, message: "No such file or directory" }) (metrics-aggregator/src/lib.rs:972::metrics_aggregator)
[WARN] aggregator -- bridge remediation acknowledgement pending  retrying dispatch | peer=bridge-node, metric=bridge_settlement_results_total, action=escalate, playbook=governance-escalation, attempts=2, retry_count=1, pending_since=1765554571, follow_up=Automated retry 1 after 1s without acknowledgement, labels=asset=eth,reason=ok,result=success (metrics-aggregator/src/lib.rs:1118::metrics_aggregator)
[INFO] aggregator -- bridge remediation hook persisted to spool | path=/var/folders/r9/vnqtxkjj7rqg1r5xt05zwjnw0000gn/T/sys-18808287438f2d587/escalate/1765554571_3_bridge_node_bridge_settlement_results_total_escalate.json, peer=bridge-node, metric=bridge_settlement_results_total, action=escalate, playbook=governance-escalation (metrics-aggregator/src/lib.rs:5737::metrics_aggregator)
[WARN] aggregator -- failed to persist bridge remediation snapshot | value=Io(Os { code: 2, kind: NotFound, message: "No such file or directory" }) (metrics-aggregator/src/lib.rs:972::metrics_aggregator)
[WARN] aggregator -- bridge remediation awaiting acknowledgement | peer=bridge-node, metric=bridge_settlement_results_total, action=escalate, playbook=governance-escalation, spool, success, attempts=3 (metrics-aggregator/src/lib.rs:1330::metrics_aggregator)
[WARN] aggregator -- ingest request received (metrics-aggregator/src/lib.rs:7845::metrics_aggregator)
[INFO] aggregator -- ingest payload accepted | peers=1 (metrics-aggregator/src/lib.rs:7929::metrics_aggregator)
[WARN] aggregator -- bridge remediation http dispatch failed | error=malformed http response: unresolvable host, url=http://override/hook, peer=bridge-node, metric=bridge_settlement_results_total, action=escalate, playbook=governance-escalation (metrics-aggregator/src/lib.rs:5705::metrics_aggregator)
[WARN] aggregator -- failed to persist bridge remediation snapshot | value=Io(Os { code: 2, kind: NotFound, message: "No such file or directory" }) (metrics-aggregator/src/lib.rs:972::metrics_aggregator)
[WARN] aggregator -- ingest request received (metrics-aggregator/src/lib.rs:7845::metrics_aggregator)
[WARN] aggregator -- bridge anomaly detected | metric=bridge_settlement_results_total, peer=bridge-node, delta=139, mean=1.8333333333333333, stddev=0.6871842709362768, threshold=5.833333333333333, labels=asset=eth,reason=ok,result=success (metrics-aggregator/src/lib.rs:1036::metrics_aggregator)
[WARN] aggregator -- bridge remediation action emitted | peer=bridge-node, metric=bridge_settlement_results_total, action=escalate, playbook=governance-escalation, occurrences=1, delta=139, threshold=5.833333333333333, ratio=23.82857142857143, labels=asset=eth,reason=ok,result=success (metrics-aggregator/src/lib.rs:1099::metrics_aggregator)
[INFO] aggregator -- bridge remediation hook persisted to spool | path=/var/folders/r9/vnqtxkjj7rqg1r5xt05zwjnw0000gn/T/sys-1880828784ccab609/escalate/1765554572_4_bridge_node_bridge_settlement_results_total_escalate.json, peer=bridge-node, metric=bridge_settlement_results_total, action=escalate, playbook=governance-escalation (metrics-aggregator/src/lib.rs:5737::metrics_aggregator)
[WARN] aggregator -- bridge remediation awaiting acknowledgement | peer=bridge-node, metric=bridge_settlement_results_total, action=escalate, playbook=governance-escalation, spool, success, attempts=1 (metrics-aggregator/src/lib.rs:1330::metrics_aggregator)
[INFO] aggregator -- ingest payload accepted | peers=1 (metrics-aggregator/src/lib.rs:7929::metrics_aggregator)
ok
test bridge_remediation_emits_throttle_playbook ... [WARN] aggregator -- ingest request received (metrics-aggregator/src/lib.rs:7845::metrics_aggregator)
[INFO] aggregator -- ingest payload accepted | peers=1 (metrics-aggregator/src/lib.rs:7929::metrics_aggregator)
[WARN] aggregator -- ingest request received (metrics-aggregator/src/lib.rs:7845::metrics_aggregator)
[INFO] aggregator -- ingest payload accepted | peers=1 (metrics-aggregator/src/lib.rs:7929::metrics_aggregator)
[WARN] aggregator -- ingest request received (metrics-aggregator/src/lib.rs:7845::metrics_aggregator)
[INFO] aggregator -- ingest payload accepted | peers=1 (metrics-aggregator/src/lib.rs:7929::metrics_aggregator)
[WARN] aggregator -- ingest request received (metrics-aggregator/src/lib.rs:7845::metrics_aggregator)
[INFO] aggregator -- ingest payload accepted | peers=1 (metrics-aggregator/src/lib.rs:7929::metrics_aggregator)
[WARN] aggregator -- ingest request received (metrics-aggregator/src/lib.rs:7845::metrics_aggregator)
[INFO] aggregator -- ingest payload accepted | peers=1 (metrics-aggregator/src/lib.rs:7929::metrics_aggregator)
[WARN] aggregator -- ingest request received (metrics-aggregator/src/lib.rs:7845::metrics_aggregator)
[INFO] aggregator -- ingest payload accepted | peers=1 (metrics-aggregator/src/lib.rs:7929::metrics_aggregator)
[WARN] aggregator -- ingest request received (metrics-aggregator/src/lib.rs:7845::metrics_aggregator)
[INFO] aggregator -- ingest payload accepted | peers=1 (metrics-aggregator/src/lib.rs:7929::metrics_aggregator)
[WARN] aggregator -- ingest request received (metrics-aggregator/src/lib.rs:7845::metrics_aggregator)
[WARN] aggregator -- bridge anomaly detected | metric=bridge_settlement_results_total, peer=bridge-node, delta=9, mean=1, stddev=0, threshold=5, labels=asset=eth,reason=ok,result=success (metrics-aggregator/src/lib.rs:1036::metrics_aggregator)
[WARN] aggregator -- bridge remediation action emitted | peer=bridge-node, metric=bridge_settlement_results_total, action=throttle, playbook=incentive-throttle, occurrences=1, delta=9, threshold=5, ratio=1.8, labels=asset=eth,reason=ok,result=success (metrics-aggregator/src/lib.rs:1099::metrics_aggregator)
[INFO] aggregator -- ingest payload accepted | peers=1 (metrics-aggregator/src/lib.rs:7929::metrics_aggregator)
ok
test bridge_remediation_escalates_pending_acknowledgements ... [WARN] aggregator -- ingest request received (metrics-aggregator/src/lib.rs:7845::metrics_aggregator)
[INFO] aggregator -- ingest payload accepted | peers=1 (metrics-aggregator/src/lib.rs:7929::metrics_aggregator)
[WARN] aggregator -- ingest request received (metrics-aggregator/src/lib.rs:7845::metrics_aggregator)
[INFO] aggregator -- ingest payload accepted | peers=1 (metrics-aggregator/src/lib.rs:7929::metrics_aggregator)
[WARN] aggregator -- ingest request received (metrics-aggregator/src/lib.rs:7845::metrics_aggregator)
[INFO] aggregator -- ingest payload accepted | peers=1 (metrics-aggregator/src/lib.rs:7929::metrics_aggregator)
[WARN] aggregator -- ingest request received (metrics-aggregator/src/lib.rs:7845::metrics_aggregator)
[INFO] aggregator -- ingest payload accepted | peers=1 (metrics-aggregator/src/lib.rs:7929::metrics_aggregator)
[WARN] aggregator -- ingest request received (metrics-aggregator/src/lib.rs:7845::metrics_aggregator)
[INFO] aggregator -- ingest payload accepted | peers=1 (metrics-aggregator/src/lib.rs:7929::metrics_aggregator)
[WARN] aggregator -- ingest request received (metrics-aggregator/src/lib.rs:7845::metrics_aggregator)
[INFO] aggregator -- ingest payload accepted | peers=1 (metrics-aggregator/src/lib.rs:7929::metrics_aggregator)
[WARN] aggregator -- ingest request received (metrics-aggregator/src/lib.rs:7845::metrics_aggregator)
[INFO] aggregator -- ingest payload accepted | peers=1 (metrics-aggregator/src/lib.rs:7929::metrics_aggregator)
[WARN] aggregator -- ingest request received (metrics-aggregator/src/lib.rs:7845::metrics_aggregator)
[WARN] aggregator -- bridge anomaly detected | metric=bridge_settlement_results_total, peer=bridge-node, delta=9, mean=1, stddev=0, threshold=5, labels=asset=eth,reason=ok,result=success (metrics-aggregator/src/lib.rs:1036::metrics_aggregator)
[WARN] aggregator -- bridge remediation action emitted | peer=bridge-node, metric=bridge_settlement_results_total, action=throttle, playbook=incentive-throttle, occurrences=1, delta=9, threshold=5, ratio=1.8, labels=asset=eth,reason=ok,result=success (metrics-aggregator/src/lib.rs:1099::metrics_aggregator)
[INFO] aggregator -- bridge remediation hook dispatched via http | url=http://override/hook, status=200, peer=bridge-node, metric=bridge_settlement_results_total, action=throttle, playbook=incentive-throttle (metrics-aggregator/src/lib.rs:5528::metrics_aggregator)
[WARN] aggregator -- bridge remediation acknowledgement pending | peer=bridge-node, metric=bridge_settlement_results_total, action=throttle, playbook=incentive-throttle, http, success, timestamp=1765554573, notes=waiting (metrics-aggregator/src/lib.rs:1304::metrics_aggregator)
[INFO] aggregator -- ingest payload accepted | peers=1 (metrics-aggregator/src/lib.rs:7929::metrics_aggregator)
[WARN] aggregator -- bridge remediation acknowledgement pending  retrying dispatch | peer=bridge-node, metric=bridge_settlement_results_total, action=throttle, playbook=incentive-throttle, attempts=1, retry_count=1, pending_since=1765554573, follow_up=Automated retry 1 after 1s without acknowledgement, labels=asset=eth,reason=ok,result=success (metrics-aggregator/src/lib.rs:1118::metrics_aggregator)
[INFO] aggregator -- bridge remediation hook dispatched via http | url=http://override/hook, status=200, peer=bridge-node, metric=bridge_settlement_results_total, action=throttle, playbook=incentive-throttle (metrics-aggregator/src/lib.rs:5528::metrics_aggregator)
[WARN] aggregator -- bridge remediation acknowledgement pending | peer=bridge-node, metric=bridge_settlement_results_total, action=throttle, playbook=incentive-throttle, http, success, timestamp=1765554574, notes=waiting (metrics-aggregator/src/lib.rs:1304::metrics_aggregator)
[WARN] aggregator -- bridge remediation acknowledgement escalation emitted | peer=bridge-node, metric=bridge_settlement_results_total, action=escalate, playbook=governance-escalation, follow_up=Automated escalation after 3s without closure (2 attempts), labels=asset=eth,reason=ok,result=success (metrics-aggregator/src/lib.rs:1133::metrics_aggregator)
[INFO] aggregator -- bridge remediation hook persisted to spool | path=/var/folders/r9/vnqtxkjj7rqg1r5xt05zwjnw0000gn/T/sys-18808287bf86b250c/escalate/1765554576_5_bridge_node_bridge_settlement_results_total_escalate.json, peer=bridge-node, metric=bridge_settlement_results_total, action=escalate, playbook=governance-escalation (metrics-aggregator/src/lib.rs:5737::metrics_aggregator)
[WARN] aggregator -- bridge remediation awaiting acknowledgement | peer=bridge-node, metric=bridge_settlement_results_total, action=escalate, playbook=governance-escalation, spool, success, attempts=1 (metrics-aggregator/src/lib.rs:1330::metrics_aggregator)
[WARN] aggregator -- bridge remediation acknowledgement pending  retrying dispatch | peer=bridge-node, metric=bridge_settlement_results_total, action=escalate, playbook=governance-escalation, attempts=1, retry_count=1, pending_since=1765554576, follow_up=Automated escalation after 3s without closure (2 attempts); retry 1 after 1s without acknowledgement, labels=asset=eth,reason=ok,result=success (metrics-aggregator/src/lib.rs:1118::metrics_aggregator)
[INFO] aggregator -- bridge remediation hook persisted to spool | path=/var/folders/r9/vnqtxkjj7rqg1r5xt05zwjnw0000gn/T/sys-18808287bf86b250c/escalate/1765554576_6_bridge_node_bridge_settlement_results_total_escalate.json, peer=bridge-node, metric=bridge_settlement_results_total, action=escalate, playbook=governance-escalation (metrics-aggregator/src/lib.rs:5737::metrics_aggregator)
[WARN] aggregator -- bridge remediation awaiting acknowledgement | peer=bridge-node, metric=bridge_settlement_results_total, action=escalate, playbook=governance-escalation, spool, success, attempts=2 (metrics-aggregator/src/lib.rs:1330::metrics_aggregator)
ok
test bridge_remediation_exposes_actions ... [WARN] aggregator -- ingest request received (metrics-aggregator/src/lib.rs:7845::metrics_aggregator)
[INFO] aggregator -- ingest payload accepted | peers=1 (metrics-aggregator/src/lib.rs:7929::metrics_aggregator)
[WARN] aggregator -- ingest request received (metrics-aggregator/src/lib.rs:7845::metrics_aggregator)
[INFO] aggregator -- ingest payload accepted | peers=1 (metrics-aggregator/src/lib.rs:7929::metrics_aggregator)
[WARN] aggregator -- ingest request received (metrics-aggregator/src/lib.rs:7845::metrics_aggregator)
[INFO] aggregator -- ingest payload accepted | peers=1 (metrics-aggregator/src/lib.rs:7929::metrics_aggregator)
[WARN] aggregator -- ingest request received (metrics-aggregator/src/lib.rs:7845::metrics_aggregator)
[INFO] aggregator -- ingest payload accepted | peers=1 (metrics-aggregator/src/lib.rs:7929::metrics_aggregator)
[WARN] aggregator -- ingest request received (metrics-aggregator/src/lib.rs:7845::metrics_aggregator)
[INFO] aggregator -- ingest payload accepted | peers=1 (metrics-aggregator/src/lib.rs:7929::metrics_aggregator)
[WARN] aggregator -- ingest request received (metrics-aggregator/src/lib.rs:7845::metrics_aggregator)
[INFO] aggregator -- ingest payload accepted | peers=1 (metrics-aggregator/src/lib.rs:7929::metrics_aggregator)
[WARN] aggregator -- ingest request received (metrics-aggregator/src/lib.rs:7845::metrics_aggregator)
[INFO] aggregator -- ingest payload accepted | peers=1 (metrics-aggregator/src/lib.rs:7929::metrics_aggregator)
[WARN] aggregator -- ingest request received (metrics-aggregator/src/lib.rs:7845::metrics_aggregator)
[WARN] aggregator -- bridge anomaly detected | metric=bridge_settlement_results_total, peer=bridge-node, delta=139, mean=1.8333333333333333, stddev=0.6871842709362768, threshold=5.833333333333333, labels=asset=eth,reason=ok,result=success (metrics-aggregator/src/lib.rs:1036::metrics_aggregator)
[WARN] aggregator -- bridge remediation action emitted | peer=bridge-node, metric=bridge_settlement_results_total, action=escalate, playbook=governance-escalation, occurrences=1, delta=139, threshold=5.833333333333333, ratio=23.82857142857143, labels=asset=eth,reason=ok,result=success (metrics-aggregator/src/lib.rs:1099::metrics_aggregator)
[INFO] aggregator -- ingest payload accepted | peers=1 (metrics-aggregator/src/lib.rs:7929::metrics_aggregator)
ok
test bridge_remediation_parses_text_acknowledgements ... [WARN] aggregator -- ingest request received (metrics-aggregator/src/lib.rs:7845::metrics_aggregator)
[INFO] aggregator -- ingest payload accepted | peers=1 (metrics-aggregator/src/lib.rs:7929::metrics_aggregator)
[WARN] aggregator -- ingest request received (metrics-aggregator/src/lib.rs:7845::metrics_aggregator)
[INFO] aggregator -- ingest payload accepted | peers=1 (metrics-aggregator/src/lib.rs:7929::metrics_aggregator)
[WARN] aggregator -- ingest request received (metrics-aggregator/src/lib.rs:7845::metrics_aggregator)
[INFO] aggregator -- ingest payload accepted | peers=1 (metrics-aggregator/src/lib.rs:7929::metrics_aggregator)
[WARN] aggregator -- ingest request received (metrics-aggregator/src/lib.rs:7845::metrics_aggregator)
[INFO] aggregator -- ingest payload accepted | peers=1 (metrics-aggregator/src/lib.rs:7929::metrics_aggregator)
[WARN] aggregator -- ingest request received (metrics-aggregator/src/lib.rs:7845::metrics_aggregator)
[INFO] aggregator -- ingest payload accepted | peers=1 (metrics-aggregator/src/lib.rs:7929::metrics_aggregator)
[WARN] aggregator -- ingest request received (metrics-aggregator/src/lib.rs:7845::metrics_aggregator)
[INFO] aggregator -- ingest payload accepted | peers=1 (metrics-aggregator/src/lib.rs:7929::metrics_aggregator)
[WARN] aggregator -- ingest request received (metrics-aggregator/src/lib.rs:7845::metrics_aggregator)
[INFO] aggregator -- ingest payload accepted | peers=1 (metrics-aggregator/src/lib.rs:7929::metrics_aggregator)
[WARN] aggregator -- ingest request received (metrics-aggregator/src/lib.rs:7845::metrics_aggregator)
[WARN] aggregator -- bridge anomaly detected | metric=bridge_settlement_results_total, peer=bridge-node, delta=139, mean=1.8333333333333333, stddev=0.6871842709362768, threshold=5.833333333333333, labels=asset=eth,reason=ok,result=success (metrics-aggregator/src/lib.rs:1036::metrics_aggregator)
[WARN] aggregator -- bridge remediation action emitted | peer=bridge-node, metric=bridge_settlement_results_total, action=escalate, playbook=governance-escalation, occurrences=1, delta=139, threshold=5.833333333333333, ratio=23.82857142857143, labels=asset=eth,reason=ok,result=success (metrics-aggregator/src/lib.rs:1099::metrics_aggregator)
[INFO] aggregator -- bridge remediation hook dispatched via http | url=http://override/hook, status=200, peer=bridge-node, metric=bridge_settlement_results_total, action=escalate, playbook=governance-escalation (metrics-aggregator/src/lib.rs:5528::metrics_aggregator)
[INFO] aggregator -- bridge remediation acknowledgement recorded | peer=bridge-node, metric=bridge_settlement_results_total, action=escalate, playbook=governance-escalation, http, success, timestamp=1765554578, notes=pager (metrics-aggregator/src/lib.rs:1280::metrics_aggregator)
[INFO] aggregator -- ingest payload accepted | peers=1 (metrics-aggregator/src/lib.rs:7929::metrics_aggregator)
ok
test bridge_remediation_records_http_acknowledgements ... [WARN] aggregator -- ingest request received (metrics-aggregator/src/lib.rs:7845::metrics_aggregator)
[INFO] aggregator -- ingest payload accepted | peers=1 (metrics-aggregator/src/lib.rs:7929::metrics_aggregator)
[WARN] aggregator -- ingest request received (metrics-aggregator/src/lib.rs:7845::metrics_aggregator)
[INFO] aggregator -- ingest payload accepted | peers=1 (metrics-aggregator/src/lib.rs:7929::metrics_aggregator)
[WARN] aggregator -- ingest request received (metrics-aggregator/src/lib.rs:7845::metrics_aggregator)
[INFO] aggregator -- ingest payload accepted | peers=1 (metrics-aggregator/src/lib.rs:7929::metrics_aggregator)
[WARN] aggregator -- ingest request received (metrics-aggregator/src/lib.rs:7845::metrics_aggregator)
[INFO] aggregator -- ingest payload accepted | peers=1 (metrics-aggregator/src/lib.rs:7929::metrics_aggregator)
[WARN] aggregator -- ingest request received (metrics-aggregator/src/lib.rs:7845::metrics_aggregator)
[INFO] aggregator -- ingest payload accepted | peers=1 (metrics-aggregator/src/lib.rs:7929::metrics_aggregator)
[WARN] aggregator -- ingest request received (metrics-aggregator/src/lib.rs:7845::metrics_aggregator)
[INFO] aggregator -- ingest payload accepted | peers=1 (metrics-aggregator/src/lib.rs:7929::metrics_aggregator)
[WARN] aggregator -- ingest request received (metrics-aggregator/src/lib.rs:7845::metrics_aggregator)
[INFO] aggregator -- ingest payload accepted | peers=1 (metrics-aggregator/src/lib.rs:7929::metrics_aggregator)
[WARN] aggregator -- ingest request received (metrics-aggregator/src/lib.rs:7845::metrics_aggregator)
[WARN] aggregator -- bridge anomaly detected | metric=bridge_settlement_results_total, peer=bridge-node, delta=139, mean=1.8333333333333333, stddev=0.6871842709362768, threshold=5.833333333333333, labels=asset=eth,reason=ok,result=success (metrics-aggregator/src/lib.rs:1036::metrics_aggregator)
[WARN] aggregator -- bridge remediation action emitted | peer=bridge-node, metric=bridge_settlement_results_total, action=escalate, playbook=governance-escalation, occurrences=1, delta=139, threshold=5.833333333333333, ratio=23.82857142857143, labels=asset=eth,reason=ok,result=success (metrics-aggregator/src/lib.rs:1099::metrics_aggregator)
[INFO] aggregator -- bridge remediation hook dispatched via http | url=http://override/hook, status=200, peer=bridge-node, metric=bridge_settlement_results_total, action=escalate, playbook=governance-escalation (metrics-aggregator/src/lib.rs:5528::metrics_aggregator)
[INFO] aggregator -- bridge remediation acknowledgement recorded | peer=bridge-node, metric=bridge_settlement_results_total, action=escalate, playbook=governance-escalation, http, success, timestamp=1765554579, notes=pager (metrics-aggregator/src/lib.rs:1280::metrics_aggregator)
[INFO] aggregator -- ingest payload accepted | peers=1 (metrics-aggregator/src/lib.rs:7929::metrics_aggregator)
ok
test bridge_remediation_records_http_closure_acknowledgements ... [WARN] aggregator -- ingest request received (metrics-aggregator/src/lib.rs:7845::metrics_aggregator)
[INFO] aggregator -- ingest payload accepted | peers=1 (metrics-aggregator/src/lib.rs:7929::metrics_aggregator)
[WARN] aggregator -- ingest request received (metrics-aggregator/src/lib.rs:7845::metrics_aggregator)
[INFO] aggregator -- ingest payload accepted | peers=1 (metrics-aggregator/src/lib.rs:7929::metrics_aggregator)
[WARN] aggregator -- ingest request received (metrics-aggregator/src/lib.rs:7845::metrics_aggregator)
[INFO] aggregator -- ingest payload accepted | peers=1 (metrics-aggregator/src/lib.rs:7929::metrics_aggregator)
[WARN] aggregator -- ingest request received (metrics-aggregator/src/lib.rs:7845::metrics_aggregator)
[INFO] aggregator -- ingest payload accepted | peers=1 (metrics-aggregator/src/lib.rs:7929::metrics_aggregator)
[WARN] aggregator -- ingest request received (metrics-aggregator/src/lib.rs:7845::metrics_aggregator)
[INFO] aggregator -- ingest payload accepted | peers=1 (metrics-aggregator/src/lib.rs:7929::metrics_aggregator)
[WARN] aggregator -- ingest request received (metrics-aggregator/src/lib.rs:7845::metrics_aggregator)
[INFO] aggregator -- ingest payload accepted | peers=1 (metrics-aggregator/src/lib.rs:7929::metrics_aggregator)
[WARN] aggregator -- ingest request received (metrics-aggregator/src/lib.rs:7845::metrics_aggregator)
[INFO] aggregator -- ingest payload accepted | peers=1 (metrics-aggregator/src/lib.rs:7929::metrics_aggregator)
[WARN] aggregator -- ingest request received (metrics-aggregator/src/lib.rs:7845::metrics_aggregator)
[WARN] aggregator -- bridge anomaly detected | metric=bridge_settlement_results_total, peer=bridge-node, delta=196, mean=2.1666666666666665, stddev=0.6871842709362768, threshold=6.166666666666666, labels=asset=btc,reason=ok,result=success (metrics-aggregator/src/lib.rs:1036::metrics_aggregator)
[WARN] aggregator -- bridge remediation action emitted | peer=bridge-node, metric=bridge_settlement_results_total, action=escalate, playbook=governance-escalation, occurrences=1, delta=196, threshold=6.166666666666666, ratio=31.783783783783786, labels=asset=btc,reason=ok,result=success (metrics-aggregator/src/lib.rs:1099::metrics_aggregator)
[INFO] aggregator -- bridge remediation hook dispatched via http | url=http://override/hook, status=200, peer=bridge-node, metric=bridge_settlement_results_total, action=escalate, playbook=governance-escalation (metrics-aggregator/src/lib.rs:5528::metrics_aggregator)
[INFO] aggregator -- bridge remediation action closed | peer=bridge-node, metric=bridge_settlement_results_total, action=escalate, playbook=governance-escalation, http, [INFO] aggregator -- ingest payload accepted | peers=1 (metrics-aggregator/src/lib.rs:7929::metrics_aggregator)
success, timestamp=1765554579, notes=resolved (metrics-aggregator/src/lib.rs:1292::metrics_aggregator)
ok
test bridge_remediation_records_skipped_dispatch_when_unconfigured ... [WARN] aggregator -- ingest request received (metrics-aggregator/src/lib.rs:7845::metrics_aggregator)
[INFO] aggregator -- ingest payload accepted | peers=1 (metrics-aggregator/src/lib.rs:7929::metrics_aggregator)
[WARN] aggregator -- ingest request received (metrics-aggregator/src/lib.rs:7845::metrics_aggregator)
[INFO] aggregator -- ingest payload accepted | peers=1 (metrics-aggregator/src/lib.rs:7929::metrics_aggregator)
[WARN] aggregator -- ingest request received (metrics-aggregator/src/lib.rs:7845::metrics_aggregator)
[INFO] aggregator -- ingest payload accepted | peers=1 (metrics-aggregator/src/lib.rs:7929::metrics_aggregator)
[WARN] aggregator -- ingest request received (metrics-aggregator/src/lib.rs:7845::metrics_aggregator)
[INFO] aggregator -- ingest payload accepted | peers=1 (metrics-aggregator/src/lib.rs:7929::metrics_aggregator)
[WARN] aggregator -- ingest request received (metrics-aggregator/src/lib.rs:7845::metrics_aggregator)
[INFO] aggregator -- ingest payload accepted | peers=1 (metrics-aggregator/src/lib.rs:7929::metrics_aggregator)
[WARN] aggregator -- ingest request received (metrics-aggregator/src/lib.rs:7845::metrics_aggregator)
[INFO] aggregator -- ingest payload accepted | peers=1 (metrics-aggregator/src/lib.rs:7929::metrics_aggregator)
[WARN] aggregator -- ingest request received (metrics-aggregator/src/lib.rs:7845::metrics_aggregator)
[WARN] aggregator -- failed to persist bridge remediation snapshot | value=Io(Os { code: 2, kind: NotFound, message: "No such file or directory" }) (metrics-aggregator/src/lib.rs:972::metrics_aggregator)
[WARN] aggregator -- bridge remediation acknowledgement pending  retrying dispatch | peer=bridge-node, metric=bridge_settlement_results_total, action=escalate, playbook=governance-escalation, attempts=1, retry_count=1, pending_since=1765554565, follow_up=Automated retry 1 after 15s without acknowledgement, labels=asset=eth,reason=ok,result=success (metrics-aggregator/src/lib.rs:1118::metrics_aggregator)
[WARN] aggregator -- bridge remediation http dispatch failed | error=malformed http response: unresolvable host, url=http://override/hook, peer=bridge-node, metric=bridge_settlement_results_total, action=escalate, playbook=governance-escalation (metrics-aggregator/src/lib.rs:5705::metrics_aggregator)
[WARN] aggregator -- failed to persist bridge remediation snapshot | value=Io(Os { code: 2, kind: NotFound, message: "No such file or directory" }) (metrics-aggregator/src/lib.rs:972::metrics_aggregator)
[INFO] aggregator -- ingest payload accepted | peers=1 (metrics-aggregator/src/lib.rs:7929::metrics_aggregator)
[WARN] aggregator -- ingest request received (metrics-aggregator/src/lib.rs:7845::metrics_aggregator)
[WARN] aggregator -- bridge anomaly detected | metric=bridge_settlement_results_total, peer=bridge-node, delta=139, mean=1.8333333333333333, stddev=0.6871842709362768, threshold=5.833333333333333, labels=asset=eth,reason=ok,result=success (metrics-aggregator/src/lib.rs:1036::metrics_aggregator)
[WARN] aggregator -- bridge remediation action emitted | peer=bridge-node, metric=bridge_settlement_results_total, action=escalate, playbook=governance-escalation, occurrences=1, delta=139, threshold=5.833333333333333, ratio=23.82857142857143, labels=asset=eth,reason=ok,result=success (metrics-aggregator/src/lib.rs:1099::metrics_aggregator)
[INFO] aggregator -- ingest payload accepted | peers=1 (metrics-aggregator/src/lib.rs:7929::metrics_aggregator)
ok
test bridge_remediation_records_spool_failures ... [WARN] aggregator -- ingest request received (metrics-aggregator/src/lib.rs:7845::metrics_aggregator)
[INFO] aggregator -- ingest payload accepted | peers=1 (metrics-aggregator/src/lib.rs:7929::metrics_aggregator)
[WARN] aggregator -- ingest request received (metrics-aggregator/src/lib.rs:7845::metrics_aggregator)
[INFO] aggregator -- ingest payload accepted | peers=1 (metrics-aggregator/src/lib.rs:7929::metrics_aggregator)
[WARN] aggregator -- ingest request received (metrics-aggregator/src/lib.rs:7845::metrics_aggregator)
[INFO] aggregator -- ingest payload accepted | peers=1 (metrics-aggregator/src/lib.rs:7929::metrics_aggregator)
[WARN] aggregator -- ingest request received (metrics-aggregator/src/lib.rs:7845::metrics_aggregator)
[INFO] aggregator -- ingest payload accepted | peers=1 (metrics-aggregator/src/lib.rs:7929::metrics_aggregator)
[WARN] aggregator -- ingest request received (metrics-aggregator/src/lib.rs:7845::metrics_aggregator)
[INFO] aggregator -- ingest payload accepted | peers=1 (metrics-aggregator/src/lib.rs:7929::metrics_aggregator)
[WARN] aggregator -- ingest request received (metrics-aggregator/src/lib.rs:7845::metrics_aggregator)
[INFO] aggregator -- ingest payload accepted | peers=1 (metrics-aggregator/src/lib.rs:7929::metrics_aggregator)
[WARN] aggregator -- ingest request received (metrics-aggregator/src/lib.rs:7845::metrics_aggregator)
[INFO] aggregator -- ingest payload accepted | peers=1 (metrics-aggregator/src/lib.rs:7929::metrics_aggregator)
[WARN] aggregator -- ingest request received (metrics-aggregator/src/lib.rs:7845::metrics_aggregator)
[WARN] aggregator -- bridge anomaly detected | metric=bridge_settlement_results_total, peer=bridge-node, delta=139, mean=1.8333333333333333, stddev=0.6871842709362768, threshold=5.833333333333333, labels=asset=eth,reason=ok,result=success (metrics-aggregator/src/lib.rs:1036::metrics_aggregator)
[WARN] aggregator -- bridge remediation action emitted | peer=bridge-node, metric=bridge_settlement_results_total, action=escalate, playbook=governance-escalation, occurrences=1, delta=139, threshold=5.833333333333333, ratio=23.82857142857143, labels=asset=eth,reason=ok,result=success (metrics-aggregator/src/lib.rs:1099::metrics_aggregator)
[WARN] aggregator -- bridge remediation spool dispatch failed | error=File exists (os error 17), peer=bridge-node, metric=bridge_settlement_results_total, action=escalate, playbook=governance-escalation (metrics-aggregator/src/lib.rs:5756::metrics_aggregator)
[INFO] aggregator -- ingest payload accepted | peers=1 (metrics-aggregator/src/lib.rs:7929::metrics_aggregator)
ok
test bridge_remediation_retains_spool_artifacts_after_retry_exhaustion ... [WARN] aggregator -- ingest request received (metrics-aggregator/src/lib.rs:7845::metrics_aggregator)
[INFO] aggregator -- ingest payload accepted | peers=1 (metrics-aggregator/src/lib.rs:7929::metrics_aggregator)
[WARN] aggregator -- ingest request received (metrics-aggregator/src/lib.rs:7845::metrics_aggregator)
[INFO] aggregator -- ingest payload accepted | peers=1 (metrics-aggregator/src/lib.rs:7929::metrics_aggregator)
[WARN] aggregator -- ingest request received (metrics-aggregator/src/lib.rs:7845::metrics_aggregator)
[INFO] aggregator -- ingest payload accepted | peers=1 (metrics-aggregator/src/lib.rs:7929::metrics_aggregator)
[WARN] aggregator -- ingest request received (metrics-aggregator/src/lib.rs:7845::metrics_aggregator)
[INFO] aggregator -- ingest payload accepted | peers=1 (metrics-aggregator/src/lib.rs:7929::metrics_aggregator)
[WARN] aggregator -- ingest request received (metrics-aggregator/src/lib.rs:7845::metrics_aggregator)
[INFO] aggregator -- ingest payload accepted | peers=1 (metrics-aggregator/src/lib.rs:7929::metrics_aggregator)
[WARN] aggregator -- ingest request received (metrics-aggregator/src/lib.rs:7845::metrics_aggregator)
[INFO] aggregator -- ingest payload accepted | peers=1 (metrics-aggregator/src/lib.rs:7929::metrics_aggregator)
[WARN] aggregator -- ingest request received (metrics-aggregator/src/lib.rs:7845::metrics_aggregator)
[INFO] aggregator -- ingest payload accepted | peers=1 (metrics-aggregator/src/lib.rs:7929::metrics_aggregator)
[WARN] aggregator -- ingest request received (metrics-aggregator/src/lib.rs:7845::metrics_aggregator)
[WARN] aggregator -- bridge anomaly detected | metric=bridge_settlement_results_total, peer=bridge-node, delta=224, mean=1, stddev=0, threshold=5, labels=asset=eth,reason=ok,result=success (metrics-aggregator/src/lib.rs:1036::metrics_aggregator)
[WARN] aggregator -- bridge remediation action emitted | peer=bridge-node, metric=bridge_settlement_results_total, action=escalate, playbook=governance-escalation, occurrences=1, delta=224, threshold=5, ratio=44.8, labels=asset=eth,reason=ok,result=success (metrics-aggregator/src/lib.rs:1099::metrics_aggregator)
[INFO] aggregator -- bridge remediation hook persisted to spool | path=/var/folders/r9/vnqtxkjj7rqg1r5xt05zwjnw0000gn/T/sys-1880828972500a4815/escalate/1765554581_7_bridge_node_bridge_settlement_results_total_escalate.json, peer=bridge-node, metric=bridge_settlement_results_total, action=escalate, playbook=governance-escalation (metrics-aggregator/src/lib.rs:5737::metrics_aggregator)
[WARN] aggregator -- bridge remediation awaiting acknowledgement | peer=bridge-node, metric=bridge_settlement_results_total, action=escalate, playbook=governance-escalation, spool, success, attempts=1 (metrics-aggregator/src/lib.rs:1330::metrics_aggregator)
[INFO] aggregator -- ingest payload accepted | peers=1 (metrics-aggregator/src/lib.rs:7929::metrics_aggregator)
[WARN] aggregator -- bridge remediation acknowledgement pending  retrying dispatch | peer=bridge-node, metric=bridge_settlement_results_total, action=escalate, playbook=governance-escalation, attempts=1, retry_count=1, pending_since=1765554581, follow_up=Automated retry 1 after 1s without acknowledgement, labels=asset=eth,reason=ok,result=success (metrics-aggregator/src/lib.rs:1118::metrics_aggregator)
[INFO] aggregator -- bridge remediation hook persisted to spool | path=/var/folders/r9/vnqtxkjj7rqg1r5xt05zwjnw0000gn/T/sys-1880828972500a4815/escalate/1765554581_8_bridge_node_bridge_settlement_results_total_escalate.json, peer=bridge-node, metric=bridge_settlement_results_total, action=escalate, playbook=governance-escalation (metrics-aggregator/src/lib.rs:5737::metrics_aggregator)
[WARN] aggregator -- bridge remediation awaiting acknowledgement | peer=bridge-node, metric=bridge_settlement_results_total, action=escalate, playbook=governance-escalation, spool, success, attempts=2 (metrics-aggregator/src/lib.rs:1330::metrics_aggregator)
[WARN] aggregator -- bridge remediation acknowledgement pending  retrying dispatch | peer=bridge-node, metric=bridge_settlement_results_total, action=escalate, playbook=governance-escalation, attempts=2, retry_count=2, pending_since=1765554581, follow_up=Automated retry 1 after 1s without acknowledgement; retry 2 after 2s without acknowledgement, labels=asset=eth,reason=ok,result=success (metrics-aggregator/src/lib.rs:1118::metrics_aggregator)
[INFO] aggregator -- bridge remediation hook persisted to spool | path=/var/folders/r9/vnqtxkjj7rqg1r5xt05zwjnw0000gn/T/sys-1880828972500a4815/escalate/1765554581_9_bridge_node_bridge_settlement_results_total_escalate.json, peer=bridge-node, metric=bridge_settlement_results_total, action=escalate, playbook=governance-escalation (metrics-aggregator/src/lib.rs:5737::metrics_aggregator)
[WARN] aggregator -- bridge remediation awaiting acknowledgement | peer=bridge-node, metric=bridge_settlement_results_total, action=escalate, playbook=governance-escalation, spool, success, attempts=3 (metrics-aggregator/src/lib.rs:1330::metrics_aggregator)
ok
test bridge_remediation_retries_pending_acknowledgements ... [WARN] aggregator -- ingest request received (metrics-aggregator/src/lib.rs:7845::metrics_aggregator)
[INFO] aggregator -- ingest payload accepted | peers=1 (metrics-aggregator/src/lib.rs:7929::metrics_aggregator)
[WARN] aggregator -- ingest request received (metrics-aggregator/src/lib.rs:7845::metrics_aggregator)
[INFO] aggregator -- ingest payload accepted | peers=1 (metrics-aggregator/src/lib.rs:7929::metrics_aggregator)
[WARN] aggregator -- ingest request received (metrics-aggregator/src/lib.rs:7845::metrics_aggregator)
[INFO] aggregator -- ingest payload accepted | peers=1 (metrics-aggregator/src/lib.rs:7929::metrics_aggregator)
[WARN] aggregator -- ingest request received (metrics-aggregator/src/lib.rs:7845::metrics_aggregator)
[INFO] aggregator -- ingest payload accepted | peers=1 (metrics-aggregator/src/lib.rs:7929::metrics_aggregator)
[WARN] aggregator -- ingest request received (metrics-aggregator/src/lib.rs:7845::metrics_aggregator)
[INFO] aggregator -- ingest payload accepted | peers=1 (metrics-aggregator/src/lib.rs:7929::metrics_aggregator)
[WARN] aggregator -- ingest request received (metrics-aggregator/src/lib.rs:7845::metrics_aggregator)
[INFO] aggregator -- ingest payload accepted | peers=1 (metrics-aggregator/src/lib.rs:7929::metrics_aggregator)
[WARN] aggregator -- ingest request received (metrics-aggregator/src/lib.rs:7845::metrics_aggregator)
[INFO] aggregator -- ingest payload accepted | peers=1 (metrics-aggregator/src/lib.rs:7929::metrics_aggregator)
[WARN] aggregator -- ingest request received (metrics-aggregator/src/lib.rs:7845::metrics_aggregator)
[WARN] aggregator -- bridge anomaly detected | metric=bridge_settlement_results_total, peer=bridge-node, delta=139, mean=1.8333333333333333, stddev=0.6871842709362768, threshold=5.833333333333333, labels=asset=eth,reason=ok,result=success (metrics-aggregator/src/lib.rs:1036::metrics_aggregator)
[WARN] aggregator -- bridge remediation action emitted | peer=bridge-node, metric=bridge_settlement_results_total, action=escalate, playbook=governance-escalation, occurrences=1, delta=139, threshold=5.833333333333333, ratio=23.82857142857143, labels=asset=eth,reason=ok,result=success (metrics-aggregator/src/lib.rs:1099::metrics_aggregator)
[INFO] aggregator -- bridge remediation hook dispatched via http | url=http://override/hook, status=200, peer=bridge-node, metric=bridge_settlement_results_total, action=escalate, playbook=governance-escalation (metrics-aggregator/src/lib.rs:5528::metrics_aggregator)
[WARN] aggregator -- bridge remediation acknowledgement pending | peer=bridge-node, metric=bridge_settlement_results_total, action=escalate, playbook=governance-escalation, http, success, timestamp=1765554584, notes=pending (metrics-aggregator/src/lib.rs:1304::metrics_aggregator)
[INFO] aggregator -- ingest payload accepted | peers=1 (metrics-aggregator/src/lib.rs:7929::metrics_aggregator)
[WARN] aggregator -- bridge remediation acknowledgement pending  retrying dispatch | peer=bridge-node, metric=bridge_settlement_results_total, action=escalate, playbook=governance-escalation, attempts=1, retry_count=1, pending_since=1765554584, follow_up=Automated retry 1 after 1s without acknowledgement, labels=asset=eth,reason=ok,result=success (metrics-aggregator/src/lib.rs:1118::metrics_aggregator)
[INFO] aggregator -- bridge remediation hook dispatched via http | url=http://override/hook, status=200, peer=bridge-node, metric=bridge_settlement_results_total, action=escalate, playbook=governance-escalation (metrics-aggregator/src/lib.rs:5528::metrics_aggregator)
[WARN] aggregator -- bridge remediation acknowledgement pending | peer=bridge-node, metric=bridge_settlement_results_total, action=escalate, playbook=governance-escalation, http, success, timestamp=1765554585, notes=pending (metrics-aggregator/src/lib.rs:1304::metrics_aggregator)
ok
test remediation_spool_sandbox_restores_environment ... ok

test result: ok. 19 passed; 0 failed; 0 ignored; 0 measured; 0 filtered out; finished in 31.27s

     Running tests/correlation.rs (target/debug/deps/correlation-7a8b5e117e04646d)

running 1 test
test indexes_correlation_entries ... [WARN] aggregator -- ingest request received (metrics-aggregator/src/lib.rs:7845::metrics_aggregator)
[INFO] aggregator -- indexed metric/log correlation | anomaly_metric, peer=peer-1, correlation=def456 (metrics-aggregator/src/lib.rs:1383::metrics_aggregator)
[INFO] aggregator -- indexed metric/log correlation | quic_handshake_fail_total, peer=peer-1, correlation=abc123 (metrics-aggregator/src/lib.rs:1383::metrics_aggregator)
[INFO] aggregator -- quic handshake failures increased | metric=quic_handshake_fail_total, peer=peer-1, correlation=abc123 (metrics-aggregator/src/lib.rs:1417::metrics_aggregator)
[WARN] aggregator -- log dump skipped; log API configuration missing | correlation=abc123 (metrics-aggregator/src/lib.rs:7755::metrics_aggregator)
[INFO] aggregator -- ingest payload accepted | peers=1 (metrics-aggregator/src/lib.rs:7929::metrics_aggregator)
ok

test result: ok. 1 passed; 0 failed; 0 ignored; 0 measured; 0 filtered out; finished in 0.03s

     Running tests/explorer_payouts.rs (target/debug/deps/explorer_payouts-79cea2becaea683d)

running 6 tests
test explorer_payout_counters_are_peer_scoped ... [WARN] aggregator -- ingest request received (metrics-aggregator/src/lib.rs:7845::metrics_aggregator)
[INFO] aggregator -- ingest payload accepted | peers=1 (metrics-aggregator/src/lib.rs:7929::metrics_aggregator)
[WARN] aggregator -- ingest request received (metrics-aggregator/src/lib.rs:7845::metrics_aggregator)
[INFO] aggregator -- ingest payload accepted | peers=1 (metrics-aggregator/src/lib.rs:7929::metrics_aggregator)
[WARN] aggregator -- ingest request received (metrics-aggregator/src/lib.rs:7845::metrics_aggregator)
[TRACE] aggregator -- ignored regressed explorer payout counter sample | value=explorer-alpha, metric=explorer_block_payout_read_total, value=viewer, observed=115, cached=120 (metrics-aggregator/src/lib.rs:1728::metrics_aggregator)
[TRACE] aggregator -- ignored regressed explorer payout counter sample | value=explorer-alpha, metric=explorer_block_payout_ad_total, value=viewer, observed=28, cached=30 (metrics-aggregator/src/lib.rs:1728::metrics_aggregator)
[INFO] aggregator -- ingest payload accepted | peers=2 (metrics-aggregator/src/lib.rs:7929::metrics_aggregator)
ok
test explorer_payout_counters_ignore_decreases ... [WARN] aggregator -- ingest request received (metrics-aggregator/src/lib.rs:7845::metrics_aggregator)
[INFO] aggregator -- ingest payload accepted | peers=1 (metrics-aggregator/src/lib.rs:7929::metrics_aggregator)
[WARN] aggregator -- ingest request received (metrics-aggregator/src/lib.rs:7845::metrics_aggregator)
[INFO] aggregator -- ingest payload accepted | peers=1 (metrics-aggregator/src/lib.rs:7929::metrics_aggregator)
[WARN] aggregator -- ingest request received (metrics-aggregator/src/lib.rs:7845::metrics_aggregator)
[TRACE] aggregator -- ignored regressed explorer payout counter sample | value=explorer-node, metric=explorer_block_payout_read_total, value=host, observed=55, cached=75 (metrics-aggregator/src/lib.rs:1728::metrics_aggregator)
[TRACE] aggregator -- ignored regressed explorer payout counter sample | value=explorer-node, metric=explorer_block_payout_read_total, value=viewer, observed=90, cached=150 (metrics-aggregator/src/lib.rs:1728::metrics_aggregator)
[TRACE] aggregator -- ignored regressed explorer payout counter sample | value=explorer-node, metric=explorer_block_payout_ad_total, value=viewer, observed=10, cached=25 (metrics-aggregator/src/lib.rs:1728::metrics_aggregator)
[TRACE] aggregator -- ignored regressed explorer payout counter sample | value=explorer-node, metric=explorer_block_payout_ad_total, value=miner, observed=3, cached=6 (metrics-aggregator/src/lib.rs:1728::metrics_aggregator)
[INFO] aggregator -- ingest payload accepted | peers=1 (metrics-aggregator/src/lib.rs:7929::metrics_aggregator)
ok
test explorer_payout_counters_increment_on_ingest ... [WARN] aggregator -- ingest request received (metrics-aggregator/src/lib.rs:7845::metrics_aggregator)
[INFO] aggregator -- ingest payload accepted | peers=1 (metrics-aggregator/src/lib.rs:7929::metrics_aggregator)
[WARN] aggregator -- ingest request received (metrics-aggregator/src/lib.rs:7845::metrics_aggregator)
[INFO] aggregator -- ingest payload accepted | peers=1 (metrics-aggregator/src/lib.rs:7929::metrics_aggregator)
ok
test explorer_payout_counters_remain_monotonic_with_role_churn ... [WARN] aggregator -- ingest request received (metrics-aggregator/src/lib.rs:7845::metrics_aggregator)
[INFO] aggregator -- ingest payload accepted | peers=1 (metrics-aggregator/src/lib.rs:7929::metrics_aggregator)
[WARN] aggregator -- ingest request received (metrics-aggregator/src/lib.rs:7845::metrics_aggregator)
[TRACE] aggregator -- ignored regressed explorer payout counter sample | value=explorer-node, metric=explorer_block_payout_ad_total, value=liquidity, observed=3, cached=5 (metrics-aggregator/src/lib.rs:1728::metrics_aggregator)
[INFO] aggregator -- ingest payload accepted | peers=1 (metrics-aggregator/src/lib.rs:7929::metrics_aggregator)
[WARN] aggregator -- ingest request received (metrics-aggregator/src/lib.rs:7845::metrics_aggregator)
[TRACE] aggregator -- ignored regressed explorer payout counter sample | value=explorer-node, metric=explorer_block_payout_read_total, value=host, observed=70, cached=80 (metrics-aggregator/src/lib.rs:1728::metrics_aggregator)
[TRACE] aggregator -- ignored regressed explorer payout counter sample | value=explorer-node, metric=explorer_block_payout_read_total, value=viewer, observed=240, cached=250 (metrics-aggregator/src/lib.rs:1728::metrics_aggregator)
[TRACE] aggregator -- ignored regressed explorer payout counter sample | value=explorer-node, metric=explorer_block_payout_ad_total, value=viewer, observed=40, cached=55 (metrics-aggregator/src/lib.rs:1728::metrics_aggregator)
[TRACE] aggregator -- ignored regressed explorer payout counter sample | value=explorer-node, metric=explorer_block_payout_ad_total, value=hardware, observed=10, cached=15 (metrics-aggregator/src/lib.rs:1728::metrics_aggregator)
[TRACE] aggregator -- ignored regressed explorer payout counter sample | value=explorer-node, metric=explorer_block_payout_ad_total, value=miner, observed=8, cached=10 (metrics-aggregator/src/lib.rs:1728::metrics_aggregator)
[INFO] aggregator -- ingest payload accepted | peers=1 (metrics-aggregator/src/lib.rs:7929::metrics_aggregator)
[WARN] aggregator -- ingest request received (metrics-aggregator/src/lib.rs:7845::metrics_aggregator)
[TRACE] aggregator -- ignored regressed explorer payout counter sample | value=explorer-node, metric=explorer_block_payout_read_total, value=host, observed=75, cached=80 (metrics-aggregator/src/lib.rs:1728::metrics_aggregator)
[INFO] aggregator -- ingest payload accepted | peers=1 (metrics-aggregator/src/lib.rs:7929::metrics_aggregator)
ok
test explorer_payout_ingest_handles_high_role_cardinality ... [WARN] aggregator -- ingest request received (metrics-aggregator/src/lib.rs:7845::metrics_aggregator)
[INFO] aggregator -- ingest payload accepted | peers=1 (metrics-aggregator/src/lib.rs:7929::metrics_aggregator)
[WARN] aggregator -- ingest request received (metrics-aggregator/src/lib.rs:7845::metrics_aggregator)
[INFO] aggregator -- ingest payload accepted | peers=1 (metrics-aggregator/src/lib.rs:7929::metrics_aggregator)
[WARN] aggregator -- ingest request received (metrics-aggregator/src/lib.rs:7845::metrics_aggregator)
[INFO] aggregator -- ingest payload accepted | peers=1 (metrics-aggregator/src/lib.rs:7929::metrics_aggregator)
[WARN] aggregator -- ingest request received (metrics-aggregator/src/lib.rs:7845::metrics_aggregator)
[INFO] aggregator -- ingest payload accepted | peers=1 (metrics-aggregator/src/lib.rs:7929::metrics_aggregator)
[WARN] aggregator -- ingest request received (metrics-aggregator/src/lib.rs:7845::metrics_aggregator)
[INFO] aggregator -- ingest payload accepted | peers=1 (metrics-aggregator/src/lib.rs:7929::metrics_aggregator)
[WARN] aggregator -- ingest request received (metrics-aggregator/src/lib.rs:7845::metrics_aggregator)
[INFO] aggregator -- ingest payload accepted | peers=1 (metrics-aggregator/src/lib.rs:7929::metrics_aggregator)
[WARN] aggregator -- ingest request received (metrics-aggregator/src/lib.rs:7845::metrics_aggregator)
[INFO] aggregator -- ingest payload accepted | peers=1 (metrics-aggregator/src/lib.rs:7929::metrics_aggregator)
[WARN] aggregator -- ingest request received (metrics-aggregator/src/lib.rs:7845::metrics_aggregator)
[INFO] aggregator -- ingest payload accepted | peers=1 (metrics-aggregator/src/lib.rs:7929::metrics_aggregator)
[WARN] aggregator -- ingest request received (metrics-aggregator/src/lib.rs:7845::metrics_aggregator)
[INFO] aggregator -- ingest payload accepted | peers=1 (metrics-aggregator/src/lib.rs:7929::metrics_aggregator)
[WARN] aggregator -- ingest request received (metrics-aggregator/src/lib.rs:7845::metrics_aggregator)
[INFO] aggregator -- ingest payload accepted | peers=1 (metrics-aggregator/src/lib.rs:7929::metrics_aggregator)
[WARN] aggregator -- ingest request received (metrics-aggregator/src/lib.rs:7845::metrics_aggregator)
[INFO] aggregator -- ingest payload accepted | peers=1 (metrics-aggregator/src/lib.rs:7929::metrics_aggregator)
[WARN] aggregator -- ingest request received (metrics-aggregator/src/lib.rs:7845::metrics_aggregator)
[INFO] aggregator -- ingest payload accepted | peers=1 (metrics-aggregator/src/lib.rs:7929::metrics_aggregator)
[WARN] aggregator -- ingest request received (metrics-aggregator/src/lib.rs:7845::metrics_aggregator)
[INFO] aggregator -- ingest payload accepted | peers=1 (metrics-aggregator/src/lib.rs:7929::metrics_aggregator)
[WARN] aggregator -- ingest request received (metrics-aggregator/src/lib.rs:7845::metrics_aggregator)
[INFO] aggregator -- ingest payload accepted | peers=1 (metrics-aggregator/src/lib.rs:7929::metrics_aggregator)
[WARN] aggregator -- ingest request received (metrics-aggregator/src/lib.rs:7845::metrics_aggregator)
[INFO] aggregator -- ingest payload accepted | peers=1 (metrics-aggregator/src/lib.rs:7929::metrics_aggregator)
[WARN] aggregator -- ingest request received (metrics-aggregator/src/lib.rs:7845::metrics_aggregator)
[INFO] aggregator -- ingest payload accepted | peers=1 (metrics-aggregator/src/lib.rs:7929::metrics_aggregator)
[WARN] aggregator -- ingest request received (metrics-aggregator/src/lib.rs:7845::metrics_aggregator)
[INFO] aggregator -- ingest payload accepted | peers=1 (metrics-aggregator/src/lib.rs:7929::metrics_aggregator)
[WARN] aggregator -- ingest request received (metrics-aggregator/src/lib.rs:7845::metrics_aggregator)
[INFO] aggregator -- ingest payload accepted | peers=1 (metrics-aggregator/src/lib.rs:7929::metrics_aggregator)
[WARN] aggregator -- ingest request received (metrics-aggregator/src/lib.rs:7845::metrics_aggregator)
[INFO] aggregator -- ingest payload accepted | peers=1 (metrics-aggregator/src/lib.rs:7929::metrics_aggregator)
[WARN] aggregator -- ingest request received (metrics-aggregator/src/lib.rs:7845::metrics_aggregator)
[INFO] aggregator -- ingest payload accepted | peers=1 (metrics-aggregator/src/lib.rs:7929::metrics_aggregator)
ok
test explorer_payout_summary_metrics_exposed ... [WARN] aggregator -- ingest request received (metrics-aggregator/src/lib.rs:7845::metrics_aggregator)
[INFO] aggregator -- ingest payload accepted | peers=1 (metrics-aggregator/src/lib.rs:7929::metrics_aggregator)
ok

test result: ok. 6 passed; 0 failed; 0 ignored; 0 measured; 0 filtered out; finished in 0.93s

     Running tests/naming.rs (target/debug/deps/naming-fe00d306d815b694)

running 1 test
test metric_names_follow_convention ... ok

test result: ok. 1 passed; 0 failed; 0 ignored; 0 measured; 0 filtered out; finished in 0.09s

     Running tests/telemetry.rs (target/debug/deps/telemetry-6b23c4f1c7dce852)

running 3 tests
test runtime_bridge_updates_foundation_metrics ... ok
test telemetry_rejects_schema_drift ... [WARN] aggregator -- telemetry payload rejected by schema guard | value=/memory, value=missing field (metrics-aggregator/src/lib.rs:8159::metrics_aggregator)
ok
test telemetry_round_trip ... ok

test result: ok. 3 passed; 0 failed; 0 ignored; 0 measured; 0 filtered out; finished in 0.02s

     Running tests/tls_warning_end_to_end.rs (target/debug/deps/tls_warning_end_to_end-0cbad91f2b1d5678)

running 1 test
test diagnostics_warnings_surface_over_http ... [WARN] http_env.tls_env -- tls_env_warning | prefix=TB_TEST_TLS_1765554586987264000, code=missing_identity_component, detail=identity requires both TB_TEST_TLS_1765554586987264000_CERT and TB_TEST_TLS_1765554586987264000_KEY; missing TB_TEST_TLS_1765554586987264000_KEY, variables=["TB_TEST_TLS_1765554586987264000_KEY"] (crates/http_env/src/lib.rs:239::http_env)
[INFO] aggregator -- observed new tls env warning detail fingerprint | prefix=TB_TEST_TLS_1765554586987264000, code=missing_identity_component, fingerprint=18f391664d8f0e96 (metrics-aggregator/src/lib.rs:4741::metrics_aggregator)
[INFO] aggregator -- observed new tls env warning variables fingerprint | prefix=TB_TEST_TLS_1765554586987264000, code=missing_identity_component, fingerprint=7dd9be5ba4dff462 (metrics-aggregator/src/lib.rs:4757::metrics_aggregator)
[WARN] aggregator -- ingest request received (metrics-aggregator/src/lib.rs:7845::metrics_aggregator)
[INFO] aggregator -- observed new tls env warning detail fingerprint | prefix=TB_NODE_TLS_1765554586988042000, code=missing_anchor_1765554586988042000, fingerprint=dadbbf3f78b9e641 (metrics-aggregator/src/lib.rs:4741::metrics_aggregator)
[INFO] aggregator -- observed new tls env warning variables fingerprint | prefix=TB_NODE_TLS_1765554586988042000, code=missing_anchor_1765554586988042000, fingerprint=dd402446eb6af4ef (metrics-aggregator/src/lib.rs:4757::metrics_aggregator)
[INFO] aggregator -- ingest payload accepted | peers=1 (metrics-aggregator/src/lib.rs:7929::metrics_aggregator)
[WARN] aggregator -- ingest request received (metrics-aggregator/src/lib.rs:7845::metrics_aggregator)
[INFO] aggregator -- ingest payload accepted | peers=1 (metrics-aggregator/src/lib.rs:7929::metrics_aggregator)
ok

test result: ok. 1 passed; 0 failed; 0 ignored; 0 measured; 0 filtered out; finished in 0.04s

     Running tests/treasury.rs (target/debug/deps/treasury-b096f4763c59fb7a)

running 3 tests
test treasury_metrics_accept_legacy_string_fields ... [WARN] aggregator -- parsed treasury balance history via legacy schema | path=/var/folders/r9/vnqtxkjj7rqg1r5xt05zwjnw0000gn/T/sys-1880828ae78091d80/treasury_balance.json, error=treasury balance JSON: missing id (metrics-aggregator/src/lib.rs:8377::metrics_aggregator)
ok
test treasury_metrics_exposed_via_prometheus ... ok
test treasury_metrics_from_store_source ... ok

test result: ok. 3 passed; 0 failed; 0 ignored; 0 measured; 0 filtered out; finished in 0.15s

     Running unittests src/main.rs (target/debug/deps/mock_energy_oracle-75fcd3b0a066c2f7)

running 0 tests

test result: ok. 0 passed; 0 failed; 0 ignored; 0 measured; 0 filtered out; finished in 0.00s

     Running unittests src/lib.rs (target/debug/deps/monitoring_build-8df4d8b5dc9db6a8)

running 26 tests
test alert_validator::tests::extracts_bridge_alerts ... ok
test alert_validator::tests::validates_all_rules ... ok
test alert_validator::tests::validates_bridge_rules ... ok
test alert_validator::tests::validates_chain_health_rules ... ok
test alert_validator::tests::validates_dependency_rules ... ok
test alert_validator::tests::validates_treasury_rules ... ok
test chaos::tests::decode_rejects_malformed_signer_array ... ok
test chaos::tests::decode_rejects_malformed_site_readiness ... ok
test chaos::tests::decode_rejects_unknown_module ... ok
test chaos::tests::detects_digest_tampering ... ok
test chaos::tests::normalizes_attestation_bounds ... ok
test chaos::tests::rejects_invalid_window_bounds ... ok
test dashboard::tests::applies_overrides ... ok
test dashboard::tests::bridge_metrics_render_in_dedicated_row ... ok
test dashboard::tests::format_metric_value_trims_trailing_zeroes ... ok
test dashboard::tests::groups_metrics_by_prefix ... ok
test dashboard::tests::parse_prometheus_snapshot_skips_histograms ... ok
test dashboard::tests::payouts_row_includes_grouped_panels ... ok
test dashboard::tests::range_boost_metrics_render_in_row ... ok
test dashboard::tests::rejects_invalid_metric ... ok
test dashboard::tests::render_html_snapshot_renders_sections ... ok
test dashboard::tests::tls_last_seen_and_freshness_panels_are_included ... ok
test dashboard::tests::tls_panel_is_included_with_custom_query ... ok
test dashboard::tests::tls_status_scalar_panels_are_included ... ok
test dashboard::tests::treasury_metrics_render_in_dedicated_row ... ok
test metrics::tests::recorder_tracks_success_and_error_counts ... ok

test result: ok. 26 passed; 0 failed; 0 ignored; 0 measured; 0 filtered out; finished in 53.52s

     Running unittests src/bin/bridge-alert-validator.rs (target/debug/deps/bridge_alert_validator-49c0bd65ef0926fe)

running 0 tests

test result: ok. 0 passed; 0 failed; 0 ignored; 0 measured; 0 filtered out; finished in 0.00s

     Running unittests src/bin/compare_tls_warnings.rs (target/debug/deps/compare_tls_warnings-9003484e3b15e723)

running 0 tests

test result: ok. 0 passed; 0 failed; 0 ignored; 0 measured; 0 filtered out; finished in 0.00s

     Running unittests src/bin/snapshot.rs (target/debug/deps/monitoring_snapshot-01ea737ae0297132)

running 0 tests

test result: ok. 0 passed; 0 failed; 0 ignored; 0 measured; 0 filtered out; finished in 0.00s

     Running tests/dashboard.rs (target/debug/deps/dashboard-889118010b73b07d)

running 5 tests
test dashboard_ack_latency_panel_includes_targets ... ok
test dashboard_snapshot ... ok
test dashboards_include_bridge_counter_panels ... ok
test dashboards_include_bridge_remediation_legends_and_tooltips ... ok
test dashboards_include_payout_last_seen_panels ... ok

test result: ok. 5 passed; 0 failed; 0 ignored; 0 measured; 0 filtered out; finished in 18.35s

     Running tests/peer_id_smoke.rs (target/debug/deps/peer_id_smoke-0e12cdc9ab05888a)

running 4 tests
test harness_accepts_known_good_payload ... ok
test harness_ignores_binary_garbage ... ok
test peer_id::tests::ignores_non_utf8_sequences ... ok
test peer_id::tests::roundtrips_valid_id ... ok

test result: ok. 4 passed; 0 failed; 0 ignored; 0 measured; 0 filtered out; finished in 0.00s

     Running unittests src/lib.rs (target/debug/deps/oracle_adapter-7a338c8e9234132f)

running 4 tests
test tests::signing_bytes_hashes_payload ... ok
test tests::verifier_accepts_valid_signature ... ok
test tests::verifier_rejects_invalid_signature ... ok
test tests::verifier_skips_unregistered_provider ... ok

test result: ok. 4 passed; 0 failed; 0 ignored; 0 measured; 0 filtered out; finished in 15.06s

     Running unittests src/lib.rs (target/debug/deps/p2p_overlay-b09ea1941d005271)

running 0 tests

test result: ok. 0 passed; 0 failed; 0 ignored; 0 measured; 0 filtered out; finished in 0.00s

     Running tests/inhouse_overlay.rs (target/debug/deps/inhouse_overlay-b50fe2e1138ead3f)

running 3 tests
test discovery_nearest_peer_orders_by_distance ... ok
test inhouse_overlay_persists_and_loads_peers ... ok
test stub_overlay_reports_metrics ... ok

test result: ok. 3 passed; 0 failed; 0 ignored; 0 measured; 0 filtered out; finished in 0.00s

     Running unittests src/lib.rs (target/debug/deps/pqcrypto_dilithium-ab1eade3ef4aaf62)

running 0 tests

test result: ok. 0 passed; 0 failed; 0 ignored; 0 measured; 0 filtered out; finished in 0.00s

     Running unittests src/lib.rs (target/debug/deps/pqcrypto_kyber-39de1aa8d3213d1f)

running 0 tests

test result: ok. 0 passed; 0 failed; 0 ignored; 0 measured; 0 filtered out; finished in 0.00s

     Running unittests src/lib.rs (target/debug/deps/privacy-08fc2f498d073de9)

running 0 tests

test result: ok. 0 passed; 0 failed; 0 ignored; 0 measured; 0 filtered out; finished in 0.00s

     Running unittests src/main.rs (target/debug/deps/probe-c2ed4b2abfe6f52f)

running 0 tests

test result: ok. 0 passed; 0 failed; 0 ignored; 0 measured; 0 filtered out; finished in 0.00s

     Running unittests src/main.rs (target/debug/deps/provenance_verify-cd8cf03b2b3de905)

running 0 tests

test result: ok. 0 passed; 0 failed; 0 ignored; 0 measured; 0 filtered out; finished in 0.00s

     Running unittests src/lib.rs (target/debug/deps/python_bridge-24a8d004592710d2)

running 1 test
test tests::python_runtime_behaviour ... ok

test result: ok. 1 passed; 0 failed; 0 ignored; 0 measured; 0 filtered out; finished in 0.00s

     Running unittests src/lib.rs (target/debug/deps/python_bridge_macros-2514f79df53b8b7e)

running 0 tests

test result: ok. 0 passed; 0 failed; 0 ignored; 0 measured; 0 filtered out; finished in 0.00s

     Running unittests src/lib.rs (target/debug/deps/rand-465122c5d7d3657b)

running 0 tests

test result: ok. 0 passed; 0 failed; 0 ignored; 0 measured; 0 filtered out; finished in 0.00s

     Running tests/range.rs (target/debug/deps/range-13f835555bb07aac)

running 5 tests
test gen_range_handles_full_i64_span ... ok
test gen_range_handles_large_u64_domains ... ok
test gen_range_respects_usize_full_range ... ok
test gen_range_supports_i32_edges ... ok
test gen_range_supports_u32_edges ... ok

test result: ok. 5 passed; 0 failed; 0 ignored; 0 measured; 0 filtered out; finished in 0.00s

     Running tests/seq.rs (target/debug/deps/seq-095391f674011c52)

running 3 tests
test choose_and_choose_mut_align_for_same_seed ... ok
test choose_multiple_draws_unique_values ... ok
test fill_produces_deterministic_bytes ... ok

test result: ok. 3 passed; 0 failed; 0 ignored; 0 measured; 0 filtered out; finished in 0.00s

     Running unittests src/lib.rs (target/debug/deps/rand_core-7444786c9eb841fe)

running 0 tests

test result: ok. 0 passed; 0 failed; 0 ignored; 0 measured; 0 filtered out; finished in 0.00s

     Running unittests src/lib.rs (target/debug/deps/release_notes-dfc2c8f3342936e7)

running 5 tests
test tests::change_summary_formats_human_readable_delta ... ok
test tests::filter_excludes_earlier_entries ... ok
test tests::summary_serialises_to_json_value ... ok
test tests::summary_tracks_updates_and_latest ... ok
test tests::tracks_added_and_removed_backends ... ok

test result: ok. 5 passed; 0 failed; 0 ignored; 0 measured; 0 filtered out; finished in 0.00s

     Running unittests src/main.rs (target/debug/deps/release_notes-b7eb30c195164fe1)

running 0 tests

test result: ok. 0 passed; 0 failed; 0 ignored; 0 measured; 0 filtered out; finished in 0.00s

     Running tests/cli.rs (target/debug/deps/cli-a418228d3a72d4dd)

running 2 tests
test json_output_produces_valid_payload ... ok
test text_output_retains_human_readable_summary ... ok

test result: ok. 2 passed; 0 failed; 0 ignored; 0 measured; 0 filtered out; finished in 0.01s

     Running unittests src/lib.rs (target/debug/deps/release_tests-d7198617b2c6e4cb)

running 0 tests

test result: ok. 0 passed; 0 failed; 0 ignored; 0 measured; 0 filtered out; finished in 0.00s

     Running tests/chaos_xtask.rs (target/debug/deps/chaos_xtask-089c02447cb27275)

running 3 tests
test chaos_xtask_archives_and_reports_failover ...    Compiling foundation_time v0.1.0 (/Users/ianreitsma/projects/the-block/crates/foundation_time)
   Compiling runtime v0.1.0 (/Users/ianreitsma/projects/the-block/crates/runtime)
   Compiling foundation_tls v0.1.0 (/Users/ianreitsma/projects/the-block/crates/foundation_tls)
   Compiling diagnostics v0.1.0 (/Users/ianreitsma/projects/the-block/crates/diagnostics)
   Compiling foundation_regex v0.1.0 (/Users/ianreitsma/projects/the-block/crates/foundation_regex)
   Compiling httpd v0.1.0 (/Users/ianreitsma/projects/the-block/crates/httpd)
   Compiling monitoring-build v0.1.0 (/Users/ianreitsma/projects/the-block/monitoring)
   Compiling dependency_guard v0.1.0 (/Users/ianreitsma/projects/the-block/crates/dependency_guard)
   Compiling xtask v0.1.0 (/Users/ianreitsma/projects/the-block/tools/xtask)
   Compiling http_env v0.1.0 (/Users/ianreitsma/projects/the-block/crates/http_env)
   Compiling cli_core v0.1.0 (/Users/ianreitsma/projects/the-block/crates/cli_core)
    Finished `dev` profile [unoptimized + debuginfo] target(s) in 14.12s
     Running `target/debug/xtask chaos --out-dir /var/folders/r9/vnqtxkjj7rqg1r5xt05zwjnw0000gn/T/sys-1880829f3951bb180/chaos --steps 12 --nodes 12 --archive-dir /var/folders/r9/vnqtxkjj7rqg1r5xt05zwjnw0000gn/T/sys-1880829f3951bb180/archive --archive-label integration-test --publish-dir /var/folders/r9/vnqtxkjj7rqg1r5xt05zwjnw0000gn/T/sys-1880829f3951bb180/publish`
[chaos-lab] TB_CHAOS_SIGNING_KEY missing; generating ephemeral signing key
[DEBUG] chaos -- chaos readiness updated | 0, overlay=1, storage=1, compute=1 (sim/src/chaos.rs:316::tb_sim::chaos)
[DEBUG] chaos -- chaos readiness updated | 1, overlay=1, storage=1, compute=1 (sim/src/chaos.rs:316::tb_sim::chaos)
[DEBUG] chaos -- chaos readiness updated | 2, overlay=1, storage=1, compute=1 (sim/src/chaos.rs:316::tb_sim::chaos)
[DEBUG] chaos -- chaos readiness updated | 3, overlay=1, storage=1, compute=1 (sim/src/chaos.rs:316::tb_sim::chaos)
[DEBUG] chaos -- chaos readiness updated | 4, overlay=1, storage=1, compute=1 (sim/src/chaos.rs:316::tb_sim::chaos)
[WARN] chaos -- chaos scenario breached SLA | scenario=overlay-wide-partition, module=overlay, readiness=0.8464645032424091, threshold=0.9 (sim/src/chaos.rs:305::tb_sim::chaos)
[DEBUG] chaos -- chaos readiness updated | 5, overlay=0.8464645032424091, storage=1, compute=1 (sim/src/chaos.rs:316::tb_sim::chaos)
[WARN] chaos -- chaos scenario breached SLA | scenario=overlay-wide-partition, module=overlay, readiness=0.7368089126532898, threshold=0.9 (sim/src/chaos.rs:305::tb_sim::chaos)
[DEBUG] chaos -- chaos readiness updated | 6, overlay=0.7368089126532898, storage=1, compute=1 (sim/src/chaos.rs:316::tb_sim::chaos)
[WARN] chaos -- chaos scenario breached SLA | scenario=overlay-wide-partition, module=overlay, readiness=0.6064818795140602, threshold=0.9 (sim/src/chaos.rs:305::tb_sim::chaos)
[DEBUG] chaos -- chaos readiness updated | 7, overlay=0.6064818795140602, storage=1, compute=1 (sim/src/chaos.rs:316::tb_sim::chaos)
[WARN] chaos -- chaos scenario breached SLA | scenario=overlay-wide-partition, module=overlay, readiness=0.527423670798124, threshold=0.9 (sim/src/chaos.rs:305::tb_sim::chaos)
[DEBUG] chaos -- chaos readiness updated | 8, overlay=0.527423670798124, storage=1, compute=1 (sim/src/chaos.rs:316::tb_sim::chaos)
[WARN] chaos -- chaos scenario breached SLA | scenario=overlay-wide-partition, module=overlay, readiness=0.4537347996683234, threshold=0.9 (sim/src/chaos.rs:305::tb_sim::chaos)
[DEBUG] chaos -- chaos readiness updated | 9, overlay=0.4537347996683234, storage=1, compute=1 (sim/src/chaos.rs:316::tb_sim::chaos)
[WARN] chaos -- chaos scenario breached SLA | scenario=overlay-wide-partition, module=overlay, readiness=0.3808893556332216, threshold=0.9 (sim/src/chaos.rs:305::tb_sim::chaos)
[WARN] chaos -- chaos scenario breached SLA | scenario=storage-dht-failure, module=storage, readiness=0.7970793558649126, threshold=0.88 (sim/src/chaos.rs:305::tb_sim::chaos)
[DEBUG] chaos -- chaos readiness updated | 10, overlay=0.3808893556332216, storage=0.7970793558649126, compute=1 (sim/src/chaos.rs:316::tb_sim::chaos)
[WARN] chaos -- chaos scenario breached SLA | scenario=overlay-wide-partition, module=overlay, readiness=0.31886152957911174, threshold=0.9 (sim/src/chaos.rs:305::tb_sim::chaos)
[WARN] chaos -- chaos scenario breached SLA | scenario=storage-dht-failure, module=storage, readiness=0.6632742789692657, threshold=0.88 (sim/src/chaos.rs:305::tb_sim::chaos)
[DEBUG] chaos -- chaos readiness updated | 11, overlay=0.31886152957911174, storage=0.6632742789692657, compute=1 (sim/src/chaos.rs:316::tb_sim::chaos)
[chaos-lab] wrote chaos status snapshot to /var/folders/r9/vnqtxkjj7rqg1r5xt05zwjnw0000gn/T/sys-1880829f3951bb180/chaos/status.snapshot.json
[chaos-lab] wrote 2 overlay readiness entries to /var/folders/r9/vnqtxkjj7rqg1r5xt05zwjnw0000gn/T/sys-1880829f3951bb180/chaos/overlay.readiness.json
[chaos-lab] no baseline provided; wrote empty chaos/status diff to /var/folders/r9/vnqtxkjj7rqg1r5xt05zwjnw0000gn/T/sys-1880829f3951bb180/chaos/status.diff.json
[chaos-lab] provider failover provider=foundation scenarios=1 diff_entries=1
[chaos-lab] provider failover provider=partner scenarios=1 diff_entries=1
[chaos-lab] captured 3 attestations for modules: compute,overlay,storage
[chaos-lab] verifier=112e2f366bea63157225a81ed12976f0a913e7b907c65a06e608efdafaaf8c84
[chaos-lab] archived chaos artefacts to /var/folders/r9/vnqtxkjj7rqg1r5xt05zwjnw0000gn/T/sys-1880829f3951bb180/archive/1765554774 (run 1765554774) bundle=1765554774.zip blake3=2ee99d35438b51ab8edd3c9c7a4e73632169d4a825ec49b422df2a68f80dfe8c
[chaos-lab] published bundle 1765554774.zip (blake3=2ee99d35438b51ab8edd3c9c7a4e73632169d4a825ec49b422df2a68f80dfe8c) to /var/folders/r9/vnqtxkjj7rqg1r5xt05zwjnw0000gn/T/sys-1880829f3951bb180/publish
[chaos-lab] mirrored archive run 1765554774 to /var/folders/r9/vnqtxkjj7rqg1r5xt05zwjnw0000gn/T/sys-1880829f3951bb180/publish
chaos snapshots captured:
  compute  1
  overlay  1
  storage  1
overlay readiness rows: 2 (providers: 2)
    modules:
      overlay          rows=2
    readiness deltas: improvements=0 regressions=0 provider-changes=0
    duplicate site entries detected: 0 (2 unique sites)
    scenarios:
      overlay-wide-partition rows=2   readiness=0.319
chaos/status diff entries: 0
provider failover drills:
  foundation   scenarios=1 diff_entries=1
    overlay-wide-partition sites=1  readiness 0.319 -> 0.000 diff=1
  partner      scenarios=1 diff_entries=1
    overlay-wide-partition sites=1  readiness 0.319 -> 0.000 diff=1
chaos archive latest manifest: /var/folders/r9/vnqtxkjj7rqg1r5xt05zwjnw0000gn/T/sys-1880829f3951bb180/archive/latest.json
chaos archive run 1765554774 label integration-test
chaos archive manifest: /var/folders/r9/vnqtxkjj7rqg1r5xt05zwjnw0000gn/T/sys-1880829f3951bb180/archive/1765554774/manifest.json (blake3=682d39e826d245b371bd53c1df03477155d764633f0b3214d0779f7c76faa094 bytes=1015)
chaos archive bundle: /var/folders/r9/vnqtxkjj7rqg1r5xt05zwjnw0000gn/T/sys-1880829f3951bb180/archive/1765554774.zip (blake3=2ee99d35438b51ab8edd3c9c7a4e73632169d4a825ec49b422df2a68f80dfe8c bytes=11405)
chaos archive mirrored to /var/folders/r9/vnqtxkjj7rqg1r5xt05zwjnw0000gn/T/sys-1880829f3951bb180/publish
chaos archive mirrored manifest path: /var/folders/r9/vnqtxkjj7rqg1r5xt05zwjnw0000gn/T/sys-1880829f3951bb180/publish/1765554774/manifest.json
chaos archive mirrored bundle path: /var/folders/r9/vnqtxkjj7rqg1r5xt05zwjnw0000gn/T/sys-1880829f3951bb180/publish/1765554774.zip
ok
test chaos_xtask_produces_overlay_diff_with_baseline ...     Finished `dev` profile [unoptimized + debuginfo] target(s) in 0.08s
     Running `target/debug/xtask chaos --out-dir /var/folders/r9/vnqtxkjj7rqg1r5xt05zwjnw0000gn/T/sys-188082be7fe222b01/first --steps 12 --nodes 14 --archive-dir /var/folders/r9/vnqtxkjj7rqg1r5xt05zwjnw0000gn/T/sys-188082be7fe222b01/archive2`
[chaos-lab] TB_CHAOS_SIGNING_KEY missing; generating ephemeral signing key
[DEBUG] chaos -- chaos readiness updated | 0, overlay=1, storage=1, compute=1 (sim/src/chaos.rs:316::tb_sim::chaos)
[DEBUG] chaos -- chaos readiness updated | 1, overlay=1, storage=1, compute=1 (sim/src/chaos.rs:316::tb_sim::chaos)
[DEBUG] chaos -- chaos readiness updated | 2, overlay=1, storage=1, compute=1 (sim/src/chaos.rs:316::tb_sim::chaos)
[DEBUG] chaos -- chaos readiness updated | 3, overlay=1, storage=1, compute=1 (sim/src/chaos.rs:316::tb_sim::chaos)
[DEBUG] chaos -- chaos readiness updated | 4, overlay=1, storage=1, compute=1 (sim/src/chaos.rs:316::tb_sim::chaos)
[WARN] chaos -- chaos scenario breached SLA | scenario=overlay-wide-partition, module=overlay, readiness=0.8450690078210541, threshold=0.9 (sim/src/chaos.rs:305::tb_sim::chaos)
[DEBUG] chaos -- chaos readiness updated | 5, overlay=0.8450690078210541, storage=1, compute=1 (sim/src/chaos.rs:316::tb_sim::chaos)
[WARN] chaos -- chaos scenario breached SLA | scenario=overlay-wide-partition, module=overlay, readiness=0.6985252293180848, threshold=0.9 (sim/src/chaos.rs:305::tb_sim::chaos)
[DEBUG] chaos -- chaos readiness updated | 6, overlay=0.6985252293180848, storage=1, compute=1 (sim/src/chaos.rs:316::tb_sim::chaos)
[WARN] chaos -- chaos scenario breached SLA | scenario=overlay-wide-partition, module=overlay, readiness=0.5822177374509814, threshold=0.9 (sim/src/chaos.rs:305::tb_sim::chaos)
[DEBUG] chaos -- chaos readiness updated | 7, overlay=0.5822177374509814, storage=1, compute=1 (sim/src/chaos.rs:316::tb_sim::chaos)
[WARN] chaos -- chaos scenario breached SLA | scenario=overlay-wide-partition, module=overlay, readiness=0.48834673285926733, threshold=0.9 (sim/src/chaos.rs:305::tb_sim::chaos)
[DEBUG] chaos -- chaos readiness updated | 8, overlay=0.48834673285926733, storage=1, compute=1 (sim/src/chaos.rs:316::tb_sim::chaos)
[WARN] chaos -- chaos scenario breached SLA | scenario=overlay-wide-partition, module=overlay, readiness=0.4049827415702868, threshold=0.9 (sim/src/chaos.rs:305::tb_sim::chaos)
[DEBUG] chaos -- chaos readiness updated | 9, overlay=0.4049827415702868, storage=1, compute=1 (sim/src/chaos.rs:316::tb_sim::chaos)
[WARN] chaos -- chaos scenario breached SLA | scenario=overlay-wide-partition, module=overlay, readiness=0.3438039355456608, threshold=0.9 (sim/src/chaos.rs:305::tb_sim::chaos)
[WARN] chaos -- chaos scenario breached SLA | scenario=storage-dht-failure, module=storage, readiness=0.8280691406913223, threshold=0.88 (sim/src/chaos.rs:305::tb_sim::chaos)
[DEBUG] chaos -- chaos readiness updated | 10, overlay=0.3438039355456608, storage=0.8280691406913223, compute=1 (sim/src/chaos.rs:316::tb_sim::chaos)
[WARN] chaos -- chaos scenario breached SLA | scenario=overlay-wide-partition, module=overlay, readiness=0.300441560403824, threshold=0.9 (sim/src/chaos.rs:305::tb_sim::chaos)
[WARN] chaos -- chaos scenario breached SLA | scenario=storage-dht-failure, module=storage, readiness=0.6629145036186342, threshold=0.88 (sim/src/chaos.rs:305::tb_sim::chaos)
[DEBUG] chaos -- chaos readiness updated | 11, overlay=0.300441560403824, storage=0.6629145036186342, compute=1 (sim/src/chaos.rs:316::tb_sim::chaos)
[chaos-lab] wrote chaos status snapshot to /var/folders/r9/vnqtxkjj7rqg1r5xt05zwjnw0000gn/T/sys-188082be7fe222b01/first/status.snapshot.json
[chaos-lab] wrote 2 overlay readiness entries to /var/folders/r9/vnqtxkjj7rqg1r5xt05zwjnw0000gn/T/sys-188082be7fe222b01/first/overlay.readiness.json
[chaos-lab] no baseline provided; wrote empty chaos/status diff to /var/folders/r9/vnqtxkjj7rqg1r5xt05zwjnw0000gn/T/sys-188082be7fe222b01/first/status.diff.json
[chaos-lab] provider failover provider=foundation scenarios=1 diff_entries=1
[chaos-lab] provider failover provider=partner scenarios=1 diff_entries=1
[chaos-lab] captured 3 attestations for modules: compute,overlay,storage
[chaos-lab] verifier=ef900bd30452a2d4c389ccdd9765c5239160dc3cdb7075727466a39519e4fa92
[chaos-lab] archived chaos artefacts to /var/folders/r9/vnqtxkjj7rqg1r5xt05zwjnw0000gn/T/sys-188082be7fe222b01/archive2/1765554808 (run 1765554808) bundle=1765554808.zip blake3=0a38d6034e881af8d217fe7c7c0fce1f068574ce482643197d51784a3e4f2cab
chaos snapshots captured:
  compute  1
  overlay  1
  storage  1
overlay readiness rows: 2 (providers: 2)
    modules:
      overlay          rows=2
    readiness deltas: improvements=0 regressions=0 provider-changes=0
    duplicate site entries detected: 0 (2 unique sites)
    scenarios:
      overlay-wide-partition rows=2   readiness=0.300
chaos/status diff entries: 0
provider failover drills:
  foundation   scenarios=1 diff_entries=1
    overlay-wide-partition sites=1  readiness 0.300 -> 0.000 diff=1
  partner      scenarios=1 diff_entries=1
    overlay-wide-partition sites=1  readiness 0.300 -> 0.000 diff=1
chaos archive latest manifest: /var/folders/r9/vnqtxkjj7rqg1r5xt05zwjnw0000gn/T/sys-188082be7fe222b01/archive2/latest.json
chaos archive run 1765554808
chaos archive manifest: /var/folders/r9/vnqtxkjj7rqg1r5xt05zwjnw0000gn/T/sys-188082be7fe222b01/archive2/1765554808/manifest.json (blake3=b99b1a9599d09539832cd0b7333a645f0b33ae6f15a7205a1e686c30797bc407 bytes=984)
chaos archive bundle: /var/folders/r9/vnqtxkjj7rqg1r5xt05zwjnw0000gn/T/sys-188082be7fe222b01/archive2/1765554808.zip (blake3=0a38d6034e881af8d217fe7c7c0fce1f068574ce482643197d51784a3e4f2cab bytes=11395)
    Finished `dev` profile [unoptimized + debuginfo] target(s) in 0.07s
     Running `target/debug/xtask chaos --out-dir /var/folders/r9/vnqtxkjj7rqg1r5xt05zwjnw0000gn/T/sys-188082be7fe222b01/second --steps 12 --nodes 14 --baseline /var/folders/r9/vnqtxkjj7rqg1r5xt05zwjnw0000gn/T/sys-188082be7fe222b01/first/status.baseline.json --require-diff`
[chaos-lab] TB_CHAOS_SIGNING_KEY missing; generating ephemeral signing key
[chaos-lab] loaded chaos/status baseline from /var/folders/r9/vnqtxkjj7rqg1r5xt05zwjnw0000gn/T/sys-188082be7fe222b01/first/status.baseline.json
[DEBUG] chaos -- chaos readiness updated | 0, overlay=1, storage=1, compute=1 (sim/src/chaos.rs:316::tb_sim::chaos)
[DEBUG] chaos -- chaos readiness updated | 1, overlay=1, storage=1, compute=1 (sim/src/chaos.rs:316::tb_sim::chaos)
[DEBUG] chaos -- chaos readiness updated | 2, overlay=1, storage=1, compute=1 (sim/src/chaos.rs:316::tb_sim::chaos)
[DEBUG] chaos -- chaos readiness updated | 3, overlay=1, storage=1, compute=1 (sim/src/chaos.rs:316::tb_sim::chaos)
[DEBUG] chaos -- chaos readiness updated | 4, overlay=1, storage=1, compute=1 (sim/src/chaos.rs:316::tb_sim::chaos)
[WARN] chaos -- chaos scenario breached SLA | scenario=overlay-wide-partition, module=overlay, readiness=0.8464645032424091, threshold=0.9 (sim/src/chaos.rs:305::tb_sim::chaos)
[DEBUG] chaos -- chaos readiness updated | 5, overlay=0.8464645032424091, storage=1, compute=1 (sim/src/chaos.rs:316::tb_sim::chaos)
[WARN] chaos -- chaos scenario breached SLA | scenario=overlay-wide-partition, module=overlay, readiness=0.7368089126532898, threshold=0.9 (sim/src/chaos.rs:305::tb_sim::chaos)
[DEBUG] chaos -- chaos readiness updated | 6, overlay=0.7368089126532898, storage=1, compute=1 (sim/src/chaos.rs:316::tb_sim::chaos)
[WARN] chaos -- chaos scenario breached SLA | scenario=overlay-wide-partition, module=overlay, readiness=0.6064818795140602, threshold=0.9 (sim/src/chaos.rs:305::tb_sim::chaos)
[DEBUG] chaos -- chaos readiness updated | 7, overlay=0.6064818795140602, storage=1, compute=1 (sim/src/chaos.rs:316::tb_sim::chaos)
[WARN] chaos -- chaos scenario breached SLA | scenario=overlay-wide-partition, module=overlay, readiness=0.527423670798124, threshold=0.9 (sim/src/chaos.rs:305::tb_sim::chaos)
[DEBUG] chaos -- chaos readiness updated | 8, overlay=0.527423670798124, storage=1, compute=1 (sim/src/chaos.rs:316::tb_sim::chaos)
[WARN] chaos -- chaos scenario breached SLA | scenario=overlay-wide-partition, module=overlay, readiness=0.4537347996683234, threshold=0.9 (sim/src/chaos.rs:305::tb_sim::chaos)
[DEBUG] chaos -- chaos readiness updated | 9, overlay=0.4537347996683234, storage=1, compute=1 (sim/src/chaos.rs:316::tb_sim::chaos)
[WARN] chaos -- chaos scenario breached SLA | scenario=overlay-wide-partition, module=overlay, readiness=0.3808893556332216, threshold=0.9 (sim/src/chaos.rs:305::tb_sim::chaos)
[WARN] chaos -- chaos scenario breached SLA | scenario=storage-dht-failure, module=storage, readiness=0.7970793558649126, threshold=0.88 (sim/src/chaos.rs:305::tb_sim::chaos)
[DEBUG] chaos -- chaos readiness updated | 10, overlay=0.3808893556332216, storage=0.7970793558649126, compute=1 (sim/src/chaos.rs:316::tb_sim::chaos)
[WARN] chaos -- chaos scenario breached SLA | scenario=overlay-wide-partition, module=overlay, readiness=0.31886152957911174, threshold=0.9 (sim/src/chaos.rs:305::tb_sim::chaos)
[WARN] chaos -- chaos scenario breached SLA | scenario=storage-dht-failure, module=storage, readiness=0.6632742789692657, threshold=0.88 (sim/src/chaos.rs:305::tb_sim::chaos)
[DEBUG] chaos -- chaos readiness updated | 11, overlay=0.31886152957911174, storage=0.6632742789692657, compute=1 (sim/src/chaos.rs:316::tb_sim::chaos)
[chaos-lab] wrote chaos status snapshot to /var/folders/r9/vnqtxkjj7rqg1r5xt05zwjnw0000gn/T/sys-188082be7fe222b01/second/status.snapshot.json
[chaos-lab] wrote 2 overlay readiness entries to /var/folders/r9/vnqtxkjj7rqg1r5xt05zwjnw0000gn/T/sys-188082be7fe222b01/second/overlay.readiness.json
[chaos-lab] chaos status diff entries=2 path=/var/folders/r9/vnqtxkjj7rqg1r5xt05zwjnw0000gn/T/sys-188082be7fe222b01/second/status.diff.json
[chaos-lab] provider failover provider=foundation scenarios=1 diff_entries=1
[chaos-lab] provider failover provider=partner scenarios=1 diff_entries=1
[chaos-lab] captured 3 attestations for modules: compute,overlay,storage
[chaos-lab] verifier=160ae91293431ad529311eea5f2ad97cda33dd2524b9dca8aa2aad875210a610
chaos snapshots captured:
  compute  1
  overlay  1
  storage  1
overlay readiness rows: 2 (providers: 2)
    modules:
      overlay          rows=2
    readiness deltas: improvements=2 regressions=0 provider-changes=0
    duplicate site entries detected: 0 (2 unique sites)
    scenarios:
      overlay-wide-partition rows=2   readiness=0.319
chaos/status diff entries: 2
  overlay overlay-wide-partition readiness 0.300 -> 0.319 added=0 removed=0 changed=2
provider failover drills:
  foundation   scenarios=1 diff_entries=1
    overlay-wide-partition sites=1  readiness 0.319 -> 0.000 diff=1
  partner      scenarios=1 diff_entries=1
    overlay-wide-partition sites=1  readiness 0.319 -> 0.000 diff=1
used existing chaos/status baseline at /var/folders/r9/vnqtxkjj7rqg1r5xt05zwjnw0000gn/T/sys-188082be7fe222b01/first/status.baseline.json
ok
test chaos_xtask_require_diff_fails_on_identical_baseline ...    Compiling proc-macro2 v1.0.103
   Compiling quote v1.0.42
   Compiling unicode-ident v1.0.22
   Compiling syn v2.0.111
error: failed to build archive at `/Users/ianreitsma/projects/the-block/target/debug/deps/libsyn-369876383ebcf7f3.rlib`: failed to open object file: No such file or directory (os error 2)

error: could not compile `syn` (lib) due to 1 previous error
FAILED

failures:

---- chaos_xtask_require_diff_fails_on_identical_baseline stdout ----

thread 'chaos_xtask_require_diff_fails_on_identical_baseline' panicked at tools/release_tests/tests/chaos_xtask.rs:161:5:
initial chaos run failed: ExitStatus(unix_wait_status(25856))
note: run with `RUST_BACKTRACE=1` environment variable to display a backtrace


failures:
    chaos_xtask_require_diff_fails_on_identical_baseline

test result: FAILED. 2 passed; 1 failed; 0 ignored; 0 measured; 0 filtered out; finished in 216.17s

error: test failed, to rerun pass `-p release_tests --test chaos_xtask`
